#
# A fatal error has been detected by the Java Runtime Environment:
#
#  EXCEPTION_ACCESS_VIOLATION (0xc0000005) at pc=0x00000000542ad411, pid=5516, tid=19920
#
# JRE version: Java(TM) SE Runtime Environment (9.0+11) (build 9.0.4+11)
# Java VM: Java HotSpot(TM) 64-Bit Server VM (9.0.4+11, mixed mode, tiered, compressed oops, g1 gc, windows-amd64)
# Problematic frame:
# V  [jvm.dll+0x37d411]
#
# No core dump will be written. Minidumps are not enabled by default on client versions of Windows
#
# If you would like to submit a bug report, please visit:
#   http://bugreport.java.com/bugreport/crash.jsp
#

---------------  S U M M A R Y ------------

Command Line: -agentlib:jdwp=transport=dt_socket,address=127.0.0.1:57611,suspend=y,server=n -Djava.library.path=C:\Users\John Doe\Documents\R\win-library\3.4\rJava\jri\x64 -javaagent:C:\Users\JOHNDO~1\AppData\Local\Temp\capture405jars\debugger-agent.jar=C:\Users\JOHNDO~1\AppData\Local\Temp\capture275.props -Dfile.encoding=UTF-8 sample.Main

Host: AMD FX-8320E Eight-Core Processor              , 8 cores, 15G,  Windows 10 , 64 bit Build 16299 (10.0.16299.15)
Time: Thu Jan 25 17:48:12 2018 W. Europe Standard Time elapsed time: 2 seconds (0d 0h 0m 2s)

---------------  T H R E A D  ---------------

Current thread (0x0000016d5e3e3800):  JavaThread "main" [_thread_in_vm, id=19920, stack(0x0000002bbd600000,0x0000002bbd700000)]

Stack: [0x0000002bbd600000,0x0000002bbd700000],  sp=0x0000002bbd6d91c0,  free space=868k
Native frames: (J=compiled Java code, j=interpreted, Vv=VM code, C=native code)
V  [jvm.dll+0x37d411]
C  [rJava.dll+0x4beb]
C  [rJava.dll+0x4c12]
C  [rJava.dll+0x7f8f]
C  [rJava.dll+0x57f8]
C  [rJava.dll+0x582a]
C  [R.dll+0x98774]
C  [R.dll+0xf0053]
C  [R.dll+0xf3af2]
C  [R.dll+0xefee5]
C  [R.dll+0xf1ce0]
C  [R.dll+0xf2002]
C  [R.dll+0xe4599]
C  [R.dll+0xefac1]
C  [R.dll+0xf1ce0]
C  [R.dll+0xf2002]
C  [R.dll+0xefc57]
C  [R.dll+0xf290d]
C  [R.dll+0xefe2e]
C  [R.dll+0xf5f48]
C  [R.dll+0xefe2e]
C  [R.dll+0xf290d]
C  [R.dll+0xefe2e]
C  [R.dll+0xefe2e]
C  [R.dll+0xf290d]
C  [R.dll+0xefe2e]
C  [R.dll+0xf1ce0]
C  [R.dll+0xf2002]
C  [R.dll+0xefc57]
C  [R.dll+0xf033c]
C  [R.dll+0xea864]
C  [R.dll+0xefac1]
C  [R.dll+0xf033c]
C  [R.dll+0xea864]
C  [R.dll+0xefac1]
C  [R.dll+0xf033c]
C  [R.dll+0xea864]
C  [R.dll+0xefac1]
C  [R.dll+0xf033c]
C  [R.dll+0xea864]
C  [R.dll+0xefac1]
C  [R.dll+0xf033c]
C  [R.dll+0xea864]
C  [R.dll+0xefac1]
C  [R.dll+0xf1ce0]
C  [R.dll+0xf2002]
C  [R.dll+0xe4599]
C  [R.dll+0xefac1]
C  [R.dll+0xf1ce0]
C  [R.dll+0xf2002]
C  [R.dll+0xe4599]
C  [R.dll+0xefac1]
C  [R.dll+0xf1ce0]
C  [R.dll+0xf2002]
C  [R.dll+0xe4599]
C  [R.dll+0xefac1]
C  [R.dll+0xf1ce0]
C  [R.dll+0xf2002]
C  [R.dll+0xe4599]
C  [R.dll+0xefac1]
C  [R.dll+0xf1ce0]
C  [R.dll+0xf2002]
C  [R.dll+0xefc57]
C  [R.dll+0xf3966]
C  [R.dll+0xefe2e]
C  [R.dll+0xf290d]
C  [R.dll+0xefe2e]
C  [R.dll+0xefe2e]
C  [R.dll+0xf290d]
C  [R.dll+0xefe2e]
C  [R.dll+0xefe2e]
C  [R.dll+0xf290d]
C  [R.dll+0xefe2e]
C  [R.dll+0xf1ce0]
C  [R.dll+0xf2002]
C  [R.dll+0xefc57]
C  [R.dll+0xefe2e]
C  [R.dll+0xf290d]
C  [R.dll+0xefe2e]
C  [R.dll+0xf1ce0]
C  [R.dll+0xf2002]
C  [R.dll+0xefc57]
C  [R.dll+0xf290d]
C  [R.dll+0xefe2e]
C  [R.dll+0xf1ce0]
C  [R.dll+0xf2002]
C  [R.dll+0xe4599]
C  [R.dll+0xefac1]
C  [R.dll+0xf033c]
C  [R.dll+0xea864]
C  [R.dll+0xefac1]
C  [R.dll+0xf033c]
C  [R.dll+0xea864]
C  [R.dll+0xefac1]
C  [R.dll+0xf033c]
C  [R.dll+0xea864]
C  [R.dll+0xefac1]
C  [R.dll+0xf033c]
C  [R.dll+0xea864]
...<more frames>...

Java frames: (J=compiled Java code, j=interpreted, Vv=VM code)
j  org.rosuda.JRI.Rengine.rniEval(JJ)J+0
j  org.rosuda.JRI.Rengine.eval(Ljava/lang/String;Z)Lorg/rosuda/JRI/REXP;+69
j  org.rosuda.JRI.Rengine.eval(Ljava/lang/String;)Lorg/rosuda/JRI/REXP;+3
j  sample.Main.main([Ljava/lang/String;)V+20
v  ~StubRoutines::call_stub
j  jdk.internal.reflect.NativeMethodAccessorImpl.invoke0(Ljava/lang/reflect/Method;Ljava/lang/Object;[Ljava/lang/Object;)Ljava/lang/Object;+0 java.base@9.0.4
j  jdk.internal.reflect.NativeMethodAccessorImpl.invoke(Ljava/lang/Object;[Ljava/lang/Object;)Ljava/lang/Object;+100 java.base@9.0.4
j  jdk.internal.reflect.DelegatingMethodAccessorImpl.invoke(Ljava/lang/Object;[Ljava/lang/Object;)Ljava/lang/Object;+6 java.base@9.0.4
j  java.lang.reflect.Method.invoke(Ljava/lang/Object;[Ljava/lang/Object;)Ljava/lang/Object;+59 java.base@9.0.4
j  com.sun.javafx.application.LauncherImpl.launchApplicationWithArgs(Lcom/sun/javafx/application/ModuleAccess;Ljava/lang/String;Ljava/lang/String;[Ljava/lang/String;)V+147 javafx.graphics@9.0.4
j  com.sun.javafx.application.LauncherImpl.launchApplication(Ljava/lang/String;Ljava/lang/String;[Ljava/lang/String;)V+512 javafx.graphics@9.0.4
v  ~StubRoutines::call_stub
j  jdk.internal.reflect.NativeMethodAccessorImpl.invoke0(Ljava/lang/reflect/Method;Ljava/lang/Object;[Ljava/lang/Object;)Ljava/lang/Object;+0 java.base@9.0.4
j  jdk.internal.reflect.NativeMethodAccessorImpl.invoke(Ljava/lang/Object;[Ljava/lang/Object;)Ljava/lang/Object;+100 java.base@9.0.4
j  jdk.internal.reflect.DelegatingMethodAccessorImpl.invoke(Ljava/lang/Object;[Ljava/lang/Object;)Ljava/lang/Object;+6 java.base@9.0.4
j  java.lang.reflect.Method.invoke(Ljava/lang/Object;[Ljava/lang/Object;)Ljava/lang/Object;+59 java.base@9.0.4
j  sun.launcher.LauncherHelper$FXHelper.main([Ljava/lang/String;)V+52 java.base@9.0.4
v  ~StubRoutines::call_stub

siginfo: EXCEPTION_ACCESS_VIOLATION (0xc0000005), reading address 0x0000000000000000


Register to memory mapping:

RIP=0x00000000542ad411 jvm.dll
RAX=0x0000000000000000 is an unknown value
RBX=0x0000016d5e3e3800 is a thread
RCX=0x0000000000000380 is an unknown value
RDX=0x0000000000000000 is an unknown value
RSP=0x0000002bbd6d91c0 is pointing into the stack for thread: 0x0000016d5e3e3800
RBP=0x0000002bbd6d92b8 is pointing into the stack for thread: 0x0000016d5e3e3800
RSI=0x0000000000000000 is an unknown value
RDI=0x0000016d5e3e3a18 is an unknown value
R8 =0x0000000000000000 is an unknown value
R9 =0x0000016d06b18c20 is an unknown value
R10=0x000000005482f220 jvm.dll
R11=0x000000000000005c is an unknown value
R12=0x0000016d11127f18 is an unknown value
R13=0x0000000000000000 is an unknown value
R14=0x0000016d08460788 is an unknown value
R15=0x000000006e57d4b0 R.dll


Registers:
RAX=0x0000000000000000, RBX=0x0000016d5e3e3800, RCX=0x0000000000000380, RDX=0x0000000000000000
RSP=0x0000002bbd6d91c0, RBP=0x0000002bbd6d92b8, RSI=0x0000000000000000, RDI=0x0000016d5e3e3a18
R8 =0x0000000000000000, R9 =0x0000016d06b18c20, R10=0x000000005482f220, R11=0x000000000000005c
R12=0x0000016d11127f18, R13=0x0000000000000000, R14=0x0000016d08460788, R15=0x000000006e57d4b0
RIP=0x00000000542ad411, EFLAGS=0x0000000000010246

Top of Stack: (sp=0x0000002bbd6d91c0)
0x0000002bbd6d91c0:   0000016d111270b0 0000016d08460788
0x0000002bbd6d91d0:   000000006e57d4b0 0000016d08460788
0x0000002bbd6d91e0:   000000006ca59d90 000000006e57d2b0
0x0000002bbd6d91f0:   0000016d11127f18 000000006ca59d7c
0x0000002bbd6d9200:   0000016d112f7e58 000000000000000c
0x0000002bbd6d9210:   0000016d06b18c20 0000016d5e3e3800
0x0000002bbd6d9220:   0000000000000000 0000016d5e3e12f0
0x0000002bbd6d9230:   000000006e45d57c 0000016d11127f88
0x0000002bbd6d9240:   0000016d08460788 0000000000000000
0x0000002bbd6d9250:   0000016d11127f18 0000000064087e92
0x0000002bbd6d9260:   0000016d5e3e3800 000000005412caaf
0x0000002bbd6d9270:   0000016d5e3e3800 0000000000000000
0x0000002bbd6d9280:   0000016d06b18c20 000000006e45d57c
0x0000002bbd6d9290:   0000000000000001 0000000064084beb
0x0000002bbd6d92a0:   000000006e45d57c 0000000000000039
0x0000002bbd6d92b0:   0000000000000000 0000016d06b18c20 

Instructions: (pc=0x00000000542ad411)
0x00000000542ad3f1:   4c 24 58 e8 07 b9 23 00 48 8b 84 24 f0 00 00 00
0x00000000542ad401:   c7 44 24 48 0c 00 00 00 48 8d ac 24 f8 00 00 00
0x00000000542ad411:   48 8b 08 48 89 6c 24 40 48 8b 51 08 48 8d 4c 24
0x00000000542ad421:   78 0f b7 42 2c 48 8b 52 08 48 8b 54 c2 48 e8 3c 



---------------  P R O C E S S  ---------------

Java Threads: ( => current thread )
  0x0000016d0952e000 JavaThread "Thread-2" [_thread_blocked, id=8680, stack(0x0000002bc0700000,0x0000002bc0800000)]
  0x0000016d08f10800 JavaThread "Thread-1" daemon [_thread_in_native, id=16212, stack(0x0000002bc0600000,0x0000002bc0700000)]
  0x0000016d08d51000 JavaThread "JavaFX Application Thread" [_thread_in_native, id=7908, stack(0x0000002bbff00000,0x0000002bc0000000)]
  0x0000016d088dd800 JavaThread "InvokeLaterDispatcher" daemon [_thread_blocked, id=13368, stack(0x0000002bbfe00000,0x0000002bbff00000)]
  0x0000016d07b08000 JavaThread "QuantumRenderer-0" daemon [_thread_blocked, id=18788, stack(0x0000002bbfb00000,0x0000002bbfc00000)]
  0x0000016d075e4000 JavaThread "Service Thread" daemon [_thread_blocked, id=20076, stack(0x0000002bbf900000,0x0000002bbfa00000)]
  0x0000016d0758c000 JavaThread "JDWP Command Reader" daemon [_thread_in_native, id=21068, stack(0x0000002bbf800000,0x0000002bbf900000)]
  0x0000016d07583000 JavaThread "JDWP Event Helper Thread" daemon [_thread_blocked, id=1464, stack(0x0000002bbf700000,0x0000002bbf800000)]
  0x0000016d07574800 JavaThread "JDWP Transport Listener: dt_socket" daemon [_thread_blocked, id=20896, stack(0x0000002bbf600000,0x0000002bbf700000)]
  0x0000016d0745b800 JavaThread "Common-Cleaner" daemon [_thread_blocked, id=20564, stack(0x0000002bbf500000,0x0000002bbf600000)]
  0x0000016d073a9800 JavaThread "Sweeper thread" daemon [_thread_blocked, id=11928, stack(0x0000002bbf400000,0x0000002bbf500000)]
  0x0000016d0733e800 JavaThread "C1 CompilerThread3" daemon [_thread_blocked, id=5884, stack(0x0000002bbf300000,0x0000002bbf400000)]
  0x0000016d0733d800 JavaThread "C2 CompilerThread2" daemon [_thread_blocked, id=10644, stack(0x0000002bbf200000,0x0000002bbf300000)]
  0x0000016d0733d000 JavaThread "C2 CompilerThread1" daemon [_thread_blocked, id=17588, stack(0x0000002bbf100000,0x0000002bbf200000)]
  0x0000016d0733c000 JavaThread "C2 CompilerThread0" daemon [_thread_blocked, id=8984, stack(0x0000002bbf000000,0x0000002bbf100000)]
  0x0000016d0738e800 JavaThread "Attach Listener" daemon [_thread_blocked, id=19772, stack(0x0000002bbef00000,0x0000002bbf000000)]
  0x0000016d06b2e800 JavaThread "Signal Dispatcher" daemon [_thread_blocked, id=20772, stack(0x0000002bbee00000,0x0000002bbef00000)]
  0x0000016d06b1d800 JavaThread "Finalizer" daemon [_thread_blocked, id=16240, stack(0x0000002bbed00000,0x0000002bbee00000)]
  0x0000016d06b1d000 JavaThread "Reference Handler" daemon [_thread_blocked, id=19828, stack(0x0000002bbec00000,0x0000002bbed00000)]
=>0x0000016d5e3e3800 JavaThread "main" [_thread_in_vm, id=19920, stack(0x0000002bbd600000,0x0000002bbd700000)]

Other Threads:
  0x0000016d06b17000 VMThread "VM Thread" [stack: 0x0000002bbeb00000,0x0000002bbec00000] [id=420]
  0x0000016d075ab800 WatcherThread [stack: 0x0000002bbfa00000,0x0000002bbfb00000] [id=7448]
  0x0000016d5e3fb000 GCTaskThread "GC Thread#0" [stack: 0x0000002bbd700000,0x0000002bbd800000] [id=20628]
  0x0000016d5e3fc800 GCTaskThread "GC Thread#1" [stack: 0x0000002bbd800000,0x0000002bbd900000] [id=20252]
  0x0000016d5e400000 GCTaskThread "GC Thread#2" [stack: 0x0000002bbd900000,0x0000002bbda00000] [id=17216]
  0x0000016d5e402800 GCTaskThread "GC Thread#3" [stack: 0x0000002bbda00000,0x0000002bbdb00000] [id=7584]
  0x0000016d5e403800 GCTaskThread "GC Thread#4" [stack: 0x0000002bbdb00000,0x0000002bbdc00000] [id=6036]
  0x0000016d5e408000 GCTaskThread "GC Thread#5" [stack: 0x0000002bbdc00000,0x0000002bbdd00000] [id=18044]
  0x0000016d5e409000 GCTaskThread "GC Thread#6" [stack: 0x0000002bbdd00000,0x0000002bbde00000] [id=7352]
  0x0000016d5e410800 GCTaskThread "GC Thread#7" [stack: 0x0000002bbde00000,0x0000002bbdf00000] [id=19948]
  0x0000016d5e482000 ConcurrentGCThread "G1 Main Marker" [stack: 0x0000002bbe800000,0x0000002bbe900000] [id=4556]
  0x0000016d5e483000 ConcurrentGCThread "G1 Marker#0" [stack: 0x0000002bbe900000,0x0000002bbea00000] [id=17416]
  0x0000016d5e484800 ConcurrentGCThread "G1 Marker#1" [stack: 0x0000002bbea00000,0x0000002bbeb00000] [id=21384]
  0x0000016d5e422800 ConcurrentGCThread "G1 Refine#0" [stack: 0x0000002bbe600000,0x0000002bbe700000] [id=21424]
  0x0000016d5e428000 ConcurrentGCThread "G1 Refine#1" [stack: 0x0000002bbe500000,0x0000002bbe600000] [id=11072]
  0x0000016d5e426000 ConcurrentGCThread "G1 Refine#2" [stack: 0x0000002bbe400000,0x0000002bbe500000] [id=21344]
  0x0000016d5e424000 ConcurrentGCThread "G1 Refine#3" [stack: 0x0000002bbe300000,0x0000002bbe400000] [id=5636]
  0x0000016d5e425000 ConcurrentGCThread "G1 Refine#4" [stack: 0x0000002bbe200000,0x0000002bbe300000] [id=15780]
  0x0000016d5e423000 ConcurrentGCThread "G1 Refine#5" [stack: 0x0000002bbe100000,0x0000002bbe200000] [id=18372]
  0x0000016d5e419000 ConcurrentGCThread "G1 Refine#6" [stack: 0x0000002bbe000000,0x0000002bbe100000] [id=19152]
  0x0000016d5e414000 ConcurrentGCThread "G1 Refine#7" [stack: 0x0000002bbdf00000,0x0000002bbe000000] [id=10180]
  0x0000016d5e430800 ConcurrentGCThread "G1 Young RemSet Sampling" [stack: 0x0000002bbe700000,0x0000002bbe800000] [id=18696]

Threads with active compile tasks:

VM state:not at safepoint (normal execution)

VM Mutex/Monitor currently owned by a thread: None

Heap address: 0x00000006c1800000, size: 4072 MB, Compressed Oops mode: Zero based, Oop shift amount: 3
Narrow klass base: 0x0000000000000000, Narrow klass shift: 3
Compressed class space size: 1073741824 Address: 0x00000007c0000000

Heap:
 garbage-first heap   total 262144K, used 12288K [0x00000006c1800000, 0x00000006c1900800, 0x00000007c0000000)
  region size 1024K, 13 young (13312K), 0 survivors (0K)
 Metaspace       used 9412K, capacity 9826K, committed 9984K, reserved 1058816K
  class space    used 901K, capacity 1017K, committed 1024K, reserved 1048576K
Heap Regions: E=young(eden), S=young(survivor), O=old, HS=humongous(starts), HC=humongous(continues), CS=collection set, F=free, A=archive, TS=gc time stamp, AC=allocation context, TAMS=top-at-mark-start (previous, next)
|   0|0x00000006c1800000, 0x00000006c1800000, 0x00000006c1900000|  0%| F|  |TS  0|AC  0|TAMS 0x00000006c1800000, 0x00000006c1800000|
|   1|0x00000006c1900000, 0x00000006c1900000, 0x00000006c1a00000|  0%| F|  |TS  0|AC  0|TAMS 0x00000006c1900000, 0x00000006c1900000|
|   2|0x00000006c1a00000, 0x00000006c1a00000, 0x00000006c1b00000|  0%| F|  |TS  0|AC  0|TAMS 0x00000006c1a00000, 0x00000006c1a00000|
|   3|0x00000006c1b00000, 0x00000006c1b00000, 0x00000006c1c00000|  0%| F|  |TS  0|AC  0|TAMS 0x00000006c1b00000, 0x00000006c1b00000|
|   4|0x00000006c1c00000, 0x00000006c1c00000, 0x00000006c1d00000|  0%| F|  |TS  0|AC  0|TAMS 0x00000006c1c00000, 0x00000006c1c00000|
|   5|0x00000006c1d00000, 0x00000006c1d00000, 0x00000006c1e00000|  0%| F|  |TS  0|AC  0|TAMS 0x00000006c1d00000, 0x00000006c1d00000|
|   6|0x00000006c1e00000, 0x00000006c1e00000, 0x00000006c1f00000|  0%| F|  |TS  0|AC  0|TAMS 0x00000006c1e00000, 0x00000006c1e00000|
|   7|0x00000006c1f00000, 0x00000006c1f00000, 0x00000006c2000000|  0%| F|  |TS  0|AC  0|TAMS 0x00000006c1f00000, 0x00000006c1f00000|
|   8|0x00000006c2000000, 0x00000006c2000000, 0x00000006c2100000|  0%| F|  |TS  0|AC  0|TAMS 0x00000006c2000000, 0x00000006c2000000|
|   9|0x00000006c2100000, 0x00000006c2100000, 0x00000006c2200000|  0%| F|  |TS  0|AC  0|TAMS 0x00000006c2100000, 0x00000006c2100000|
|  10|0x00000006c2200000, 0x00000006c2200000, 0x00000006c2300000|  0%| F|  |TS  0|AC  0|TAMS 0x00000006c2200000, 0x00000006c2200000|
|  11|0x00000006c2300000, 0x00000006c2300000, 0x00000006c2400000|  0%| F|  |TS  0|AC  0|TAMS 0x00000006c2300000, 0x00000006c2300000|
|  12|0x00000006c2400000, 0x00000006c2400000, 0x00000006c2500000|  0%| F|  |TS  0|AC  0|TAMS 0x00000006c2400000, 0x00000006c2400000|
|  13|0x00000006c2500000, 0x00000006c2500000, 0x00000006c2600000|  0%| F|  |TS  0|AC  0|TAMS 0x00000006c2500000, 0x00000006c2500000|
|  14|0x00000006c2600000, 0x00000006c2600000, 0x00000006c2700000|  0%| F|  |TS  0|AC  0|TAMS 0x00000006c2600000, 0x00000006c2600000|
|  15|0x00000006c2700000, 0x00000006c2700000, 0x00000006c2800000|  0%| F|  |TS  0|AC  0|TAMS 0x00000006c2700000, 0x00000006c2700000|
|  16|0x00000006c2800000, 0x00000006c2800000, 0x00000006c2900000|  0%| F|  |TS  0|AC  0|TAMS 0x00000006c2800000, 0x00000006c2800000|
|  17|0x00000006c2900000, 0x00000006c2900000, 0x00000006c2a00000|  0%| F|  |TS  0|AC  0|TAMS 0x00000006c2900000, 0x00000006c2900000|
|  18|0x00000006c2a00000, 0x00000006c2a00000, 0x00000006c2b00000|  0%| F|  |TS  0|AC  0|TAMS 0x00000006c2a00000, 0x00000006c2a00000|
|  19|0x00000006c2b00000, 0x00000006c2b00000, 0x00000006c2c00000|  0%| F|  |TS  0|AC  0|TAMS 0x00000006c2b00000, 0x00000006c2b00000|
|  20|0x00000006c2c00000, 0x00000006c2c00000, 0x00000006c2d00000|  0%| F|  |TS  0|AC  0|TAMS 0x00000006c2c00000, 0x00000006c2c00000|
|  21|0x00000006c2d00000, 0x00000006c2d00000, 0x00000006c2e00000|  0%| F|  |TS  0|AC  0|TAMS 0x00000006c2d00000, 0x00000006c2d00000|
|  22|0x00000006c2e00000, 0x00000006c2e00000, 0x00000006c2f00000|  0%| F|  |TS  0|AC  0|TAMS 0x00000006c2e00000, 0x00000006c2e00000|
|  23|0x00000006c2f00000, 0x00000006c2f00000, 0x00000006c3000000|  0%| F|  |TS  0|AC  0|TAMS 0x00000006c2f00000, 0x00000006c2f00000|
|  24|0x00000006c3000000, 0x00000006c3000000, 0x00000006c3100000|  0%| F|  |TS  0|AC  0|TAMS 0x00000006c3000000, 0x00000006c3000000|
|  25|0x00000006c3100000, 0x00000006c3100000, 0x00000006c3200000|  0%| F|  |TS  0|AC  0|TAMS 0x00000006c3100000, 0x00000006c3100000|
|  26|0x00000006c3200000, 0x00000006c3200000, 0x00000006c3300000|  0%| F|  |TS  0|AC  0|TAMS 0x00000006c3200000, 0x00000006c3200000|
|  27|0x00000006c3300000, 0x00000006c3300000, 0x00000006c3400000|  0%| F|  |TS  0|AC  0|TAMS 0x00000006c3300000, 0x00000006c3300000|
|  28|0x00000006c3400000, 0x00000006c3400000, 0x00000006c3500000|  0%| F|  |TS  0|AC  0|TAMS 0x00000006c3400000, 0x00000006c3400000|
|  29|0x00000006c3500000, 0x00000006c3500000, 0x00000006c3600000|  0%| F|  |TS  0|AC  0|TAMS 0x00000006c3500000, 0x00000006c3500000|
|  30|0x00000006c3600000, 0x00000006c3600000, 0x00000006c3700000|  0%| F|  |TS  0|AC  0|TAMS 0x00000006c3600000, 0x00000006c3600000|
|  31|0x00000006c3700000, 0x00000006c3700000, 0x00000006c3800000|  0%| F|  |TS  0|AC  0|TAMS 0x00000006c3700000, 0x00000006c3700000|
|  32|0x00000006c3800000, 0x00000006c3800000, 0x00000006c3900000|  0%| F|  |TS  0|AC  0|TAMS 0x00000006c3800000, 0x00000006c3800000|
|  33|0x00000006c3900000, 0x00000006c3900000, 0x00000006c3a00000|  0%| F|  |TS  0|AC  0|TAMS 0x00000006c3900000, 0x00000006c3900000|
|  34|0x00000006c3a00000, 0x00000006c3a00000, 0x00000006c3b00000|  0%| F|  |TS  0|AC  0|TAMS 0x00000006c3a00000, 0x00000006c3a00000|
|  35|0x00000006c3b00000, 0x00000006c3b00000, 0x00000006c3c00000|  0%| F|  |TS  0|AC  0|TAMS 0x00000006c3b00000, 0x00000006c3b00000|
|  36|0x00000006c3c00000, 0x00000006c3c00000, 0x00000006c3d00000|  0%| F|  |TS  0|AC  0|TAMS 0x00000006c3c00000, 0x00000006c3c00000|
|  37|0x00000006c3d00000, 0x00000006c3d00000, 0x00000006c3e00000|  0%| F|  |TS  0|AC  0|TAMS 0x00000006c3d00000, 0x00000006c3d00000|
|  38|0x00000006c3e00000, 0x00000006c3e00000, 0x00000006c3f00000|  0%| F|  |TS  0|AC  0|TAMS 0x00000006c3e00000, 0x00000006c3e00000|
|  39|0x00000006c3f00000, 0x00000006c3f00000, 0x00000006c4000000|  0%| F|  |TS  0|AC  0|TAMS 0x00000006c3f00000, 0x00000006c3f00000|
|  40|0x00000006c4000000, 0x00000006c4000000, 0x00000006c4100000|  0%| F|  |TS  0|AC  0|TAMS 0x00000006c4000000, 0x00000006c4000000|
|  41|0x00000006c4100000, 0x00000006c4100000, 0x00000006c4200000|  0%| F|  |TS  0|AC  0|TAMS 0x00000006c4100000, 0x00000006c4100000|
|  42|0x00000006c4200000, 0x00000006c4200000, 0x00000006c4300000|  0%| F|  |TS  0|AC  0|TAMS 0x00000006c4200000, 0x00000006c4200000|
|  43|0x00000006c4300000, 0x00000006c4300000, 0x00000006c4400000|  0%| F|  |TS  0|AC  0|TAMS 0x00000006c4300000, 0x00000006c4300000|
|  44|0x00000006c4400000, 0x00000006c4400000, 0x00000006c4500000|  0%| F|  |TS  0|AC  0|TAMS 0x00000006c4400000, 0x00000006c4400000|
|  45|0x00000006c4500000, 0x00000006c4500000, 0x00000006c4600000|  0%| F|  |TS  0|AC  0|TAMS 0x00000006c4500000, 0x00000006c4500000|
|  46|0x00000006c4600000, 0x00000006c4600000, 0x00000006c4700000|  0%| F|  |TS  0|AC  0|TAMS 0x00000006c4600000, 0x00000006c4600000|
|  47|0x00000006c4700000, 0x00000006c4700000, 0x00000006c4800000|  0%| F|  |TS  0|AC  0|TAMS 0x00000006c4700000, 0x00000006c4700000|
|  48|0x00000006c4800000, 0x00000006c4800000, 0x00000006c4900000|  0%| F|  |TS  0|AC  0|TAMS 0x00000006c4800000, 0x00000006c4800000|
|  49|0x00000006c4900000, 0x00000006c4900000, 0x00000006c4a00000|  0%| F|  |TS  0|AC  0|TAMS 0x00000006c4900000, 0x00000006c4900000|
|  50|0x00000006c4a00000, 0x00000006c4a00000, 0x00000006c4b00000|  0%| F|  |TS  0|AC  0|TAMS 0x00000006c4a00000, 0x00000006c4a00000|
|  51|0x00000006c4b00000, 0x00000006c4b00000, 0x00000006c4c00000|  0%| F|  |TS  0|AC  0|TAMS 0x00000006c4b00000, 0x00000006c4b00000|
|  52|0x00000006c4c00000, 0x00000006c4c00000, 0x00000006c4d00000|  0%| F|  |TS  0|AC  0|TAMS 0x00000006c4c00000, 0x00000006c4c00000|
|  53|0x00000006c4d00000, 0x00000006c4d00000, 0x00000006c4e00000|  0%| F|  |TS  0|AC  0|TAMS 0x00000006c4d00000, 0x00000006c4d00000|
|  54|0x00000006c4e00000, 0x00000006c4e00000, 0x00000006c4f00000|  0%| F|  |TS  0|AC  0|TAMS 0x00000006c4e00000, 0x00000006c4e00000|
|  55|0x00000006c4f00000, 0x00000006c4f00000, 0x00000006c5000000|  0%| F|  |TS  0|AC  0|TAMS 0x00000006c4f00000, 0x00000006c4f00000|
|  56|0x00000006c5000000, 0x00000006c5000000, 0x00000006c5100000|  0%| F|  |TS  0|AC  0|TAMS 0x00000006c5000000, 0x00000006c5000000|
|  57|0x00000006c5100000, 0x00000006c5100000, 0x00000006c5200000|  0%| F|  |TS  0|AC  0|TAMS 0x00000006c5100000, 0x00000006c5100000|
|  58|0x00000006c5200000, 0x00000006c5200000, 0x00000006c5300000|  0%| F|  |TS  0|AC  0|TAMS 0x00000006c5200000, 0x00000006c5200000|
|  59|0x00000006c5300000, 0x00000006c5300000, 0x00000006c5400000|  0%| F|  |TS  0|AC  0|TAMS 0x00000006c5300000, 0x00000006c5300000|
|  60|0x00000006c5400000, 0x00000006c5400000, 0x00000006c5500000|  0%| F|  |TS  0|AC  0|TAMS 0x00000006c5400000, 0x00000006c5400000|
|  61|0x00000006c5500000, 0x00000006c5500000, 0x00000006c5600000|  0%| F|  |TS  0|AC  0|TAMS 0x00000006c5500000, 0x00000006c5500000|
|  62|0x00000006c5600000, 0x00000006c5600000, 0x00000006c5700000|  0%| F|  |TS  0|AC  0|TAMS 0x00000006c5600000, 0x00000006c5600000|
|  63|0x00000006c5700000, 0x00000006c5700000, 0x00000006c5800000|  0%| F|  |TS  0|AC  0|TAMS 0x00000006c5700000, 0x00000006c5700000|
|  64|0x00000006c5800000, 0x00000006c5800000, 0x00000006c5900000|  0%| F|  |TS  0|AC  0|TAMS 0x00000006c5800000, 0x00000006c5800000|
|  65|0x00000006c5900000, 0x00000006c5900000, 0x00000006c5a00000|  0%| F|  |TS  0|AC  0|TAMS 0x00000006c5900000, 0x00000006c5900000|
|  66|0x00000006c5a00000, 0x00000006c5a00000, 0x00000006c5b00000|  0%| F|  |TS  0|AC  0|TAMS 0x00000006c5a00000, 0x00000006c5a00000|
|  67|0x00000006c5b00000, 0x00000006c5b00000, 0x00000006c5c00000|  0%| F|  |TS  0|AC  0|TAMS 0x00000006c5b00000, 0x00000006c5b00000|
|  68|0x00000006c5c00000, 0x00000006c5c00000, 0x00000006c5d00000|  0%| F|  |TS  0|AC  0|TAMS 0x00000006c5c00000, 0x00000006c5c00000|
|  69|0x00000006c5d00000, 0x00000006c5d00000, 0x00000006c5e00000|  0%| F|  |TS  0|AC  0|TAMS 0x00000006c5d00000, 0x00000006c5d00000|
|  70|0x00000006c5e00000, 0x00000006c5e00000, 0x00000006c5f00000|  0%| F|  |TS  0|AC  0|TAMS 0x00000006c5e00000, 0x00000006c5e00000|
|  71|0x00000006c5f00000, 0x00000006c5f00000, 0x00000006c6000000|  0%| F|  |TS  0|AC  0|TAMS 0x00000006c5f00000, 0x00000006c5f00000|
|  72|0x00000006c6000000, 0x00000006c6000000, 0x00000006c6100000|  0%| F|  |TS  0|AC  0|TAMS 0x00000006c6000000, 0x00000006c6000000|
|  73|0x00000006c6100000, 0x00000006c6100000, 0x00000006c6200000|  0%| F|  |TS  0|AC  0|TAMS 0x00000006c6100000, 0x00000006c6100000|
|  74|0x00000006c6200000, 0x00000006c6200000, 0x00000006c6300000|  0%| F|  |TS  0|AC  0|TAMS 0x00000006c6200000, 0x00000006c6200000|
|  75|0x00000006c6300000, 0x00000006c6300000, 0x00000006c6400000|  0%| F|  |TS  0|AC  0|TAMS 0x00000006c6300000, 0x00000006c6300000|
|  76|0x00000006c6400000, 0x00000006c6400000, 0x00000006c6500000|  0%| F|  |TS  0|AC  0|TAMS 0x00000006c6400000, 0x00000006c6400000|
|  77|0x00000006c6500000, 0x00000006c6500000, 0x00000006c6600000|  0%| F|  |TS  0|AC  0|TAMS 0x00000006c6500000, 0x00000006c6500000|
|  78|0x00000006c6600000, 0x00000006c6600000, 0x00000006c6700000|  0%| F|  |TS  0|AC  0|TAMS 0x00000006c6600000, 0x00000006c6600000|
|  79|0x00000006c6700000, 0x00000006c6700000, 0x00000006c6800000|  0%| F|  |TS  0|AC  0|TAMS 0x00000006c6700000, 0x00000006c6700000|
|  80|0x00000006c6800000, 0x00000006c6800000, 0x00000006c6900000|  0%| F|  |TS  0|AC  0|TAMS 0x00000006c6800000, 0x00000006c6800000|
|  81|0x00000006c6900000, 0x00000006c6900000, 0x00000006c6a00000|  0%| F|  |TS  0|AC  0|TAMS 0x00000006c6900000, 0x00000006c6900000|
|  82|0x00000006c6a00000, 0x00000006c6a00000, 0x00000006c6b00000|  0%| F|  |TS  0|AC  0|TAMS 0x00000006c6a00000, 0x00000006c6a00000|
|  83|0x00000006c6b00000, 0x00000006c6b00000, 0x00000006c6c00000|  0%| F|  |TS  0|AC  0|TAMS 0x00000006c6b00000, 0x00000006c6b00000|
|  84|0x00000006c6c00000, 0x00000006c6c00000, 0x00000006c6d00000|  0%| F|  |TS  0|AC  0|TAMS 0x00000006c6c00000, 0x00000006c6c00000|
|  85|0x00000006c6d00000, 0x00000006c6d00000, 0x00000006c6e00000|  0%| F|  |TS  0|AC  0|TAMS 0x00000006c6d00000, 0x00000006c6d00000|
|  86|0x00000006c6e00000, 0x00000006c6e00000, 0x00000006c6f00000|  0%| F|  |TS  0|AC  0|TAMS 0x00000006c6e00000, 0x00000006c6e00000|
|  87|0x00000006c6f00000, 0x00000006c6f00000, 0x00000006c7000000|  0%| F|  |TS  0|AC  0|TAMS 0x00000006c6f00000, 0x00000006c6f00000|
|  88|0x00000006c7000000, 0x00000006c7000000, 0x00000006c7100000|  0%| F|  |TS  0|AC  0|TAMS 0x00000006c7000000, 0x00000006c7000000|
|  89|0x00000006c7100000, 0x00000006c7100000, 0x00000006c7200000|  0%| F|  |TS  0|AC  0|TAMS 0x00000006c7100000, 0x00000006c7100000|
|  90|0x00000006c7200000, 0x00000006c7200000, 0x00000006c7300000|  0%| F|  |TS  0|AC  0|TAMS 0x00000006c7200000, 0x00000006c7200000|
|  91|0x00000006c7300000, 0x00000006c7300000, 0x00000006c7400000|  0%| F|  |TS  0|AC  0|TAMS 0x00000006c7300000, 0x00000006c7300000|
|  92|0x00000006c7400000, 0x00000006c7400000, 0x00000006c7500000|  0%| F|  |TS  0|AC  0|TAMS 0x00000006c7400000, 0x00000006c7400000|
|  93|0x00000006c7500000, 0x00000006c7500000, 0x00000006c7600000|  0%| F|  |TS  0|AC  0|TAMS 0x00000006c7500000, 0x00000006c7500000|
|  94|0x00000006c7600000, 0x00000006c7600000, 0x00000006c7700000|  0%| F|  |TS  0|AC  0|TAMS 0x00000006c7600000, 0x00000006c7600000|
|  95|0x00000006c7700000, 0x00000006c7700000, 0x00000006c7800000|  0%| F|  |TS  0|AC  0|TAMS 0x00000006c7700000, 0x00000006c7700000|
|  96|0x00000006c7800000, 0x00000006c7800000, 0x00000006c7900000|  0%| F|  |TS  0|AC  0|TAMS 0x00000006c7800000, 0x00000006c7800000|
|  97|0x00000006c7900000, 0x00000006c7900000, 0x00000006c7a00000|  0%| F|  |TS  0|AC  0|TAMS 0x00000006c7900000, 0x00000006c7900000|
|  98|0x00000006c7a00000, 0x00000006c7a00000, 0x00000006c7b00000|  0%| F|  |TS  0|AC  0|TAMS 0x00000006c7a00000, 0x00000006c7a00000|
|  99|0x00000006c7b00000, 0x00000006c7b00000, 0x00000006c7c00000|  0%| F|  |TS  0|AC  0|TAMS 0x00000006c7b00000, 0x00000006c7b00000|
| 100|0x00000006c7c00000, 0x00000006c7c00000, 0x00000006c7d00000|  0%| F|  |TS  0|AC  0|TAMS 0x00000006c7c00000, 0x00000006c7c00000|
| 101|0x00000006c7d00000, 0x00000006c7d00000, 0x00000006c7e00000|  0%| F|  |TS  0|AC  0|TAMS 0x00000006c7d00000, 0x00000006c7d00000|
| 102|0x00000006c7e00000, 0x00000006c7e00000, 0x00000006c7f00000|  0%| F|  |TS  0|AC  0|TAMS 0x00000006c7e00000, 0x00000006c7e00000|
| 103|0x00000006c7f00000, 0x00000006c7f00000, 0x00000006c8000000|  0%| F|  |TS  0|AC  0|TAMS 0x00000006c7f00000, 0x00000006c7f00000|
| 104|0x00000006c8000000, 0x00000006c8000000, 0x00000006c8100000|  0%| F|  |TS  0|AC  0|TAMS 0x00000006c8000000, 0x00000006c8000000|
| 105|0x00000006c8100000, 0x00000006c8100000, 0x00000006c8200000|  0%| F|  |TS  0|AC  0|TAMS 0x00000006c8100000, 0x00000006c8100000|
| 106|0x00000006c8200000, 0x00000006c8200000, 0x00000006c8300000|  0%| F|  |TS  0|AC  0|TAMS 0x00000006c8200000, 0x00000006c8200000|
| 107|0x00000006c8300000, 0x00000006c8300000, 0x00000006c8400000|  0%| F|  |TS  0|AC  0|TAMS 0x00000006c8300000, 0x00000006c8300000|
| 108|0x00000006c8400000, 0x00000006c8400000, 0x00000006c8500000|  0%| F|  |TS  0|AC  0|TAMS 0x00000006c8400000, 0x00000006c8400000|
| 109|0x00000006c8500000, 0x00000006c8500000, 0x00000006c8600000|  0%| F|  |TS  0|AC  0|TAMS 0x00000006c8500000, 0x00000006c8500000|
| 110|0x00000006c8600000, 0x00000006c8600000, 0x00000006c8700000|  0%| F|  |TS  0|AC  0|TAMS 0x00000006c8600000, 0x00000006c8600000|
| 111|0x00000006c8700000, 0x00000006c8700000, 0x00000006c8800000|  0%| F|  |TS  0|AC  0|TAMS 0x00000006c8700000, 0x00000006c8700000|
| 112|0x00000006c8800000, 0x00000006c8800000, 0x00000006c8900000|  0%| F|  |TS  0|AC  0|TAMS 0x00000006c8800000, 0x00000006c8800000|
| 113|0x00000006c8900000, 0x00000006c8900000, 0x00000006c8a00000|  0%| F|  |TS  0|AC  0|TAMS 0x00000006c8900000, 0x00000006c8900000|
| 114|0x00000006c8a00000, 0x00000006c8a00000, 0x00000006c8b00000|  0%| F|  |TS  0|AC  0|TAMS 0x00000006c8a00000, 0x00000006c8a00000|
| 115|0x00000006c8b00000, 0x00000006c8b00000, 0x00000006c8c00000|  0%| F|  |TS  0|AC  0|TAMS 0x00000006c8b00000, 0x00000006c8b00000|
| 116|0x00000006c8c00000, 0x00000006c8c00000, 0x00000006c8d00000|  0%| F|  |TS  0|AC  0|TAMS 0x00000006c8c00000, 0x00000006c8c00000|
| 117|0x00000006c8d00000, 0x00000006c8d00000, 0x00000006c8e00000|  0%| F|  |TS  0|AC  0|TAMS 0x00000006c8d00000, 0x00000006c8d00000|
| 118|0x00000006c8e00000, 0x00000006c8e00000, 0x00000006c8f00000|  0%| F|  |TS  0|AC  0|TAMS 0x00000006c8e00000, 0x00000006c8e00000|
| 119|0x00000006c8f00000, 0x00000006c8f00000, 0x00000006c9000000|  0%| F|  |TS  0|AC  0|TAMS 0x00000006c8f00000, 0x00000006c8f00000|
| 120|0x00000006c9000000, 0x00000006c9000000, 0x00000006c9100000|  0%| F|  |TS  0|AC  0|TAMS 0x00000006c9000000, 0x00000006c9000000|
| 121|0x00000006c9100000, 0x00000006c9100000, 0x00000006c9200000|  0%| F|  |TS  0|AC  0|TAMS 0x00000006c9100000, 0x00000006c9100000|
| 122|0x00000006c9200000, 0x00000006c9200000, 0x00000006c9300000|  0%| F|  |TS  0|AC  0|TAMS 0x00000006c9200000, 0x00000006c9200000|
| 123|0x00000006c9300000, 0x00000006c9300000, 0x00000006c9400000|  0%| F|  |TS  0|AC  0|TAMS 0x00000006c9300000, 0x00000006c9300000|
| 124|0x00000006c9400000, 0x00000006c9400000, 0x00000006c9500000|  0%| F|  |TS  0|AC  0|TAMS 0x00000006c9400000, 0x00000006c9400000|
| 125|0x00000006c9500000, 0x00000006c9500000, 0x00000006c9600000|  0%| F|  |TS  0|AC  0|TAMS 0x00000006c9500000, 0x00000006c9500000|
| 126|0x00000006c9600000, 0x00000006c9600000, 0x00000006c9700000|  0%| F|  |TS  0|AC  0|TAMS 0x00000006c9600000, 0x00000006c9600000|
| 127|0x00000006c9700000, 0x00000006c9700000, 0x00000006c9800000|  0%| F|  |TS  0|AC  0|TAMS 0x00000006c9700000, 0x00000006c9700000|
| 128|0x00000006c9800000, 0x00000006c9800000, 0x00000006c9900000|  0%| F|  |TS  0|AC  0|TAMS 0x00000006c9800000, 0x00000006c9800000|
| 129|0x00000006c9900000, 0x00000006c9900000, 0x00000006c9a00000|  0%| F|  |TS  0|AC  0|TAMS 0x00000006c9900000, 0x00000006c9900000|
| 130|0x00000006c9a00000, 0x00000006c9a00000, 0x00000006c9b00000|  0%| F|  |TS  0|AC  0|TAMS 0x00000006c9a00000, 0x00000006c9a00000|
| 131|0x00000006c9b00000, 0x00000006c9b00000, 0x00000006c9c00000|  0%| F|  |TS  0|AC  0|TAMS 0x00000006c9b00000, 0x00000006c9b00000|
| 132|0x00000006c9c00000, 0x00000006c9c00000, 0x00000006c9d00000|  0%| F|  |TS  0|AC  0|TAMS 0x00000006c9c00000, 0x00000006c9c00000|
| 133|0x00000006c9d00000, 0x00000006c9d00000, 0x00000006c9e00000|  0%| F|  |TS  0|AC  0|TAMS 0x00000006c9d00000, 0x00000006c9d00000|
| 134|0x00000006c9e00000, 0x00000006c9e00000, 0x00000006c9f00000|  0%| F|  |TS  0|AC  0|TAMS 0x00000006c9e00000, 0x00000006c9e00000|
| 135|0x00000006c9f00000, 0x00000006c9f00000, 0x00000006ca000000|  0%| F|  |TS  0|AC  0|TAMS 0x00000006c9f00000, 0x00000006c9f00000|
| 136|0x00000006ca000000, 0x00000006ca000000, 0x00000006ca100000|  0%| F|  |TS  0|AC  0|TAMS 0x00000006ca000000, 0x00000006ca000000|
| 137|0x00000006ca100000, 0x00000006ca100000, 0x00000006ca200000|  0%| F|  |TS  0|AC  0|TAMS 0x00000006ca100000, 0x00000006ca100000|
| 138|0x00000006ca200000, 0x00000006ca200000, 0x00000006ca300000|  0%| F|  |TS  0|AC  0|TAMS 0x00000006ca200000, 0x00000006ca200000|
| 139|0x00000006ca300000, 0x00000006ca300000, 0x00000006ca400000|  0%| F|  |TS  0|AC  0|TAMS 0x00000006ca300000, 0x00000006ca300000|
| 140|0x00000006ca400000, 0x00000006ca400000, 0x00000006ca500000|  0%| F|  |TS  0|AC  0|TAMS 0x00000006ca400000, 0x00000006ca400000|
| 141|0x00000006ca500000, 0x00000006ca500000, 0x00000006ca600000|  0%| F|  |TS  0|AC  0|TAMS 0x00000006ca500000, 0x00000006ca500000|
| 142|0x00000006ca600000, 0x00000006ca600000, 0x00000006ca700000|  0%| F|  |TS  0|AC  0|TAMS 0x00000006ca600000, 0x00000006ca600000|
| 143|0x00000006ca700000, 0x00000006ca700000, 0x00000006ca800000|  0%| F|  |TS  0|AC  0|TAMS 0x00000006ca700000, 0x00000006ca700000|
| 144|0x00000006ca800000, 0x00000006ca800000, 0x00000006ca900000|  0%| F|  |TS  0|AC  0|TAMS 0x00000006ca800000, 0x00000006ca800000|
| 145|0x00000006ca900000, 0x00000006ca900000, 0x00000006caa00000|  0%| F|  |TS  0|AC  0|TAMS 0x00000006ca900000, 0x00000006ca900000|
| 146|0x00000006caa00000, 0x00000006caa00000, 0x00000006cab00000|  0%| F|  |TS  0|AC  0|TAMS 0x00000006caa00000, 0x00000006caa00000|
| 147|0x00000006cab00000, 0x00000006cab00000, 0x00000006cac00000|  0%| F|  |TS  0|AC  0|TAMS 0x00000006cab00000, 0x00000006cab00000|
| 148|0x00000006cac00000, 0x00000006cac00000, 0x00000006cad00000|  0%| F|  |TS  0|AC  0|TAMS 0x00000006cac00000, 0x00000006cac00000|
| 149|0x00000006cad00000, 0x00000006cad00000, 0x00000006cae00000|  0%| F|  |TS  0|AC  0|TAMS 0x00000006cad00000, 0x00000006cad00000|
| 150|0x00000006cae00000, 0x00000006cae00000, 0x00000006caf00000|  0%| F|  |TS  0|AC  0|TAMS 0x00000006cae00000, 0x00000006cae00000|
| 151|0x00000006caf00000, 0x00000006caf00000, 0x00000006cb000000|  0%| F|  |TS  0|AC  0|TAMS 0x00000006caf00000, 0x00000006caf00000|
| 152|0x00000006cb000000, 0x00000006cb000000, 0x00000006cb100000|  0%| F|  |TS  0|AC  0|TAMS 0x00000006cb000000, 0x00000006cb000000|
| 153|0x00000006cb100000, 0x00000006cb100000, 0x00000006cb200000|  0%| F|  |TS  0|AC  0|TAMS 0x00000006cb100000, 0x00000006cb100000|
| 154|0x00000006cb200000, 0x00000006cb200000, 0x00000006cb300000|  0%| F|  |TS  0|AC  0|TAMS 0x00000006cb200000, 0x00000006cb200000|
| 155|0x00000006cb300000, 0x00000006cb300000, 0x00000006cb400000|  0%| F|  |TS  0|AC  0|TAMS 0x00000006cb300000, 0x00000006cb300000|
| 156|0x00000006cb400000, 0x00000006cb400000, 0x00000006cb500000|  0%| F|  |TS  0|AC  0|TAMS 0x00000006cb400000, 0x00000006cb400000|
| 157|0x00000006cb500000, 0x00000006cb500000, 0x00000006cb600000|  0%| F|  |TS  0|AC  0|TAMS 0x00000006cb500000, 0x00000006cb500000|
| 158|0x00000006cb600000, 0x00000006cb600000, 0x00000006cb700000|  0%| F|  |TS  0|AC  0|TAMS 0x00000006cb600000, 0x00000006cb600000|
| 159|0x00000006cb700000, 0x00000006cb700000, 0x00000006cb800000|  0%| F|  |TS  0|AC  0|TAMS 0x00000006cb700000, 0x00000006cb700000|
| 160|0x00000006cb800000, 0x00000006cb800000, 0x00000006cb900000|  0%| F|  |TS  0|AC  0|TAMS 0x00000006cb800000, 0x00000006cb800000|
| 161|0x00000006cb900000, 0x00000006cb900000, 0x00000006cba00000|  0%| F|  |TS  0|AC  0|TAMS 0x00000006cb900000, 0x00000006cb900000|
| 162|0x00000006cba00000, 0x00000006cba00000, 0x00000006cbb00000|  0%| F|  |TS  0|AC  0|TAMS 0x00000006cba00000, 0x00000006cba00000|
| 163|0x00000006cbb00000, 0x00000006cbb00000, 0x00000006cbc00000|  0%| F|  |TS  0|AC  0|TAMS 0x00000006cbb00000, 0x00000006cbb00000|
| 164|0x00000006cbc00000, 0x00000006cbc00000, 0x00000006cbd00000|  0%| F|  |TS  0|AC  0|TAMS 0x00000006cbc00000, 0x00000006cbc00000|
| 165|0x00000006cbd00000, 0x00000006cbd00000, 0x00000006cbe00000|  0%| F|  |TS  0|AC  0|TAMS 0x00000006cbd00000, 0x00000006cbd00000|
| 166|0x00000006cbe00000, 0x00000006cbe00000, 0x00000006cbf00000|  0%| F|  |TS  0|AC  0|TAMS 0x00000006cbe00000, 0x00000006cbe00000|
| 167|0x00000006cbf00000, 0x00000006cbf00000, 0x00000006cc000000|  0%| F|  |TS  0|AC  0|TAMS 0x00000006cbf00000, 0x00000006cbf00000|
| 168|0x00000006cc000000, 0x00000006cc000000, 0x00000006cc100000|  0%| F|  |TS  0|AC  0|TAMS 0x00000006cc000000, 0x00000006cc000000|
| 169|0x00000006cc100000, 0x00000006cc100000, 0x00000006cc200000|  0%| F|  |TS  0|AC  0|TAMS 0x00000006cc100000, 0x00000006cc100000|
| 170|0x00000006cc200000, 0x00000006cc200000, 0x00000006cc300000|  0%| F|  |TS  0|AC  0|TAMS 0x00000006cc200000, 0x00000006cc200000|
| 171|0x00000006cc300000, 0x00000006cc300000, 0x00000006cc400000|  0%| F|  |TS  0|AC  0|TAMS 0x00000006cc300000, 0x00000006cc300000|
| 172|0x00000006cc400000, 0x00000006cc400000, 0x00000006cc500000|  0%| F|  |TS  0|AC  0|TAMS 0x00000006cc400000, 0x00000006cc400000|
| 173|0x00000006cc500000, 0x00000006cc500000, 0x00000006cc600000|  0%| F|  |TS  0|AC  0|TAMS 0x00000006cc500000, 0x00000006cc500000|
| 174|0x00000006cc600000, 0x00000006cc600000, 0x00000006cc700000|  0%| F|  |TS  0|AC  0|TAMS 0x00000006cc600000, 0x00000006cc600000|
| 175|0x00000006cc700000, 0x00000006cc700000, 0x00000006cc800000|  0%| F|  |TS  0|AC  0|TAMS 0x00000006cc700000, 0x00000006cc700000|
| 176|0x00000006cc800000, 0x00000006cc800000, 0x00000006cc900000|  0%| F|  |TS  0|AC  0|TAMS 0x00000006cc800000, 0x00000006cc800000|
| 177|0x00000006cc900000, 0x00000006cc900000, 0x00000006cca00000|  0%| F|  |TS  0|AC  0|TAMS 0x00000006cc900000, 0x00000006cc900000|
| 178|0x00000006cca00000, 0x00000006cca00000, 0x00000006ccb00000|  0%| F|  |TS  0|AC  0|TAMS 0x00000006cca00000, 0x00000006cca00000|
| 179|0x00000006ccb00000, 0x00000006ccb00000, 0x00000006ccc00000|  0%| F|  |TS  0|AC  0|TAMS 0x00000006ccb00000, 0x00000006ccb00000|
| 180|0x00000006ccc00000, 0x00000006ccc00000, 0x00000006ccd00000|  0%| F|  |TS  0|AC  0|TAMS 0x00000006ccc00000, 0x00000006ccc00000|
| 181|0x00000006ccd00000, 0x00000006ccd00000, 0x00000006cce00000|  0%| F|  |TS  0|AC  0|TAMS 0x00000006ccd00000, 0x00000006ccd00000|
| 182|0x00000006cce00000, 0x00000006cce00000, 0x00000006ccf00000|  0%| F|  |TS  0|AC  0|TAMS 0x00000006cce00000, 0x00000006cce00000|
| 183|0x00000006ccf00000, 0x00000006ccf00000, 0x00000006cd000000|  0%| F|  |TS  0|AC  0|TAMS 0x00000006ccf00000, 0x00000006ccf00000|
| 184|0x00000006cd000000, 0x00000006cd000000, 0x00000006cd100000|  0%| F|  |TS  0|AC  0|TAMS 0x00000006cd000000, 0x00000006cd000000|
| 185|0x00000006cd100000, 0x00000006cd100000, 0x00000006cd200000|  0%| F|  |TS  0|AC  0|TAMS 0x00000006cd100000, 0x00000006cd100000|
| 186|0x00000006cd200000, 0x00000006cd200000, 0x00000006cd300000|  0%| F|  |TS  0|AC  0|TAMS 0x00000006cd200000, 0x00000006cd200000|
| 187|0x00000006cd300000, 0x00000006cd300000, 0x00000006cd400000|  0%| F|  |TS  0|AC  0|TAMS 0x00000006cd300000, 0x00000006cd300000|
| 188|0x00000006cd400000, 0x00000006cd400000, 0x00000006cd500000|  0%| F|  |TS  0|AC  0|TAMS 0x00000006cd400000, 0x00000006cd400000|
| 189|0x00000006cd500000, 0x00000006cd500000, 0x00000006cd600000|  0%| F|  |TS  0|AC  0|TAMS 0x00000006cd500000, 0x00000006cd500000|
| 190|0x00000006cd600000, 0x00000006cd600000, 0x00000006cd700000|  0%| F|  |TS  0|AC  0|TAMS 0x00000006cd600000, 0x00000006cd600000|
| 191|0x00000006cd700000, 0x00000006cd700000, 0x00000006cd800000|  0%| F|  |TS  0|AC  0|TAMS 0x00000006cd700000, 0x00000006cd700000|
| 192|0x00000006cd800000, 0x00000006cd800000, 0x00000006cd900000|  0%| F|  |TS  0|AC  0|TAMS 0x00000006cd800000, 0x00000006cd800000|
| 193|0x00000006cd900000, 0x00000006cd900000, 0x00000006cda00000|  0%| F|  |TS  0|AC  0|TAMS 0x00000006cd900000, 0x00000006cd900000|
| 194|0x00000006cda00000, 0x00000006cda00000, 0x00000006cdb00000|  0%| F|  |TS  0|AC  0|TAMS 0x00000006cda00000, 0x00000006cda00000|
| 195|0x00000006cdb00000, 0x00000006cdb00000, 0x00000006cdc00000|  0%| F|  |TS  0|AC  0|TAMS 0x00000006cdb00000, 0x00000006cdb00000|
| 196|0x00000006cdc00000, 0x00000006cdc00000, 0x00000006cdd00000|  0%| F|  |TS  0|AC  0|TAMS 0x00000006cdc00000, 0x00000006cdc00000|
| 197|0x00000006cdd00000, 0x00000006cdd00000, 0x00000006cde00000|  0%| F|  |TS  0|AC  0|TAMS 0x00000006cdd00000, 0x00000006cdd00000|
| 198|0x00000006cde00000, 0x00000006cde00000, 0x00000006cdf00000|  0%| F|  |TS  0|AC  0|TAMS 0x00000006cde00000, 0x00000006cde00000|
| 199|0x00000006cdf00000, 0x00000006cdf00000, 0x00000006ce000000|  0%| F|  |TS  0|AC  0|TAMS 0x00000006cdf00000, 0x00000006cdf00000|
| 200|0x00000006ce000000, 0x00000006ce000000, 0x00000006ce100000|  0%| F|  |TS  0|AC  0|TAMS 0x00000006ce000000, 0x00000006ce000000|
| 201|0x00000006ce100000, 0x00000006ce100000, 0x00000006ce200000|  0%| F|  |TS  0|AC  0|TAMS 0x00000006ce100000, 0x00000006ce100000|
| 202|0x00000006ce200000, 0x00000006ce200000, 0x00000006ce300000|  0%| F|  |TS  0|AC  0|TAMS 0x00000006ce200000, 0x00000006ce200000|
| 203|0x00000006ce300000, 0x00000006ce300000, 0x00000006ce400000|  0%| F|  |TS  0|AC  0|TAMS 0x00000006ce300000, 0x00000006ce300000|
| 204|0x00000006ce400000, 0x00000006ce400000, 0x00000006ce500000|  0%| F|  |TS  0|AC  0|TAMS 0x00000006ce400000, 0x00000006ce400000|
| 205|0x00000006ce500000, 0x00000006ce500000, 0x00000006ce600000|  0%| F|  |TS  0|AC  0|TAMS 0x00000006ce500000, 0x00000006ce500000|
| 206|0x00000006ce600000, 0x00000006ce600000, 0x00000006ce700000|  0%| F|  |TS  0|AC  0|TAMS 0x00000006ce600000, 0x00000006ce600000|
| 207|0x00000006ce700000, 0x00000006ce700000, 0x00000006ce800000|  0%| F|  |TS  0|AC  0|TAMS 0x00000006ce700000, 0x00000006ce700000|
| 208|0x00000006ce800000, 0x00000006ce800000, 0x00000006ce900000|  0%| F|  |TS  0|AC  0|TAMS 0x00000006ce800000, 0x00000006ce800000|
| 209|0x00000006ce900000, 0x00000006ce900000, 0x00000006cea00000|  0%| F|  |TS  0|AC  0|TAMS 0x00000006ce900000, 0x00000006ce900000|
| 210|0x00000006cea00000, 0x00000006cea00000, 0x00000006ceb00000|  0%| F|  |TS  0|AC  0|TAMS 0x00000006cea00000, 0x00000006cea00000|
| 211|0x00000006ceb00000, 0x00000006ceb00000, 0x00000006cec00000|  0%| F|  |TS  0|AC  0|TAMS 0x00000006ceb00000, 0x00000006ceb00000|
| 212|0x00000006cec00000, 0x00000006cec00000, 0x00000006ced00000|  0%| F|  |TS  0|AC  0|TAMS 0x00000006cec00000, 0x00000006cec00000|
| 213|0x00000006ced00000, 0x00000006ced00000, 0x00000006cee00000|  0%| F|  |TS  0|AC  0|TAMS 0x00000006ced00000, 0x00000006ced00000|
| 214|0x00000006cee00000, 0x00000006cee00000, 0x00000006cef00000|  0%| F|  |TS  0|AC  0|TAMS 0x00000006cee00000, 0x00000006cee00000|
| 215|0x00000006cef00000, 0x00000006cef00000, 0x00000006cf000000|  0%| F|  |TS  0|AC  0|TAMS 0x00000006cef00000, 0x00000006cef00000|
| 216|0x00000006cf000000, 0x00000006cf000000, 0x00000006cf100000|  0%| F|  |TS  0|AC  0|TAMS 0x00000006cf000000, 0x00000006cf000000|
| 217|0x00000006cf100000, 0x00000006cf100000, 0x00000006cf200000|  0%| F|  |TS  0|AC  0|TAMS 0x00000006cf100000, 0x00000006cf100000|
| 218|0x00000006cf200000, 0x00000006cf200000, 0x00000006cf300000|  0%| F|  |TS  0|AC  0|TAMS 0x00000006cf200000, 0x00000006cf200000|
| 219|0x00000006cf300000, 0x00000006cf300000, 0x00000006cf400000|  0%| F|  |TS  0|AC  0|TAMS 0x00000006cf300000, 0x00000006cf300000|
| 220|0x00000006cf400000, 0x00000006cf400000, 0x00000006cf500000|  0%| F|  |TS  0|AC  0|TAMS 0x00000006cf400000, 0x00000006cf400000|
| 221|0x00000006cf500000, 0x00000006cf500000, 0x00000006cf600000|  0%| F|  |TS  0|AC  0|TAMS 0x00000006cf500000, 0x00000006cf500000|
| 222|0x00000006cf600000, 0x00000006cf600000, 0x00000006cf700000|  0%| F|  |TS  0|AC  0|TAMS 0x00000006cf600000, 0x00000006cf600000|
| 223|0x00000006cf700000, 0x00000006cf700000, 0x00000006cf800000|  0%| F|  |TS  0|AC  0|TAMS 0x00000006cf700000, 0x00000006cf700000|
| 224|0x00000006cf800000, 0x00000006cf800000, 0x00000006cf900000|  0%| F|  |TS  0|AC  0|TAMS 0x00000006cf800000, 0x00000006cf800000|
| 225|0x00000006cf900000, 0x00000006cf900000, 0x00000006cfa00000|  0%| F|  |TS  0|AC  0|TAMS 0x00000006cf900000, 0x00000006cf900000|
| 226|0x00000006cfa00000, 0x00000006cfa00000, 0x00000006cfb00000|  0%| F|  |TS  0|AC  0|TAMS 0x00000006cfa00000, 0x00000006cfa00000|
| 227|0x00000006cfb00000, 0x00000006cfb00000, 0x00000006cfc00000|  0%| F|  |TS  0|AC  0|TAMS 0x00000006cfb00000, 0x00000006cfb00000|
| 228|0x00000006cfc00000, 0x00000006cfc00000, 0x00000006cfd00000|  0%| F|  |TS  0|AC  0|TAMS 0x00000006cfc00000, 0x00000006cfc00000|
| 229|0x00000006cfd00000, 0x00000006cfd00000, 0x00000006cfe00000|  0%| F|  |TS  0|AC  0|TAMS 0x00000006cfd00000, 0x00000006cfd00000|
| 230|0x00000006cfe00000, 0x00000006cfe00000, 0x00000006cff00000|  0%| F|  |TS  0|AC  0|TAMS 0x00000006cfe00000, 0x00000006cfe00000|
| 231|0x00000006cff00000, 0x00000006cff00000, 0x00000006d0000000|  0%| F|  |TS  0|AC  0|TAMS 0x00000006cff00000, 0x00000006cff00000|
| 232|0x00000006d0000000, 0x00000006d0000000, 0x00000006d0100000|  0%| F|  |TS  0|AC  0|TAMS 0x00000006d0000000, 0x00000006d0000000|
| 233|0x00000006d0100000, 0x00000006d0100000, 0x00000006d0200000|  0%| F|  |TS  0|AC  0|TAMS 0x00000006d0100000, 0x00000006d0100000|
| 234|0x00000006d0200000, 0x00000006d0200000, 0x00000006d0300000|  0%| F|  |TS  0|AC  0|TAMS 0x00000006d0200000, 0x00000006d0200000|
| 235|0x00000006d0300000, 0x00000006d0300000, 0x00000006d0400000|  0%| F|  |TS  0|AC  0|TAMS 0x00000006d0300000, 0x00000006d0300000|
| 236|0x00000006d0400000, 0x00000006d0400000, 0x00000006d0500000|  0%| F|  |TS  0|AC  0|TAMS 0x00000006d0400000, 0x00000006d0400000|
| 237|0x00000006d0500000, 0x00000006d0500000, 0x00000006d0600000|  0%| F|  |TS  0|AC  0|TAMS 0x00000006d0500000, 0x00000006d0500000|
| 238|0x00000006d0600000, 0x00000006d0600000, 0x00000006d0700000|  0%| F|  |TS  0|AC  0|TAMS 0x00000006d0600000, 0x00000006d0600000|
| 239|0x00000006d0700000, 0x00000006d0700000, 0x00000006d0800000|  0%| F|  |TS  0|AC  0|TAMS 0x00000006d0700000, 0x00000006d0700000|
| 240|0x00000006d0800000, 0x00000006d0800000, 0x00000006d0900000|  0%| F|  |TS  0|AC  0|TAMS 0x00000006d0800000, 0x00000006d0800000|
| 241|0x00000006d0900000, 0x00000006d0900000, 0x00000006d0a00000|  0%| F|  |TS  0|AC  0|TAMS 0x00000006d0900000, 0x00000006d0900000|
| 242|0x00000006d0a00000, 0x00000006d0a00000, 0x00000006d0b00000|  0%| F|  |TS  0|AC  0|TAMS 0x00000006d0a00000, 0x00000006d0a00000|
| 243|0x00000006d0b00000, 0x00000006d0b00800, 0x00000006d0c00000|  0%| E|  |TS  0|AC  0|TAMS 0x00000006d0b00000, 0x00000006d0b00000|
| 244|0x00000006d0c00000, 0x00000006d0d00000, 0x00000006d0d00000|100%| E|CS|TS  0|AC  0|TAMS 0x00000006d0c00000, 0x00000006d0c00000|
| 245|0x00000006d0d00000, 0x00000006d0e00000, 0x00000006d0e00000|100%| E|CS|TS  0|AC  0|TAMS 0x00000006d0d00000, 0x00000006d0d00000|
| 246|0x00000006d0e00000, 0x00000006d0f00000, 0x00000006d0f00000|100%| E|CS|TS  0|AC  0|TAMS 0x00000006d0e00000, 0x00000006d0e00000|
| 247|0x00000006d0f00000, 0x00000006d1000000, 0x00000006d1000000|100%| E|CS|TS  0|AC  0|TAMS 0x00000006d0f00000, 0x00000006d0f00000|
| 248|0x00000006d1000000, 0x00000006d1100000, 0x00000006d1100000|100%| E|CS|TS  0|AC  0|TAMS 0x00000006d1000000, 0x00000006d1000000|
| 249|0x00000006d1100000, 0x00000006d1200000, 0x00000006d1200000|100%| E|CS|TS  0|AC  0|TAMS 0x00000006d1100000, 0x00000006d1100000|
| 250|0x00000006d1200000, 0x00000006d1300000, 0x00000006d1300000|100%| E|CS|TS  0|AC  0|TAMS 0x00000006d1200000, 0x00000006d1200000|
| 251|0x00000006d1300000, 0x00000006d1400000, 0x00000006d1400000|100%| E|CS|TS  0|AC  0|TAMS 0x00000006d1300000, 0x00000006d1300000|
| 252|0x00000006d1400000, 0x00000006d1500000, 0x00000006d1500000|100%| E|CS|TS  0|AC  0|TAMS 0x00000006d1400000, 0x00000006d1400000|
| 253|0x00000006d1500000, 0x00000006d1600000, 0x00000006d1600000|100%| E|CS|TS  0|AC  0|TAMS 0x00000006d1500000, 0x00000006d1500000|
| 254|0x00000006d1600000, 0x00000006d1700000, 0x00000006d1700000|100%| E|CS|TS  0|AC  0|TAMS 0x00000006d1600000, 0x00000006d1600000|
| 255|0x00000006d1700000, 0x00000006d1800000, 0x00000006d1800000|100%| E|CS|TS  0|AC  0|TAMS 0x00000006d1700000, 0x00000006d1700000|

Card table byte_map: [0x0000016d7af10000,0x0000016d7b710000] byte_map_base: 0x0000016d77904000

Marking Bits (Prev, Next): (CMBitMap*) 0x0000016d7ff384f0, (CMBitMap*) 0x0000016d7ff38528
 Prev Bits: [0x0000016d7bf10000, 0x0000016d7feb0000)
 Next Bits: [0x0000016d00000000, 0x0000016d03fa0000)

Polling page: 0x0000016d5c330000

CodeHeap 'non-profiled nmethods': size=120000Kb used=287Kb max_used=287Kb free=119712Kb
 bounds [0x0000016d71f80000, 0x0000016d721f0000, 0x0000016d794b0000]
CodeHeap 'profiled nmethods': size=120000Kb used=1257Kb max_used=1257Kb free=118742Kb
 bounds [0x0000016d6aa50000, 0x0000016d6acc0000, 0x0000016d71f80000]
CodeHeap 'non-nmethods': size=5760Kb used=1272Kb max_used=1306Kb free=4487Kb
 bounds [0x0000016d6a4b0000, 0x0000016d6a720000, 0x0000016d6aa50000]
 total_blobs=1346 nmethods=755 adapters=374
 compilation: enabled

Compilation events (10 events):
Event: 1.616 Thread 0x0000016d0733e800 nmethod 748% 0x0000016d6ab88c10 code [0x0000016d6ab88e20, 0x0000016d6ab895b0]
Event: 1.617 Thread 0x0000016d0733e800  749       3       org.rosuda.JRI.Rengine::<init> (95 bytes)
Event: 1.617 Thread 0x0000016d0733e800 nmethod 749 0x0000016d6ab89790 code [0x0000016d6ab899a0, 0x0000016d6ab8a090]
Event: 1.626 Thread 0x0000016d0733c000  750 %     4       org.rosuda.JRI.Rengine::<init> @ 74 (95 bytes)
Event: 1.629 Thread 0x0000016d0733c000 nmethod 750% 0x0000016d71fbb610 code [0x0000016d71fbb7c0, 0x0000016d71fbb9c8]
Event: 1.666 Thread 0x0000016d0733d800 nmethod 672 0x0000016d71fbbb10 code [0x0000016d71fbcde0, 0x0000016d71fc3780]
Event: 2.392 Thread 0x0000016d0733e800  752       3       java.util.ImmutableCollections$Set1::contains (9 bytes)
Event: 2.392 Thread 0x0000016d0733e800 nmethod 752 0x0000016d6ab8a210 code [0x0000016d6ab8a3c0, 0x0000016d6ab8a5f0]
Event: 2.393 Thread 0x0000016d0733e800  753       1       java.lang.reflect.Field::getModifiers (5 bytes)
Event: 2.393 Thread 0x0000016d0733e800 nmethod 753 0x0000016d71fc7710 code [0x0000016d71fc78c0, 0x0000016d71fc79d8]

GC Heap History (0 events):
No events

Deoptimization events (2 events):
Event: 1.062 Thread 0x0000016d5e3e3800 Uncommon trap: reason=unstable_if action=reinterpret pc=0x0000016d71f8bb80 method=java.lang.String.charAt(I)C @ 4 c2
Event: 1.847 Thread 0x0000016d5e3e3800 Uncommon trap: reason=unstable_if action=reinterpret pc=0x0000016d71fbb95c method=org.rosuda.JRI.Rengine.<init>([Ljava/lang/String;ZLorg/rosuda/JRI/RMainLoopCallbacks;)V @ 78 c2

Classes redefined (0 events):
No events

Internal exceptions (10 events):
Event: 1.480 Thread 0x0000016d5e3e3800 Exception <a 'java/lang/NoSuchMethodError'{0x00000006d0ece1b8}: method resolution failed> (0x00000006d0ece1b8) thrown at [t:/workspace/hotspot/src/share/vm/prims/methodHandles.cpp, line 1256]
Event: 1.481 Thread 0x0000016d5e3e3800 Exception <a 'java/lang/NoSuchMethodError'{0x00000006d0ed4c78}: java.lang.invoke.DirectMethodHandle$Holder.invokeStatic(Ljava/lang/Object;Ljava/lang/Object;ILjava/lang/Object;)Ljava/lang/Object;> (0x00000006d0ed4c78) thrown at [t:/workspace/hotspot/src/sh
Event: 1.481 Thread 0x0000016d5e3e3800 Exception <a 'java/lang/NoSuchMethodError'{0x00000006d0ed8390}: method resolution failed> (0x00000006d0ed8390) thrown at [t:/workspace/hotspot/src/share/vm/prims/methodHandles.cpp, line 1256]
Event: 1.482 Thread 0x0000016d5e3e3800 Exception <a 'java/lang/NoSuchMethodError'{0x00000006d0ede658}: method resolution failed> (0x00000006d0ede658) thrown at [t:/workspace/hotspot/src/share/vm/prims/methodHandles.cpp, line 1256]
Event: 1.498 Thread 0x0000016d08d51000 Exception <a 'java/lang/NoClassDefFoundError'{0x00000006d0d25df8}: sun/misc/SharedSecrets> (0x00000006d0d25df8) thrown at [t:/workspace/hotspot/src/share/vm/classfile/systemDictionary.cpp, line 216]
Event: 1.566 Thread 0x0000016d08d51000 Exception <a 'java/lang/NoSuchMethodError'{0x00000006d0d58958}: java.lang.invoke.DirectMethodHandle$Holder.invokeStaticInit(Ljava/lang/Object;)V> (0x00000006d0d58958) thrown at [t:/workspace/hotspot/src/share/vm/interpreter/linkResolver.cpp, line 731]
Event: 1.568 Thread 0x0000016d5e3e3800 Exception <a 'java/lang/NoSuchMethodError'{0x00000006d0ee4f00}: method resolution failed> (0x00000006d0ee4f00) thrown at [t:/workspace/hotspot/src/share/vm/prims/methodHandles.cpp, line 1256]
Event: 2.395 Thread 0x0000016d5e3e3800 Exception <a 'java/lang/NoClassDefFoundError'{0x00000006d0c96888}: RJavaClassLoader> (0x00000006d0c96888) thrown at [t:/workspace/hotspot/src/share/vm/classfile/systemDictionary.cpp, line 207]
Event: 2.395 Thread 0x0000016d5e3e3800 Exception <a 'java/lang/NoClassDefFoundError'{0x00000006d0c97620}: RJavaClassLoader> (0x00000006d0c97620) thrown at [t:/workspace/hotspot/src/share/vm/classfile/systemDictionary.cpp, line 207]
Event: 2.401 Thread 0x0000016d5e3e3800 Exception <a 'java/lang/IllegalArgumentException'{0x00000006d0ca7bb0}: object is not an instance of declaring class> (0x00000006d0ca7bb0) thrown at [t:/workspace/hotspot/src/share/vm/runtime/reflection.cpp, line 1075]

Events (10 events):
Event: 2.395 Thread 0x0000016d5e3e3800 DEOPT PACKING pc=0x0000016d6ab7f0c9 sp=0x0000002bbd6e3380
Event: 2.395 Thread 0x0000016d5e3e3800 DEOPT UNPACKING pc=0x0000016d6a4fd83f sp=0x0000002bbd6e2840 mode 1
Event: 2.395 Thread 0x0000016d5e3e3800 DEOPT PACKING pc=0x0000016d6ab7eb54 sp=0x0000002bbd6e3480
Event: 2.395 Thread 0x0000016d5e3e3800 DEOPT UNPACKING pc=0x0000016d6a4fd83f sp=0x0000002bbd6e2938 mode 1
Event: 2.397 loading class java/net/URLClassLoader$7
Event: 2.397 loading class jdk/internal/misc/JavaNetURLClassLoaderAccess
Event: 2.397 loading class jdk/internal/misc/JavaNetURLClassLoaderAccess done
Event: 2.397 loading class java/net/URLClassLoader$7 done
Event: 2.399 loading class java/util/StringJoiner
Event: 2.399 loading class java/util/StringJoiner done


Dynamic libraries:
0x00007ff69ff20000 - 0x00007ff69ff5e000 	C:\Program Files\Java\jdk-9.0.4\bin\java.exe
0x00007ffd4e520000 - 0x00007ffd4e700000 	C:\WINDOWS\SYSTEM32\ntdll.dll
0x00007ffd4e440000 - 0x00007ffd4e4ee000 	C:\WINDOWS\System32\KERNEL32.DLL
0x00007ffd4ad60000 - 0x00007ffd4afc6000 	C:\WINDOWS\System32\KERNELBASE.dll
0x00007ffd4ccf0000 - 0x00007ffd4cd91000 	C:\WINDOWS\System32\ADVAPI32.dll
0x00007ffd4bff0000 - 0x00007ffd4c08d000 	C:\WINDOWS\System32\msvcrt.dll
0x00007ffd4b9f0000 - 0x00007ffd4ba4b000 	C:\WINDOWS\System32\sechost.dll
0x00007ffd4c0f0000 - 0x00007ffd4c20f000 	C:\WINDOWS\System32\RPCRT4.dll
0x00007ffd4be50000 - 0x00007ffd4bfdf000 	C:\WINDOWS\System32\USER32.dll
0x00007ffd4afd0000 - 0x00007ffd4aff0000 	C:\WINDOWS\System32\win32u.dll
0x00007ffd4c730000 - 0x00007ffd4c758000 	C:\WINDOWS\System32\GDI32.dll
0x00007ffd4b7f0000 - 0x00007ffd4b983000 	C:\WINDOWS\System32\gdi32full.dll
0x00007ffd4ac70000 - 0x00007ffd4ad0b000 	C:\WINDOWS\System32\msvcp_win.dll
0x00007ffd4a9a0000 - 0x00007ffd4aa96000 	C:\WINDOWS\System32\ucrtbase.dll
0x00007ffd3af70000 - 0x00007ffd3b1d9000 	C:\WINDOWS\WinSxS\amd64_microsoft.windows.common-controls_6595b64144ccf1df_6.0.16299.192_none_15c8cdae9364c23b\COMCTL32.dll
0x00007ffd43560000 - 0x00007ffd4356a000 	C:\WINDOWS\SYSTEM32\VERSION.dll
0x00007ffd4c380000 - 0x00007ffd4c688000 	C:\WINDOWS\System32\combase.dll
0x00007ffd4a920000 - 0x00007ffd4a992000 	C:\WINDOWS\System32\bcryptPrimitives.dll
0x00007ffd4e3f0000 - 0x00007ffd4e41d000 	C:\WINDOWS\System32\IMM32.DLL
0x00007ffd45a10000 - 0x00007ffd45aff000 	C:\Program Files\Java\jdk-9.0.4\bin\msvcr120.dll
0x00007ffd45960000 - 0x00007ffd45a06000 	C:\Program Files\Java\jdk-9.0.4\bin\msvcp120.dll
0x0000000053f30000 - 0x0000000054955000 	C:\Program Files\Java\jdk-9.0.4\bin\server\jvm.dll
0x00007ffd4cda0000 - 0x00007ffd4cda8000 	C:\WINDOWS\System32\PSAPI.DLL
0x00007ffd45be0000 - 0x00007ffd45c03000 	C:\WINDOWS\SYSTEM32\WINMM.dll
0x00007ffd3c510000 - 0x00007ffd3c519000 	C:\WINDOWS\SYSTEM32\WSOCK32.dll
0x00007ffd4cc80000 - 0x00007ffd4ccec000 	C:\WINDOWS\System32\WS2_32.dll
0x00007ffd45b80000 - 0x00007ffd45baa000 	C:\WINDOWS\SYSTEM32\WINMMBASE.dll
0x00007ffd4ad10000 - 0x00007ffd4ad5a000 	C:\WINDOWS\System32\cfgmgr32.dll
0x00007ffd47860000 - 0x00007ffd4786f000 	C:\Program Files\Java\jdk-9.0.4\bin\verify.dll
0x00007ffd45930000 - 0x00007ffd45957000 	C:\Program Files\Java\jdk-9.0.4\bin\java.dll
0x00007ffd1fb90000 - 0x00007ffd1fbc6000 	C:\Program Files\Java\jdk-9.0.4\bin\jdwp.dll
0x00007ffd3a7b0000 - 0x00007ffd3a7da000 	C:\Program Files\Java\jdk-9.0.4\bin\instrument.dll
0x00007ffd45910000 - 0x00007ffd45926000 	C:\Program Files\Java\jdk-9.0.4\bin\zip.dll
0x00007ffd47850000 - 0x00007ffd4785a000 	C:\Program Files\Java\jdk-9.0.4\bin\jimage.dll
0x00007ffd4cdb0000 - 0x00007ffd4e1e6000 	C:\WINDOWS\System32\SHELL32.dll
0x00007ffd4bd40000 - 0x00007ffd4bde6000 	C:\WINDOWS\System32\shcore.dll
0x00007ffd4aff0000 - 0x00007ffd4b737000 	C:\WINDOWS\System32\windows.storage.dll
0x00007ffd4c090000 - 0x00007ffd4c0e1000 	C:\WINDOWS\System32\shlwapi.dll
0x00007ffd4a890000 - 0x00007ffd4a8a1000 	C:\WINDOWS\System32\kernel.appcore.dll
0x00007ffd4a8b0000 - 0x00007ffd4a8fc000 	C:\WINDOWS\System32\powrprof.dll
0x00007ffd4a900000 - 0x00007ffd4a91b000 	C:\WINDOWS\System32\profapi.dll
0x00007ffd41080000 - 0x00007ffd4109a000 	C:\Program Files\Java\jdk-9.0.4\bin\net.dll
0x00007ffd46e10000 - 0x00007ffd46eee000 	C:\WINDOWS\SYSTEM32\WINHTTP.dll
0x00007ffd4a100000 - 0x00007ffd4a166000 	C:\WINDOWS\system32\mswsock.dll
0x00007ffd38ff0000 - 0x00007ffd39001000 	C:\Program Files\Java\jdk-9.0.4\bin\nio.dll
0x00007ffd47870000 - 0x00007ffd4787a000 	C:\Program Files\Java\jdk-9.0.4\bin\dt_socket.dll
0x0000016d7ffb0000 - 0x0000016d7ffb3000 	C:\Program Files\Java\jdk-9.0.4\bin\api-ms-win-core-console-l1-1-0.dll
0x0000016d7ffc0000 - 0x0000016d7ffc3000 	C:\Program Files\Java\jdk-9.0.4\bin\api-ms-win-core-datetime-l1-1-0.dll
0x0000016d7ffd0000 - 0x0000016d7ffd3000 	C:\Program Files\Java\jdk-9.0.4\bin\api-ms-win-core-debug-l1-1-0.dll
0x0000016d7ffe0000 - 0x0000016d7ffe3000 	C:\Program Files\Java\jdk-9.0.4\bin\api-ms-win-core-errorhandling-l1-1-0.dll
0x0000016d7fff0000 - 0x0000016d7fff4000 	C:\Program Files\Java\jdk-9.0.4\bin\api-ms-win-core-file-l1-1-0.dll
0x0000016d08120000 - 0x0000016d08123000 	C:\Program Files\Java\jdk-9.0.4\bin\api-ms-win-core-file-l1-2-0.dll
0x0000016d08130000 - 0x0000016d08133000 	C:\Program Files\Java\jdk-9.0.4\bin\api-ms-win-core-file-l2-1-0.dll
0x0000016d08140000 - 0x0000016d08143000 	C:\Program Files\Java\jdk-9.0.4\bin\api-ms-win-core-handle-l1-1-0.dll
0x0000016d08150000 - 0x0000016d08153000 	C:\Program Files\Java\jdk-9.0.4\bin\api-ms-win-core-heap-l1-1-0.dll
0x0000016d08160000 - 0x0000016d08163000 	C:\Program Files\Java\jdk-9.0.4\bin\api-ms-win-core-interlocked-l1-1-0.dll
0x0000016d08170000 - 0x0000016d08173000 	C:\Program Files\Java\jdk-9.0.4\bin\api-ms-win-core-libraryloader-l1-1-0.dll
0x0000016d08180000 - 0x0000016d08183000 	C:\Program Files\Java\jdk-9.0.4\bin\api-ms-win-core-localization-l1-2-0.dll
0x0000016d08190000 - 0x0000016d08193000 	C:\Program Files\Java\jdk-9.0.4\bin\api-ms-win-core-memory-l1-1-0.dll
0x0000016d081a0000 - 0x0000016d081a3000 	C:\Program Files\Java\jdk-9.0.4\bin\api-ms-win-core-namedpipe-l1-1-0.dll
0x0000016d081b0000 - 0x0000016d081b3000 	C:\Program Files\Java\jdk-9.0.4\bin\api-ms-win-core-processenvironment-l1-1-0.dll
0x0000016d081c0000 - 0x0000016d081c3000 	C:\Program Files\Java\jdk-9.0.4\bin\api-ms-win-core-processthreads-l1-1-0.dll
0x0000016d081d0000 - 0x0000016d081d3000 	C:\Program Files\Java\jdk-9.0.4\bin\api-ms-win-core-processthreads-l1-1-1.dll
0x0000016d081e0000 - 0x0000016d081e3000 	C:\Program Files\Java\jdk-9.0.4\bin\api-ms-win-core-profile-l1-1-0.dll
0x0000016d081f0000 - 0x0000016d081f3000 	C:\Program Files\Java\jdk-9.0.4\bin\api-ms-win-core-rtlsupport-l1-1-0.dll
0x0000016d08200000 - 0x0000016d08203000 	C:\Program Files\Java\jdk-9.0.4\bin\api-ms-win-core-string-l1-1-0.dll
0x0000016d08210000 - 0x0000016d08213000 	C:\Program Files\Java\jdk-9.0.4\bin\api-ms-win-core-synch-l1-1-0.dll
0x0000016d08220000 - 0x0000016d08223000 	C:\Program Files\Java\jdk-9.0.4\bin\api-ms-win-core-synch-l1-2-0.dll
0x0000016d08230000 - 0x0000016d08233000 	C:\Program Files\Java\jdk-9.0.4\bin\api-ms-win-core-sysinfo-l1-1-0.dll
0x0000016d08240000 - 0x0000016d08243000 	C:\Program Files\Java\jdk-9.0.4\bin\api-ms-win-core-timezone-l1-1-0.dll
0x0000016d08250000 - 0x0000016d08253000 	C:\Program Files\Java\jdk-9.0.4\bin\api-ms-win-core-util-l1-1-0.dll
0x0000016d08260000 - 0x0000016d08263000 	C:\Program Files\Java\jdk-9.0.4\bin\api-ms-win-crt-conio-l1-1-0.dll
0x0000016d08270000 - 0x0000016d08274000 	C:\Program Files\Java\jdk-9.0.4\bin\api-ms-win-crt-convert-l1-1-0.dll
0x0000016d08280000 - 0x0000016d08283000 	C:\Program Files\Java\jdk-9.0.4\bin\api-ms-win-crt-environment-l1-1-0.dll
0x0000016d08290000 - 0x0000016d08293000 	C:\Program Files\Java\jdk-9.0.4\bin\api-ms-win-crt-filesystem-l1-1-0.dll
0x0000016d082a0000 - 0x0000016d082a3000 	C:\Program Files\Java\jdk-9.0.4\bin\api-ms-win-crt-heap-l1-1-0.dll
0x0000016d082b0000 - 0x0000016d082b3000 	C:\Program Files\Java\jdk-9.0.4\bin\api-ms-win-crt-locale-l1-1-0.dll
0x0000016d082c0000 - 0x0000016d082c5000 	C:\Program Files\Java\jdk-9.0.4\bin\api-ms-win-crt-math-l1-1-0.dll
0x0000016d082d0000 - 0x0000016d082d5000 	C:\Program Files\Java\jdk-9.0.4\bin\api-ms-win-crt-multibyte-l1-1-0.dll
0x0000016d082e0000 - 0x0000016d082f0000 	C:\Program Files\Java\jdk-9.0.4\bin\api-ms-win-crt-private-l1-1-0.dll
0x0000016d082f0000 - 0x0000016d082f3000 	C:\Program Files\Java\jdk-9.0.4\bin\api-ms-win-crt-process-l1-1-0.dll
0x0000016d08300000 - 0x0000016d08304000 	C:\Program Files\Java\jdk-9.0.4\bin\api-ms-win-crt-runtime-l1-1-0.dll
0x0000016d08310000 - 0x0000016d08314000 	C:\Program Files\Java\jdk-9.0.4\bin\api-ms-win-crt-stdio-l1-1-0.dll
0x0000016d08320000 - 0x0000016d08324000 	C:\Program Files\Java\jdk-9.0.4\bin\api-ms-win-crt-string-l1-1-0.dll
0x0000016d08330000 - 0x0000016d08333000 	C:\Program Files\Java\jdk-9.0.4\bin\api-ms-win-crt-time-l1-1-0.dll
0x0000016d08340000 - 0x0000016d08343000 	C:\Program Files\Java\jdk-9.0.4\bin\api-ms-win-crt-utility-l1-1-0.dll
0x00007ffd1e060000 - 0x00007ffd1e156000 	C:\Program Files\Java\jdk-9.0.4\bin\ucrtbase.dll
0x00007ffd37640000 - 0x00007ffd37656000 	C:\Program Files\Java\jdk-9.0.4\bin\vcruntime140.dll
0x00007ffd1a750000 - 0x00007ffd1a7ec000 	C:\Program Files\Java\jdk-9.0.4\bin\msvcp140.dll
0x00007ffd1e4e0000 - 0x00007ffd1e531000 	C:\Program Files\Java\jdk-9.0.4\bin\concrt140.dll
0x00007ffd1e300000 - 0x00007ffd1e323000 	C:\Program Files\Java\jdk-9.0.4\bin\prism_d3d.dll
0x00007ffd1b310000 - 0x00007ffd1b4a5000 	C:\WINDOWS\system32\d3d9.dll
0x00007ffd48d10000 - 0x00007ffd48d3a000 	C:\WINDOWS\SYSTEM32\dwmapi.dll
0x00007ffd48a50000 - 0x00007ffd48ae5000 	C:\WINDOWS\system32\uxtheme.dll
0x00007ffd43570000 - 0x00007ffd4374a000 	C:\WINDOWS\System32\DriverStore\FileRepository\c0318486.inf_amd64_11ba0b4b7cc81d52\aticfx64.dll
0x00007ffd1e020000 - 0x00007ffd1e052000 	C:\WINDOWS\System32\DriverStore\FileRepository\c0318486.inf_amd64_11ba0b4b7cc81d52\atiu9p64.dll
0x00007ffcfb640000 - 0x00007ffcfc17c000 	C:\WINDOWS\System32\DriverStore\FileRepository\c0318486.inf_amd64_11ba0b4b7cc81d52\atiumd64.dll
0x00007ffd4bbe0000 - 0x00007ffd4bd29000 	C:\WINDOWS\System32\ole32.dll
0x00000000765b0000 - 0x0000000077243000 	C:\WINDOWS\System32\DriverStore\FileRepository\c0318486.inf_amd64_11ba0b4b7cc81d52\atiumd6a.dll
0x00007ffd42660000 - 0x00007ffd42680000 	C:\WINDOWS\SYSTEM32\amdihk64.dll
0x000000000f000000 - 0x000000000f006000 	C:\WINDOWS\SYSTEM32\detoured.dll
0x00007ffd1c8e0000 - 0x00007ffd1c92a000 	C:\Program Files\Java\jdk-9.0.4\bin\glass.dll
0x00007ffd4ba50000 - 0x00007ffd4bb5a000 	C:\WINDOWS\System32\COMDLG32.dll
0x00007ffd4cbb0000 - 0x00007ffd4cc75000 	C:\WINDOWS\System32\OLEAUT32.dll
0x00007ffd4c210000 - 0x00007ffd4c377000 	C:\WINDOWS\System32\MSCTF.dll
0x0000000062d80000 - 0x0000000062d97000 	C:\Users\John Doe\Documents\R\win-library\3.4\rJava\jri\x64\jri.dll
0x000000006c700000 - 0x000000006e597000 	C:\Program Files\R\R-3.4.3\bin\x64\R.dll
0x0000000064e80000 - 0x0000000064ed2000 	C:\Program Files\R\R-3.4.3\bin\x64\Rblas.dll
0x00000000641c0000 - 0x00000000641d6000 	C:\Program Files\R\R-3.4.3\bin\x64\Riconv.dll
0x0000000063540000 - 0x00000000635a1000 	C:\Program Files\R\R-3.4.3\bin\x64\Rgraphapp.dll
0x00007ffd41b90000 - 0x00007ffd41b97000 	C:\WINDOWS\SYSTEM32\MSIMG32.dll
0x0000000064a40000 - 0x0000000064a53000 	C:\Program Files\R\R-3.4.3\library\methods\libs\x64\methods.dll
0x000000006e5c0000 - 0x000000006e5ea000 	C:\Program Files\R\R-3.4.3\library\utils\libs\x64\utils.dll
0x000000006fc80000 - 0x000000006fd8b000 	C:\Program Files\R\R-3.4.3\library\grDevices\libs\x64\grDevices.dll
0x0000000063740000 - 0x0000000063788000 	C:\Program Files\R\R-3.4.3\library\graphics\libs\x64\graphics.dll
0x0000000071100000 - 0x00000000711aa000 	C:\Program Files\R\R-3.4.3\library\stats\libs\x64\stats.dll
0x0000000000320000 - 0x00000000005e0000 	C:\Program Files\R\R-3.4.3\bin\x64\Rlapack.dll
0x0000000066900000 - 0x0000000066917000 	C:\Program Files\R\R-3.4.3\library\randomForest\libs\x64\randomForest.dll
0x0000000064080000 - 0x0000000064096000 	C:\Program Files\R\R-3.4.3\library\rJava\libs\x64\rJava.dll
0x00007ffd3c6a0000 - 0x00007ffd3c868000 	C:\WINDOWS\SYSTEM32\dbghelp.dll

VM Arguments:
jvm_args: -agentlib:jdwp=transport=dt_socket,address=127.0.0.1:57611,suspend=y,server=n -Djava.library.path=C:\Users\John Doe\Documents\R\win-library\3.4\rJava\jri\x64 -javaagent:C:\Users\JOHNDO~1\AppData\Local\Temp\capture405jars\debugger-agent.jar=C:\Users\JOHNDO~1\AppData\Local\Temp\capture275.props -Dfile.encoding=UTF-8 
java_command: sample.Main
java_class_path (initial): D:\Coding\Mockup\out\production\Mockup;D:\Coding\Mockup\lib\JRI.jar;C:\Program Files\JetBrains\IntelliJ IDEA Community Edition 2017.3.3\lib\idea_rt.jar
Launcher Type: SUN_STANDARD

Logging:
Log output configuration:
#0: stdout all=warning uptime,level,tags
#1: stderr all=off uptime,level,tags

Environment Variables:
JAVA_HOME=C:\\Program Files\\Java\\jre1.8.0_161\\
PATH=C:/Program Files/R/R-3.4.3/bin/x64
USERNAME=John Doe
OS=Windows_NT
PROCESSOR_IDENTIFIER=AMD64 Family 21 Model 2 Stepping 0, AuthenticAMD



---------------  S Y S T E M  ---------------

OS: Windows 10 , 64 bit Build 16299 (10.0.16299.15)

CPU:total 8 (initial active 8) (8 cores per cpu, 1 threads per core) family 21 model 2 stepping 0, cmov, cx8, fxsr, mmx, sse, sse2, sse3, ssse3, sse4.1, sse4.2, popcnt, avx, aes, clmul, mmxext, 3dnowpref, lzcnt, sse4a, tsc, tscinvbit, tscinv, bmi1

Memory: 4k page, physical 16671472k(7252364k free), swap 19161840k(2782400k free)

vm_info: Java HotSpot(TM) 64-Bit Server VM (9.0.4+11) for windows-amd64 JRE (9.0.4+11), built on Dec 20 2017 02:18:54 by "mach5one" with MS VC++ 12.0 (VS2013)

END.
