#
# A fatal error has been detected by the Java Runtime Environment:
#
#  EXCEPTION_ACCESS_VIOLATION (0xc0000005) at pc=0x00000000542ad411, pid=16320, tid=7800
#
# JRE version: Java(TM) SE Runtime Environment (9.0+11) (build 9.0.4+11)
# Java VM: Java HotSpot(TM) 64-Bit Server VM (9.0.4+11, mixed mode, tiered, compressed oops, g1 gc, windows-amd64)
# Problematic frame:
# V  [jvm.dll+0x37d411]
#
# No core dump will be written. Minidumps are not enabled by default on client versions of Windows
#
# If you would like to submit a bug report, please visit:
#   http://bugreport.java.com/bugreport/crash.jsp
#

---------------  S U M M A R Y ------------

Command Line: -Djava.library.path=C:\Users\John Doe\Documents\R\win-library\3.4\rJava\jri\x64 -javaagent:C:\Program Files\JetBrains\IntelliJ IDEA Community Edition 2017.3.3\lib\idea_rt.jar=57707:C:\Program Files\JetBrains\IntelliJ IDEA Community Edition 2017.3.3\bin -Dfile.encoding=UTF-8 sample.Main

Host: AMD FX-8320E Eight-Core Processor              , 8 cores, 15G,  Windows 10 , 64 bit Build 16299 (10.0.16299.15)
Time: Thu Jan 25 17:54:03 2018 W. Europe Standard Time elapsed time: 1 seconds (0d 0h 0m 1s)

---------------  T H R E A D  ---------------

Current thread (0x0000018f61b92000):  JavaThread "main" [_thread_in_vm, id=7800, stack(0x0000005bbe200000,0x0000005bbe300000)]

Stack: [0x0000005bbe200000,0x0000005bbe300000],  sp=0x0000005bbe2d8fc0,  free space=867k
Native frames: (J=compiled Java code, j=interpreted, Vv=VM code, C=native code)
V  [jvm.dll+0x37d411]
C  [rJava.dll+0x4beb]
C  [rJava.dll+0x4c12]
C  [rJava.dll+0x7f8f]
C  [rJava.dll+0x57f8]
C  [rJava.dll+0x582a]
C  [R.dll+0x98774]
C  [R.dll+0xf0053]
C  [R.dll+0xf3af2]
C  [R.dll+0xefee5]
C  [R.dll+0xf1ce0]
C  [R.dll+0xf2002]
C  [R.dll+0xe4599]
C  [R.dll+0xefac1]
C  [R.dll+0xf1ce0]
C  [R.dll+0xf2002]
C  [R.dll+0xefc57]
C  [R.dll+0xf290d]
C  [R.dll+0xefe2e]
C  [R.dll+0xf5f48]
C  [R.dll+0xefe2e]
C  [R.dll+0xf290d]
C  [R.dll+0xefe2e]
C  [R.dll+0xefe2e]
C  [R.dll+0xf290d]
C  [R.dll+0xefe2e]
C  [R.dll+0xf1ce0]
C  [R.dll+0xf2002]
C  [R.dll+0xefc57]
C  [R.dll+0xf033c]
C  [R.dll+0xea864]
C  [R.dll+0xefac1]
C  [R.dll+0xf033c]
C  [R.dll+0xea864]
C  [R.dll+0xefac1]
C  [R.dll+0xf033c]
C  [R.dll+0xea864]
C  [R.dll+0xefac1]
C  [R.dll+0xf033c]
C  [R.dll+0xea864]
C  [R.dll+0xefac1]
C  [R.dll+0xf033c]
C  [R.dll+0xea864]
C  [R.dll+0xefac1]
C  [R.dll+0xf1ce0]
C  [R.dll+0xf2002]
C  [R.dll+0xe4599]
C  [R.dll+0xefac1]
C  [R.dll+0xf1ce0]
C  [R.dll+0xf2002]
C  [R.dll+0xe4599]
C  [R.dll+0xefac1]
C  [R.dll+0xf1ce0]
C  [R.dll+0xf2002]
C  [R.dll+0xe4599]
C  [R.dll+0xefac1]
C  [R.dll+0xf1ce0]
C  [R.dll+0xf2002]
C  [R.dll+0xe4599]
C  [R.dll+0xefac1]
C  [R.dll+0xf1ce0]
C  [R.dll+0xf2002]
C  [R.dll+0xefc57]
C  [R.dll+0xf3966]
C  [R.dll+0xefe2e]
C  [R.dll+0xf290d]
C  [R.dll+0xefe2e]
C  [R.dll+0xefe2e]
C  [R.dll+0xf290d]
C  [R.dll+0xefe2e]
C  [R.dll+0xefe2e]
C  [R.dll+0xf290d]
C  [R.dll+0xefe2e]
C  [R.dll+0xf1ce0]
C  [R.dll+0xf2002]
C  [R.dll+0xefc57]
C  [R.dll+0xefe2e]
C  [R.dll+0xf290d]
C  [R.dll+0xefe2e]
C  [R.dll+0xf1ce0]
C  [R.dll+0xf2002]
C  [R.dll+0xefc57]
C  [R.dll+0xf290d]
C  [R.dll+0xefe2e]
C  [R.dll+0xf1ce0]
C  [R.dll+0xf2002]
C  [R.dll+0xe4599]
C  [R.dll+0xefac1]
C  [R.dll+0xf033c]
C  [R.dll+0xea864]
C  [R.dll+0xefac1]
C  [R.dll+0xf033c]
C  [R.dll+0xea864]
C  [R.dll+0xefac1]
C  [R.dll+0xf033c]
C  [R.dll+0xea864]
C  [R.dll+0xefac1]
C  [R.dll+0xf033c]
C  [R.dll+0xea864]
...<more frames>...

Java frames: (J=compiled Java code, j=interpreted, Vv=VM code)
j  org.rosuda.JRI.Rengine.rniEval(JJ)J+0
j  org.rosuda.JRI.Rengine.eval(Ljava/lang/String;Z)Lorg/rosuda/JRI/REXP;+69
j  org.rosuda.JRI.Rengine.eval(Ljava/lang/String;)Lorg/rosuda/JRI/REXP;+3
j  sample.Main.main([Ljava/lang/String;)V+20
v  ~StubRoutines::call_stub
j  jdk.internal.reflect.NativeMethodAccessorImpl.invoke0(Ljava/lang/reflect/Method;Ljava/lang/Object;[Ljava/lang/Object;)Ljava/lang/Object;+0 java.base@9.0.4
j  jdk.internal.reflect.NativeMethodAccessorImpl.invoke(Ljava/lang/Object;[Ljava/lang/Object;)Ljava/lang/Object;+100 java.base@9.0.4
j  jdk.internal.reflect.DelegatingMethodAccessorImpl.invoke(Ljava/lang/Object;[Ljava/lang/Object;)Ljava/lang/Object;+6 java.base@9.0.4
j  java.lang.reflect.Method.invoke(Ljava/lang/Object;[Ljava/lang/Object;)Ljava/lang/Object;+59 java.base@9.0.4
j  com.sun.javafx.application.LauncherImpl.launchApplicationWithArgs(Lcom/sun/javafx/application/ModuleAccess;Ljava/lang/String;Ljava/lang/String;[Ljava/lang/String;)V+147 javafx.graphics@9.0.4
j  com.sun.javafx.application.LauncherImpl.launchApplication(Ljava/lang/String;Ljava/lang/String;[Ljava/lang/String;)V+512 javafx.graphics@9.0.4
v  ~StubRoutines::call_stub
j  jdk.internal.reflect.NativeMethodAccessorImpl.invoke0(Ljava/lang/reflect/Method;Ljava/lang/Object;[Ljava/lang/Object;)Ljava/lang/Object;+0 java.base@9.0.4
j  jdk.internal.reflect.NativeMethodAccessorImpl.invoke(Ljava/lang/Object;[Ljava/lang/Object;)Ljava/lang/Object;+100 java.base@9.0.4
j  jdk.internal.reflect.DelegatingMethodAccessorImpl.invoke(Ljava/lang/Object;[Ljava/lang/Object;)Ljava/lang/Object;+6 java.base@9.0.4
j  java.lang.reflect.Method.invoke(Ljava/lang/Object;[Ljava/lang/Object;)Ljava/lang/Object;+59 java.base@9.0.4
j  sun.launcher.LauncherHelper$FXHelper.main([Ljava/lang/String;)V+52 java.base@9.0.4
v  ~StubRoutines::call_stub

siginfo: EXCEPTION_ACCESS_VIOLATION (0xc0000005), reading address 0x0000000000000000


Register to memory mapping:

RIP=0x00000000542ad411 jvm.dll
RAX=0x0000000000000000 is an unknown value
RBX=0x0000018f61b92000 is a thread
RCX=0x0000000000000200 is an unknown value
RDX=0x0000000000000000 is an unknown value
RSP=0x0000005bbe2d8fc0 is pointing into the stack for thread: 0x0000018f61b92000
RBP=0x0000005bbe2d90b8 is pointing into the stack for thread: 0x0000018f61b92000
RSI=0x0000000000000000 is an unknown value
RDI=0x0000018f61b92218 is an unknown value
R8 =0x0000000000000000 is an unknown value
R9 =0x0000018f0a249700 is an unknown value
R10=0x000000005482f220 jvm.dll
R11=0x000000000000005c is an unknown value
R12=0x0000018f138cef08 is an unknown value
R13=0x0000000000000000 is an unknown value
R14=0x0000018f113b0788 is an unknown value
R15=0x000000006e57d4b0 R.dll


Registers:
RAX=0x0000000000000000, RBX=0x0000018f61b92000, RCX=0x0000000000000200, RDX=0x0000000000000000
RSP=0x0000005bbe2d8fc0, RBP=0x0000005bbe2d90b8, RSI=0x0000000000000000, RDI=0x0000018f61b92218
R8 =0x0000000000000000, R9 =0x0000018f0a249700, R10=0x000000005482f220, R11=0x000000000000005c
R12=0x0000018f138cef08, R13=0x0000000000000000, R14=0x0000018f113b0788, R15=0x000000006e57d4b0
RIP=0x00000000542ad411, EFLAGS=0x0000000000010246

Top of Stack: (sp=0x0000005bbe2d8fc0)
0x0000005bbe2d8fc0:   0000018f138c6868 0000018f113b0788
0x0000005bbe2d8fd0:   000000006e57d4b0 0000018f113b0788
0x0000005bbe2d8fe0:   000000006ca59d90 000000006e57d2b0
0x0000005bbe2d8ff0:   0000018f138cef08 000000006ca59d7c
0x0000005bbe2d9000:   0000018f13a9b158 000000000000000c
0x0000005bbe2d9010:   0000018f0a249700 0000018f61b92000
0x0000005bbe2d9020:   0000000000000000 0000018f61b90cb0
0x0000005bbe2d9030:   000000006e45d57c 0000018f138cef78
0x0000005bbe2d9040:   0000018f113b0788 0000000000000000
0x0000005bbe2d9050:   0000018f138cef08 0000000064087e92
0x0000005bbe2d9060:   0000018f61b92000 00000000541d004a
0x0000005bbe2d9070:   0000018f61b92000 0000000000000000
0x0000005bbe2d9080:   0000018f0a249700 000000006e45d57c
0x0000005bbe2d9090:   0000000000000001 0000000064084beb
0x0000005bbe2d90a0:   000000006e45d57c 0000000000000039
0x0000005bbe2d90b0:   0000000000000000 0000018f0a249700 

Instructions: (pc=0x00000000542ad411)
0x00000000542ad3f1:   4c 24 58 e8 07 b9 23 00 48 8b 84 24 f0 00 00 00
0x00000000542ad401:   c7 44 24 48 0c 00 00 00 48 8d ac 24 f8 00 00 00
0x00000000542ad411:   48 8b 08 48 89 6c 24 40 48 8b 51 08 48 8d 4c 24
0x00000000542ad421:   78 0f b7 42 2c 48 8b 52 08 48 8b 54 c2 48 e8 3c 



---------------  P R O C E S S  ---------------

Java Threads: ( => current thread )
  0x0000018f0b833000 JavaThread "Thread-2" daemon [_thread_in_native, id=15128, stack(0x0000005bc1000000,0x0000005bc1100000)]
  0x0000018f0b842800 JavaThread "Thread-1" [_thread_blocked, id=9784, stack(0x0000005bc1100000,0x0000005bc1200000)]
  0x0000018f0b48d000 JavaThread "JavaFX Application Thread" [_thread_in_native, id=21272, stack(0x0000005bc0900000,0x0000005bc0a00000)]
  0x0000018f0b489800 JavaThread "InvokeLaterDispatcher" daemon [_thread_blocked, id=17964, stack(0x0000005bc0800000,0x0000005bc0900000)]
  0x0000018f0b17b800 JavaThread "QuantumRenderer-0" daemon [_thread_blocked, id=17592, stack(0x0000005bc0500000,0x0000005bc0600000)]
  0x0000018f0acaf800 JavaThread "Service Thread" daemon [_thread_blocked, id=9852, stack(0x0000005bc0300000,0x0000005bc0400000)]
  0x0000018f0acae800 JavaThread "Monitor Ctrl-Break" daemon [_thread_in_native, id=16868, stack(0x0000005bc0200000,0x0000005bc0300000)]
  0x0000018f0ab7a800 JavaThread "Common-Cleaner" daemon [_thread_blocked, id=18984, stack(0x0000005bc0100000,0x0000005bc0200000)]
  0x0000018f0ab01800 JavaThread "Sweeper thread" daemon [_thread_blocked, id=20524, stack(0x0000005bc0000000,0x0000005bc0100000)]
  0x0000018f0aac6000 JavaThread "C1 CompilerThread3" daemon [_thread_blocked, id=16164, stack(0x0000005bbff00000,0x0000005bc0000000)]
  0x0000018f0aac6800 JavaThread "C2 CompilerThread2" daemon [_thread_blocked, id=7196, stack(0x0000005bbfe00000,0x0000005bbff00000)]
  0x0000018f0aac8000 JavaThread "C2 CompilerThread1" daemon [_thread_blocked, id=21352, stack(0x0000005bbfd00000,0x0000005bbfe00000)]
  0x0000018f0aa6e800 JavaThread "C2 CompilerThread0" daemon [_thread_blocked, id=13384, stack(0x0000005bbfc00000,0x0000005bbfd00000)]
  0x0000018f0aab6800 JavaThread "Attach Listener" daemon [_thread_blocked, id=20600, stack(0x0000005bbfb00000,0x0000005bbfc00000)]
  0x0000018f0a25e000 JavaThread "Signal Dispatcher" daemon [_thread_blocked, id=8668, stack(0x0000005bbfa00000,0x0000005bbfb00000)]
  0x0000018f0a24c800 JavaThread "Finalizer" daemon [_thread_blocked, id=5836, stack(0x0000005bbf900000,0x0000005bbfa00000)]
  0x0000018f0a24b800 JavaThread "Reference Handler" daemon [_thread_blocked, id=16280, stack(0x0000005bbf800000,0x0000005bbf900000)]
=>0x0000018f61b92000 JavaThread "main" [_thread_in_vm, id=7800, stack(0x0000005bbe200000,0x0000005bbe300000)]

Other Threads:
  0x0000018f0a247000 VMThread "VM Thread" [stack: 0x0000005bbf700000,0x0000005bbf800000] [id=14112]
  0x0000018f0acb3000 WatcherThread [stack: 0x0000005bc0400000,0x0000005bc0500000] [id=18712]
  0x0000018f61ba9800 GCTaskThread "GC Thread#0" [stack: 0x0000005bbe300000,0x0000005bbe400000] [id=13372]
  0x0000018f61bac000 GCTaskThread "GC Thread#1" [stack: 0x0000005bbe400000,0x0000005bbe500000] [id=12772]
  0x0000018f61bad800 GCTaskThread "GC Thread#2" [stack: 0x0000005bbe500000,0x0000005bbe600000] [id=3148]
  0x0000018f61bb1000 GCTaskThread "GC Thread#3" [stack: 0x0000005bbe600000,0x0000005bbe700000] [id=9696]
  0x0000018f61bb3000 GCTaskThread "GC Thread#4" [stack: 0x0000005bbe700000,0x0000005bbe800000] [id=16444]
  0x0000018f61bb7800 GCTaskThread "GC Thread#5" [stack: 0x0000005bbe800000,0x0000005bbe900000] [id=19712]
  0x0000018f61bbd000 GCTaskThread "GC Thread#6" [stack: 0x0000005bbe900000,0x0000005bbea00000] [id=19900]
  0x0000018f61bc6000 GCTaskThread "GC Thread#7" [stack: 0x0000005bbea00000,0x0000005bbeb00000] [id=15436]
  0x0000018f61c30000 ConcurrentGCThread "G1 Main Marker" [stack: 0x0000005bbf400000,0x0000005bbf500000] [id=18316]
  0x0000018f61c30800 ConcurrentGCThread "G1 Marker#0" [stack: 0x0000005bbf500000,0x0000005bbf600000] [id=19700]
  0x0000018f61c32000 ConcurrentGCThread "G1 Marker#1" [stack: 0x0000005bbf600000,0x0000005bbf700000] [id=5864]
  0x0000018f61be9800 ConcurrentGCThread "G1 Refine#0" [stack: 0x0000005bbf200000,0x0000005bbf300000] [id=16752]
  0x0000018f61be8800 ConcurrentGCThread "G1 Refine#1" [stack: 0x0000005bbf100000,0x0000005bbf200000] [id=10728]
  0x0000018f61be7800 ConcurrentGCThread "G1 Refine#2" [stack: 0x0000005bbf000000,0x0000005bbf100000] [id=1420]
  0x0000018f61bdd800 ConcurrentGCThread "G1 Refine#3" [stack: 0x0000005bbef00000,0x0000005bbf000000] [id=9492]
  0x0000018f61bcc800 ConcurrentGCThread "G1 Refine#4" [stack: 0x0000005bbee00000,0x0000005bbef00000] [id=15680]
  0x0000018f61bc9800 ConcurrentGCThread "G1 Refine#5" [stack: 0x0000005bbed00000,0x0000005bbee00000] [id=18200]
  0x0000018f61bc8800 ConcurrentGCThread "G1 Refine#6" [stack: 0x0000005bbec00000,0x0000005bbed00000] [id=1684]
  0x0000018f61bc8000 ConcurrentGCThread "G1 Refine#7" [stack: 0x0000005bbeb00000,0x0000005bbec00000] [id=4480]
  0x0000018f61bea800 ConcurrentGCThread "G1 Young RemSet Sampling" [stack: 0x0000005bbf300000,0x0000005bbf400000] [id=4712]

Threads with active compile tasks:

VM state:not at safepoint (normal execution)

VM Mutex/Monitor currently owned by a thread: None

Heap address: 0x00000006c1800000, size: 4072 MB, Compressed Oops mode: Zero based, Oop shift amount: 3
Narrow klass base: 0x0000000000000000, Narrow klass shift: 3
Compressed class space size: 1073741824 Address: 0x00000007c0000000

Heap:
 garbage-first heap   total 262144K, used 11264K [0x00000006c1800000, 0x00000006c1900800, 0x00000007c0000000)
  region size 1024K, 12 young (12288K), 0 survivors (0K)
 Metaspace       used 9329K, capacity 9834K, committed 9984K, reserved 1058816K
  class space    used 907K, capacity 1017K, committed 1024K, reserved 1048576K
Heap Regions: E=young(eden), S=young(survivor), O=old, HS=humongous(starts), HC=humongous(continues), CS=collection set, F=free, A=archive, TS=gc time stamp, AC=allocation context, TAMS=top-at-mark-start (previous, next)
|   0|0x00000006c1800000, 0x00000006c1800000, 0x00000006c1900000|  0%| F|  |TS  0|AC  0|TAMS 0x00000006c1800000, 0x00000006c1800000|
|   1|0x00000006c1900000, 0x00000006c1900000, 0x00000006c1a00000|  0%| F|  |TS  0|AC  0|TAMS 0x00000006c1900000, 0x00000006c1900000|
|   2|0x00000006c1a00000, 0x00000006c1a00000, 0x00000006c1b00000|  0%| F|  |TS  0|AC  0|TAMS 0x00000006c1a00000, 0x00000006c1a00000|
|   3|0x00000006c1b00000, 0x00000006c1b00000, 0x00000006c1c00000|  0%| F|  |TS  0|AC  0|TAMS 0x00000006c1b00000, 0x00000006c1b00000|
|   4|0x00000006c1c00000, 0x00000006c1c00000, 0x00000006c1d00000|  0%| F|  |TS  0|AC  0|TAMS 0x00000006c1c00000, 0x00000006c1c00000|
|   5|0x00000006c1d00000, 0x00000006c1d00000, 0x00000006c1e00000|  0%| F|  |TS  0|AC  0|TAMS 0x00000006c1d00000, 0x00000006c1d00000|
|   6|0x00000006c1e00000, 0x00000006c1e00000, 0x00000006c1f00000|  0%| F|  |TS  0|AC  0|TAMS 0x00000006c1e00000, 0x00000006c1e00000|
|   7|0x00000006c1f00000, 0x00000006c1f00000, 0x00000006c2000000|  0%| F|  |TS  0|AC  0|TAMS 0x00000006c1f00000, 0x00000006c1f00000|
|   8|0x00000006c2000000, 0x00000006c2000000, 0x00000006c2100000|  0%| F|  |TS  0|AC  0|TAMS 0x00000006c2000000, 0x00000006c2000000|
|   9|0x00000006c2100000, 0x00000006c2100000, 0x00000006c2200000|  0%| F|  |TS  0|AC  0|TAMS 0x00000006c2100000, 0x00000006c2100000|
|  10|0x00000006c2200000, 0x00000006c2200000, 0x00000006c2300000|  0%| F|  |TS  0|AC  0|TAMS 0x00000006c2200000, 0x00000006c2200000|
|  11|0x00000006c2300000, 0x00000006c2300000, 0x00000006c2400000|  0%| F|  |TS  0|AC  0|TAMS 0x00000006c2300000, 0x00000006c2300000|
|  12|0x00000006c2400000, 0x00000006c2400000, 0x00000006c2500000|  0%| F|  |TS  0|AC  0|TAMS 0x00000006c2400000, 0x00000006c2400000|
|  13|0x00000006c2500000, 0x00000006c2500000, 0x00000006c2600000|  0%| F|  |TS  0|AC  0|TAMS 0x00000006c2500000, 0x00000006c2500000|
|  14|0x00000006c2600000, 0x00000006c2600000, 0x00000006c2700000|  0%| F|  |TS  0|AC  0|TAMS 0x00000006c2600000, 0x00000006c2600000|
|  15|0x00000006c2700000, 0x00000006c2700000, 0x00000006c2800000|  0%| F|  |TS  0|AC  0|TAMS 0x00000006c2700000, 0x00000006c2700000|
|  16|0x00000006c2800000, 0x00000006c2800000, 0x00000006c2900000|  0%| F|  |TS  0|AC  0|TAMS 0x00000006c2800000, 0x00000006c2800000|
|  17|0x00000006c2900000, 0x00000006c2900000, 0x00000006c2a00000|  0%| F|  |TS  0|AC  0|TAMS 0x00000006c2900000, 0x00000006c2900000|
|  18|0x00000006c2a00000, 0x00000006c2a00000, 0x00000006c2b00000|  0%| F|  |TS  0|AC  0|TAMS 0x00000006c2a00000, 0x00000006c2a00000|
|  19|0x00000006c2b00000, 0x00000006c2b00000, 0x00000006c2c00000|  0%| F|  |TS  0|AC  0|TAMS 0x00000006c2b00000, 0x00000006c2b00000|
|  20|0x00000006c2c00000, 0x00000006c2c00000, 0x00000006c2d00000|  0%| F|  |TS  0|AC  0|TAMS 0x00000006c2c00000, 0x00000006c2c00000|
|  21|0x00000006c2d00000, 0x00000006c2d00000, 0x00000006c2e00000|  0%| F|  |TS  0|AC  0|TAMS 0x00000006c2d00000, 0x00000006c2d00000|
|  22|0x00000006c2e00000, 0x00000006c2e00000, 0x00000006c2f00000|  0%| F|  |TS  0|AC  0|TAMS 0x00000006c2e00000, 0x00000006c2e00000|
|  23|0x00000006c2f00000, 0x00000006c2f00000, 0x00000006c3000000|  0%| F|  |TS  0|AC  0|TAMS 0x00000006c2f00000, 0x00000006c2f00000|
|  24|0x00000006c3000000, 0x00000006c3000000, 0x00000006c3100000|  0%| F|  |TS  0|AC  0|TAMS 0x00000006c3000000, 0x00000006c3000000|
|  25|0x00000006c3100000, 0x00000006c3100000, 0x00000006c3200000|  0%| F|  |TS  0|AC  0|TAMS 0x00000006c3100000, 0x00000006c3100000|
|  26|0x00000006c3200000, 0x00000006c3200000, 0x00000006c3300000|  0%| F|  |TS  0|AC  0|TAMS 0x00000006c3200000, 0x00000006c3200000|
|  27|0x00000006c3300000, 0x00000006c3300000, 0x00000006c3400000|  0%| F|  |TS  0|AC  0|TAMS 0x00000006c3300000, 0x00000006c3300000|
|  28|0x00000006c3400000, 0x00000006c3400000, 0x00000006c3500000|  0%| F|  |TS  0|AC  0|TAMS 0x00000006c3400000, 0x00000006c3400000|
|  29|0x00000006c3500000, 0x00000006c3500000, 0x00000006c3600000|  0%| F|  |TS  0|AC  0|TAMS 0x00000006c3500000, 0x00000006c3500000|
|  30|0x00000006c3600000, 0x00000006c3600000, 0x00000006c3700000|  0%| F|  |TS  0|AC  0|TAMS 0x00000006c3600000, 0x00000006c3600000|
|  31|0x00000006c3700000, 0x00000006c3700000, 0x00000006c3800000|  0%| F|  |TS  0|AC  0|TAMS 0x00000006c3700000, 0x00000006c3700000|
|  32|0x00000006c3800000, 0x00000006c3800000, 0x00000006c3900000|  0%| F|  |TS  0|AC  0|TAMS 0x00000006c3800000, 0x00000006c3800000|
|  33|0x00000006c3900000, 0x00000006c3900000, 0x00000006c3a00000|  0%| F|  |TS  0|AC  0|TAMS 0x00000006c3900000, 0x00000006c3900000|
|  34|0x00000006c3a00000, 0x00000006c3a00000, 0x00000006c3b00000|  0%| F|  |TS  0|AC  0|TAMS 0x00000006c3a00000, 0x00000006c3a00000|
|  35|0x00000006c3b00000, 0x00000006c3b00000, 0x00000006c3c00000|  0%| F|  |TS  0|AC  0|TAMS 0x00000006c3b00000, 0x00000006c3b00000|
|  36|0x00000006c3c00000, 0x00000006c3c00000, 0x00000006c3d00000|  0%| F|  |TS  0|AC  0|TAMS 0x00000006c3c00000, 0x00000006c3c00000|
|  37|0x00000006c3d00000, 0x00000006c3d00000, 0x00000006c3e00000|  0%| F|  |TS  0|AC  0|TAMS 0x00000006c3d00000, 0x00000006c3d00000|
|  38|0x00000006c3e00000, 0x00000006c3e00000, 0x00000006c3f00000|  0%| F|  |TS  0|AC  0|TAMS 0x00000006c3e00000, 0x00000006c3e00000|
|  39|0x00000006c3f00000, 0x00000006c3f00000, 0x00000006c4000000|  0%| F|  |TS  0|AC  0|TAMS 0x00000006c3f00000, 0x00000006c3f00000|
|  40|0x00000006c4000000, 0x00000006c4000000, 0x00000006c4100000|  0%| F|  |TS  0|AC  0|TAMS 0x00000006c4000000, 0x00000006c4000000|
|  41|0x00000006c4100000, 0x00000006c4100000, 0x00000006c4200000|  0%| F|  |TS  0|AC  0|TAMS 0x00000006c4100000, 0x00000006c4100000|
|  42|0x00000006c4200000, 0x00000006c4200000, 0x00000006c4300000|  0%| F|  |TS  0|AC  0|TAMS 0x00000006c4200000, 0x00000006c4200000|
|  43|0x00000006c4300000, 0x00000006c4300000, 0x00000006c4400000|  0%| F|  |TS  0|AC  0|TAMS 0x00000006c4300000, 0x00000006c4300000|
|  44|0x00000006c4400000, 0x00000006c4400000, 0x00000006c4500000|  0%| F|  |TS  0|AC  0|TAMS 0x00000006c4400000, 0x00000006c4400000|
|  45|0x00000006c4500000, 0x00000006c4500000, 0x00000006c4600000|  0%| F|  |TS  0|AC  0|TAMS 0x00000006c4500000, 0x00000006c4500000|
|  46|0x00000006c4600000, 0x00000006c4600000, 0x00000006c4700000|  0%| F|  |TS  0|AC  0|TAMS 0x00000006c4600000, 0x00000006c4600000|
|  47|0x00000006c4700000, 0x00000006c4700000, 0x00000006c4800000|  0%| F|  |TS  0|AC  0|TAMS 0x00000006c4700000, 0x00000006c4700000|
|  48|0x00000006c4800000, 0x00000006c4800000, 0x00000006c4900000|  0%| F|  |TS  0|AC  0|TAMS 0x00000006c4800000, 0x00000006c4800000|
|  49|0x00000006c4900000, 0x00000006c4900000, 0x00000006c4a00000|  0%| F|  |TS  0|AC  0|TAMS 0x00000006c4900000, 0x00000006c4900000|
|  50|0x00000006c4a00000, 0x00000006c4a00000, 0x00000006c4b00000|  0%| F|  |TS  0|AC  0|TAMS 0x00000006c4a00000, 0x00000006c4a00000|
|  51|0x00000006c4b00000, 0x00000006c4b00000, 0x00000006c4c00000|  0%| F|  |TS  0|AC  0|TAMS 0x00000006c4b00000, 0x00000006c4b00000|
|  52|0x00000006c4c00000, 0x00000006c4c00000, 0x00000006c4d00000|  0%| F|  |TS  0|AC  0|TAMS 0x00000006c4c00000, 0x00000006c4c00000|
|  53|0x00000006c4d00000, 0x00000006c4d00000, 0x00000006c4e00000|  0%| F|  |TS  0|AC  0|TAMS 0x00000006c4d00000, 0x00000006c4d00000|
|  54|0x00000006c4e00000, 0x00000006c4e00000, 0x00000006c4f00000|  0%| F|  |TS  0|AC  0|TAMS 0x00000006c4e00000, 0x00000006c4e00000|
|  55|0x00000006c4f00000, 0x00000006c4f00000, 0x00000006c5000000|  0%| F|  |TS  0|AC  0|TAMS 0x00000006c4f00000, 0x00000006c4f00000|
|  56|0x00000006c5000000, 0x00000006c5000000, 0x00000006c5100000|  0%| F|  |TS  0|AC  0|TAMS 0x00000006c5000000, 0x00000006c5000000|
|  57|0x00000006c5100000, 0x00000006c5100000, 0x00000006c5200000|  0%| F|  |TS  0|AC  0|TAMS 0x00000006c5100000, 0x00000006c5100000|
|  58|0x00000006c5200000, 0x00000006c5200000, 0x00000006c5300000|  0%| F|  |TS  0|AC  0|TAMS 0x00000006c5200000, 0x00000006c5200000|
|  59|0x00000006c5300000, 0x00000006c5300000, 0x00000006c5400000|  0%| F|  |TS  0|AC  0|TAMS 0x00000006c5300000, 0x00000006c5300000|
|  60|0x00000006c5400000, 0x00000006c5400000, 0x00000006c5500000|  0%| F|  |TS  0|AC  0|TAMS 0x00000006c5400000, 0x00000006c5400000|
|  61|0x00000006c5500000, 0x00000006c5500000, 0x00000006c5600000|  0%| F|  |TS  0|AC  0|TAMS 0x00000006c5500000, 0x00000006c5500000|
|  62|0x00000006c5600000, 0x00000006c5600000, 0x00000006c5700000|  0%| F|  |TS  0|AC  0|TAMS 0x00000006c5600000, 0x00000006c5600000|
|  63|0x00000006c5700000, 0x00000006c5700000, 0x00000006c5800000|  0%| F|  |TS  0|AC  0|TAMS 0x00000006c5700000, 0x00000006c5700000|
|  64|0x00000006c5800000, 0x00000006c5800000, 0x00000006c5900000|  0%| F|  |TS  0|AC  0|TAMS 0x00000006c5800000, 0x00000006c5800000|
|  65|0x00000006c5900000, 0x00000006c5900000, 0x00000006c5a00000|  0%| F|  |TS  0|AC  0|TAMS 0x00000006c5900000, 0x00000006c5900000|
|  66|0x00000006c5a00000, 0x00000006c5a00000, 0x00000006c5b00000|  0%| F|  |TS  0|AC  0|TAMS 0x00000006c5a00000, 0x00000006c5a00000|
|  67|0x00000006c5b00000, 0x00000006c5b00000, 0x00000006c5c00000|  0%| F|  |TS  0|AC  0|TAMS 0x00000006c5b00000, 0x00000006c5b00000|
|  68|0x00000006c5c00000, 0x00000006c5c00000, 0x00000006c5d00000|  0%| F|  |TS  0|AC  0|TAMS 0x00000006c5c00000, 0x00000006c5c00000|
|  69|0x00000006c5d00000, 0x00000006c5d00000, 0x00000006c5e00000|  0%| F|  |TS  0|AC  0|TAMS 0x00000006c5d00000, 0x00000006c5d00000|
|  70|0x00000006c5e00000, 0x00000006c5e00000, 0x00000006c5f00000|  0%| F|  |TS  0|AC  0|TAMS 0x00000006c5e00000, 0x00000006c5e00000|
|  71|0x00000006c5f00000, 0x00000006c5f00000, 0x00000006c6000000|  0%| F|  |TS  0|AC  0|TAMS 0x00000006c5f00000, 0x00000006c5f00000|
|  72|0x00000006c6000000, 0x00000006c6000000, 0x00000006c6100000|  0%| F|  |TS  0|AC  0|TAMS 0x00000006c6000000, 0x00000006c6000000|
|  73|0x00000006c6100000, 0x00000006c6100000, 0x00000006c6200000|  0%| F|  |TS  0|AC  0|TAMS 0x00000006c6100000, 0x00000006c6100000|
|  74|0x00000006c6200000, 0x00000006c6200000, 0x00000006c6300000|  0%| F|  |TS  0|AC  0|TAMS 0x00000006c6200000, 0x00000006c6200000|
|  75|0x00000006c6300000, 0x00000006c6300000, 0x00000006c6400000|  0%| F|  |TS  0|AC  0|TAMS 0x00000006c6300000, 0x00000006c6300000|
|  76|0x00000006c6400000, 0x00000006c6400000, 0x00000006c6500000|  0%| F|  |TS  0|AC  0|TAMS 0x00000006c6400000, 0x00000006c6400000|
|  77|0x00000006c6500000, 0x00000006c6500000, 0x00000006c6600000|  0%| F|  |TS  0|AC  0|TAMS 0x00000006c6500000, 0x00000006c6500000|
|  78|0x00000006c6600000, 0x00000006c6600000, 0x00000006c6700000|  0%| F|  |TS  0|AC  0|TAMS 0x00000006c6600000, 0x00000006c6600000|
|  79|0x00000006c6700000, 0x00000006c6700000, 0x00000006c6800000|  0%| F|  |TS  0|AC  0|TAMS 0x00000006c6700000, 0x00000006c6700000|
|  80|0x00000006c6800000, 0x00000006c6800000, 0x00000006c6900000|  0%| F|  |TS  0|AC  0|TAMS 0x00000006c6800000, 0x00000006c6800000|
|  81|0x00000006c6900000, 0x00000006c6900000, 0x00000006c6a00000|  0%| F|  |TS  0|AC  0|TAMS 0x00000006c6900000, 0x00000006c6900000|
|  82|0x00000006c6a00000, 0x00000006c6a00000, 0x00000006c6b00000|  0%| F|  |TS  0|AC  0|TAMS 0x00000006c6a00000, 0x00000006c6a00000|
|  83|0x00000006c6b00000, 0x00000006c6b00000, 0x00000006c6c00000|  0%| F|  |TS  0|AC  0|TAMS 0x00000006c6b00000, 0x00000006c6b00000|
|  84|0x00000006c6c00000, 0x00000006c6c00000, 0x00000006c6d00000|  0%| F|  |TS  0|AC  0|TAMS 0x00000006c6c00000, 0x00000006c6c00000|
|  85|0x00000006c6d00000, 0x00000006c6d00000, 0x00000006c6e00000|  0%| F|  |TS  0|AC  0|TAMS 0x00000006c6d00000, 0x00000006c6d00000|
|  86|0x00000006c6e00000, 0x00000006c6e00000, 0x00000006c6f00000|  0%| F|  |TS  0|AC  0|TAMS 0x00000006c6e00000, 0x00000006c6e00000|
|  87|0x00000006c6f00000, 0x00000006c6f00000, 0x00000006c7000000|  0%| F|  |TS  0|AC  0|TAMS 0x00000006c6f00000, 0x00000006c6f00000|
|  88|0x00000006c7000000, 0x00000006c7000000, 0x00000006c7100000|  0%| F|  |TS  0|AC  0|TAMS 0x00000006c7000000, 0x00000006c7000000|
|  89|0x00000006c7100000, 0x00000006c7100000, 0x00000006c7200000|  0%| F|  |TS  0|AC  0|TAMS 0x00000006c7100000, 0x00000006c7100000|
|  90|0x00000006c7200000, 0x00000006c7200000, 0x00000006c7300000|  0%| F|  |TS  0|AC  0|TAMS 0x00000006c7200000, 0x00000006c7200000|
|  91|0x00000006c7300000, 0x00000006c7300000, 0x00000006c7400000|  0%| F|  |TS  0|AC  0|TAMS 0x00000006c7300000, 0x00000006c7300000|
|  92|0x00000006c7400000, 0x00000006c7400000, 0x00000006c7500000|  0%| F|  |TS  0|AC  0|TAMS 0x00000006c7400000, 0x00000006c7400000|
|  93|0x00000006c7500000, 0x00000006c7500000, 0x00000006c7600000|  0%| F|  |TS  0|AC  0|TAMS 0x00000006c7500000, 0x00000006c7500000|
|  94|0x00000006c7600000, 0x00000006c7600000, 0x00000006c7700000|  0%| F|  |TS  0|AC  0|TAMS 0x00000006c7600000, 0x00000006c7600000|
|  95|0x00000006c7700000, 0x00000006c7700000, 0x00000006c7800000|  0%| F|  |TS  0|AC  0|TAMS 0x00000006c7700000, 0x00000006c7700000|
|  96|0x00000006c7800000, 0x00000006c7800000, 0x00000006c7900000|  0%| F|  |TS  0|AC  0|TAMS 0x00000006c7800000, 0x00000006c7800000|
|  97|0x00000006c7900000, 0x00000006c7900000, 0x00000006c7a00000|  0%| F|  |TS  0|AC  0|TAMS 0x00000006c7900000, 0x00000006c7900000|
|  98|0x00000006c7a00000, 0x00000006c7a00000, 0x00000006c7b00000|  0%| F|  |TS  0|AC  0|TAMS 0x00000006c7a00000, 0x00000006c7a00000|
|  99|0x00000006c7b00000, 0x00000006c7b00000, 0x00000006c7c00000|  0%| F|  |TS  0|AC  0|TAMS 0x00000006c7b00000, 0x00000006c7b00000|
| 100|0x00000006c7c00000, 0x00000006c7c00000, 0x00000006c7d00000|  0%| F|  |TS  0|AC  0|TAMS 0x00000006c7c00000, 0x00000006c7c00000|
| 101|0x00000006c7d00000, 0x00000006c7d00000, 0x00000006c7e00000|  0%| F|  |TS  0|AC  0|TAMS 0x00000006c7d00000, 0x00000006c7d00000|
| 102|0x00000006c7e00000, 0x00000006c7e00000, 0x00000006c7f00000|  0%| F|  |TS  0|AC  0|TAMS 0x00000006c7e00000, 0x00000006c7e00000|
| 103|0x00000006c7f00000, 0x00000006c7f00000, 0x00000006c8000000|  0%| F|  |TS  0|AC  0|TAMS 0x00000006c7f00000, 0x00000006c7f00000|
| 104|0x00000006c8000000, 0x00000006c8000000, 0x00000006c8100000|  0%| F|  |TS  0|AC  0|TAMS 0x00000006c8000000, 0x00000006c8000000|
| 105|0x00000006c8100000, 0x00000006c8100000, 0x00000006c8200000|  0%| F|  |TS  0|AC  0|TAMS 0x00000006c8100000, 0x00000006c8100000|
| 106|0x00000006c8200000, 0x00000006c8200000, 0x00000006c8300000|  0%| F|  |TS  0|AC  0|TAMS 0x00000006c8200000, 0x00000006c8200000|
| 107|0x00000006c8300000, 0x00000006c8300000, 0x00000006c8400000|  0%| F|  |TS  0|AC  0|TAMS 0x00000006c8300000, 0x00000006c8300000|
| 108|0x00000006c8400000, 0x00000006c8400000, 0x00000006c8500000|  0%| F|  |TS  0|AC  0|TAMS 0x00000006c8400000, 0x00000006c8400000|
| 109|0x00000006c8500000, 0x00000006c8500000, 0x00000006c8600000|  0%| F|  |TS  0|AC  0|TAMS 0x00000006c8500000, 0x00000006c8500000|
| 110|0x00000006c8600000, 0x00000006c8600000, 0x00000006c8700000|  0%| F|  |TS  0|AC  0|TAMS 0x00000006c8600000, 0x00000006c8600000|
| 111|0x00000006c8700000, 0x00000006c8700000, 0x00000006c8800000|  0%| F|  |TS  0|AC  0|TAMS 0x00000006c8700000, 0x00000006c8700000|
| 112|0x00000006c8800000, 0x00000006c8800000, 0x00000006c8900000|  0%| F|  |TS  0|AC  0|TAMS 0x00000006c8800000, 0x00000006c8800000|
| 113|0x00000006c8900000, 0x00000006c8900000, 0x00000006c8a00000|  0%| F|  |TS  0|AC  0|TAMS 0x00000006c8900000, 0x00000006c8900000|
| 114|0x00000006c8a00000, 0x00000006c8a00000, 0x00000006c8b00000|  0%| F|  |TS  0|AC  0|TAMS 0x00000006c8a00000, 0x00000006c8a00000|
| 115|0x00000006c8b00000, 0x00000006c8b00000, 0x00000006c8c00000|  0%| F|  |TS  0|AC  0|TAMS 0x00000006c8b00000, 0x00000006c8b00000|
| 116|0x00000006c8c00000, 0x00000006c8c00000, 0x00000006c8d00000|  0%| F|  |TS  0|AC  0|TAMS 0x00000006c8c00000, 0x00000006c8c00000|
| 117|0x00000006c8d00000, 0x00000006c8d00000, 0x00000006c8e00000|  0%| F|  |TS  0|AC  0|TAMS 0x00000006c8d00000, 0x00000006c8d00000|
| 118|0x00000006c8e00000, 0x00000006c8e00000, 0x00000006c8f00000|  0%| F|  |TS  0|AC  0|TAMS 0x00000006c8e00000, 0x00000006c8e00000|
| 119|0x00000006c8f00000, 0x00000006c8f00000, 0x00000006c9000000|  0%| F|  |TS  0|AC  0|TAMS 0x00000006c8f00000, 0x00000006c8f00000|
| 120|0x00000006c9000000, 0x00000006c9000000, 0x00000006c9100000|  0%| F|  |TS  0|AC  0|TAMS 0x00000006c9000000, 0x00000006c9000000|
| 121|0x00000006c9100000, 0x00000006c9100000, 0x00000006c9200000|  0%| F|  |TS  0|AC  0|TAMS 0x00000006c9100000, 0x00000006c9100000|
| 122|0x00000006c9200000, 0x00000006c9200000, 0x00000006c9300000|  0%| F|  |TS  0|AC  0|TAMS 0x00000006c9200000, 0x00000006c9200000|
| 123|0x00000006c9300000, 0x00000006c9300000, 0x00000006c9400000|  0%| F|  |TS  0|AC  0|TAMS 0x00000006c9300000, 0x00000006c9300000|
| 124|0x00000006c9400000, 0x00000006c9400000, 0x00000006c9500000|  0%| F|  |TS  0|AC  0|TAMS 0x00000006c9400000, 0x00000006c9400000|
| 125|0x00000006c9500000, 0x00000006c9500000, 0x00000006c9600000|  0%| F|  |TS  0|AC  0|TAMS 0x00000006c9500000, 0x00000006c9500000|
| 126|0x00000006c9600000, 0x00000006c9600000, 0x00000006c9700000|  0%| F|  |TS  0|AC  0|TAMS 0x00000006c9600000, 0x00000006c9600000|
| 127|0x00000006c9700000, 0x00000006c9700000, 0x00000006c9800000|  0%| F|  |TS  0|AC  0|TAMS 0x00000006c9700000, 0x00000006c9700000|
| 128|0x00000006c9800000, 0x00000006c9800000, 0x00000006c9900000|  0%| F|  |TS  0|AC  0|TAMS 0x00000006c9800000, 0x00000006c9800000|
| 129|0x00000006c9900000, 0x00000006c9900000, 0x00000006c9a00000|  0%| F|  |TS  0|AC  0|TAMS 0x00000006c9900000, 0x00000006c9900000|
| 130|0x00000006c9a00000, 0x00000006c9a00000, 0x00000006c9b00000|  0%| F|  |TS  0|AC  0|TAMS 0x00000006c9a00000, 0x00000006c9a00000|
| 131|0x00000006c9b00000, 0x00000006c9b00000, 0x00000006c9c00000|  0%| F|  |TS  0|AC  0|TAMS 0x00000006c9b00000, 0x00000006c9b00000|
| 132|0x00000006c9c00000, 0x00000006c9c00000, 0x00000006c9d00000|  0%| F|  |TS  0|AC  0|TAMS 0x00000006c9c00000, 0x00000006c9c00000|
| 133|0x00000006c9d00000, 0x00000006c9d00000, 0x00000006c9e00000|  0%| F|  |TS  0|AC  0|TAMS 0x00000006c9d00000, 0x00000006c9d00000|
| 134|0x00000006c9e00000, 0x00000006c9e00000, 0x00000006c9f00000|  0%| F|  |TS  0|AC  0|TAMS 0x00000006c9e00000, 0x00000006c9e00000|
| 135|0x00000006c9f00000, 0x00000006c9f00000, 0x00000006ca000000|  0%| F|  |TS  0|AC  0|TAMS 0x00000006c9f00000, 0x00000006c9f00000|
| 136|0x00000006ca000000, 0x00000006ca000000, 0x00000006ca100000|  0%| F|  |TS  0|AC  0|TAMS 0x00000006ca000000, 0x00000006ca000000|
| 137|0x00000006ca100000, 0x00000006ca100000, 0x00000006ca200000|  0%| F|  |TS  0|AC  0|TAMS 0x00000006ca100000, 0x00000006ca100000|
| 138|0x00000006ca200000, 0x00000006ca200000, 0x00000006ca300000|  0%| F|  |TS  0|AC  0|TAMS 0x00000006ca200000, 0x00000006ca200000|
| 139|0x00000006ca300000, 0x00000006ca300000, 0x00000006ca400000|  0%| F|  |TS  0|AC  0|TAMS 0x00000006ca300000, 0x00000006ca300000|
| 140|0x00000006ca400000, 0x00000006ca400000, 0x00000006ca500000|  0%| F|  |TS  0|AC  0|TAMS 0x00000006ca400000, 0x00000006ca400000|
| 141|0x00000006ca500000, 0x00000006ca500000, 0x00000006ca600000|  0%| F|  |TS  0|AC  0|TAMS 0x00000006ca500000, 0x00000006ca500000|
| 142|0x00000006ca600000, 0x00000006ca600000, 0x00000006ca700000|  0%| F|  |TS  0|AC  0|TAMS 0x00000006ca600000, 0x00000006ca600000|
| 143|0x00000006ca700000, 0x00000006ca700000, 0x00000006ca800000|  0%| F|  |TS  0|AC  0|TAMS 0x00000006ca700000, 0x00000006ca700000|
| 144|0x00000006ca800000, 0x00000006ca800000, 0x00000006ca900000|  0%| F|  |TS  0|AC  0|TAMS 0x00000006ca800000, 0x00000006ca800000|
| 145|0x00000006ca900000, 0x00000006ca900000, 0x00000006caa00000|  0%| F|  |TS  0|AC  0|TAMS 0x00000006ca900000, 0x00000006ca900000|
| 146|0x00000006caa00000, 0x00000006caa00000, 0x00000006cab00000|  0%| F|  |TS  0|AC  0|TAMS 0x00000006caa00000, 0x00000006caa00000|
| 147|0x00000006cab00000, 0x00000006cab00000, 0x00000006cac00000|  0%| F|  |TS  0|AC  0|TAMS 0x00000006cab00000, 0x00000006cab00000|
| 148|0x00000006cac00000, 0x00000006cac00000, 0x00000006cad00000|  0%| F|  |TS  0|AC  0|TAMS 0x00000006cac00000, 0x00000006cac00000|
| 149|0x00000006cad00000, 0x00000006cad00000, 0x00000006cae00000|  0%| F|  |TS  0|AC  0|TAMS 0x00000006cad00000, 0x00000006cad00000|
| 150|0x00000006cae00000, 0x00000006cae00000, 0x00000006caf00000|  0%| F|  |TS  0|AC  0|TAMS 0x00000006cae00000, 0x00000006cae00000|
| 151|0x00000006caf00000, 0x00000006caf00000, 0x00000006cb000000|  0%| F|  |TS  0|AC  0|TAMS 0x00000006caf00000, 0x00000006caf00000|
| 152|0x00000006cb000000, 0x00000006cb000000, 0x00000006cb100000|  0%| F|  |TS  0|AC  0|TAMS 0x00000006cb000000, 0x00000006cb000000|
| 153|0x00000006cb100000, 0x00000006cb100000, 0x00000006cb200000|  0%| F|  |TS  0|AC  0|TAMS 0x00000006cb100000, 0x00000006cb100000|
| 154|0x00000006cb200000, 0x00000006cb200000, 0x00000006cb300000|  0%| F|  |TS  0|AC  0|TAMS 0x00000006cb200000, 0x00000006cb200000|
| 155|0x00000006cb300000, 0x00000006cb300000, 0x00000006cb400000|  0%| F|  |TS  0|AC  0|TAMS 0x00000006cb300000, 0x00000006cb300000|
| 156|0x00000006cb400000, 0x00000006cb400000, 0x00000006cb500000|  0%| F|  |TS  0|AC  0|TAMS 0x00000006cb400000, 0x00000006cb400000|
| 157|0x00000006cb500000, 0x00000006cb500000, 0x00000006cb600000|  0%| F|  |TS  0|AC  0|TAMS 0x00000006cb500000, 0x00000006cb500000|
| 158|0x00000006cb600000, 0x00000006cb600000, 0x00000006cb700000|  0%| F|  |TS  0|AC  0|TAMS 0x00000006cb600000, 0x00000006cb600000|
| 159|0x00000006cb700000, 0x00000006cb700000, 0x00000006cb800000|  0%| F|  |TS  0|AC  0|TAMS 0x00000006cb700000, 0x00000006cb700000|
| 160|0x00000006cb800000, 0x00000006cb800000, 0x00000006cb900000|  0%| F|  |TS  0|AC  0|TAMS 0x00000006cb800000, 0x00000006cb800000|
| 161|0x00000006cb900000, 0x00000006cb900000, 0x00000006cba00000|  0%| F|  |TS  0|AC  0|TAMS 0x00000006cb900000, 0x00000006cb900000|
| 162|0x00000006cba00000, 0x00000006cba00000, 0x00000006cbb00000|  0%| F|  |TS  0|AC  0|TAMS 0x00000006cba00000, 0x00000006cba00000|
| 163|0x00000006cbb00000, 0x00000006cbb00000, 0x00000006cbc00000|  0%| F|  |TS  0|AC  0|TAMS 0x00000006cbb00000, 0x00000006cbb00000|
| 164|0x00000006cbc00000, 0x00000006cbc00000, 0x00000006cbd00000|  0%| F|  |TS  0|AC  0|TAMS 0x00000006cbc00000, 0x00000006cbc00000|
| 165|0x00000006cbd00000, 0x00000006cbd00000, 0x00000006cbe00000|  0%| F|  |TS  0|AC  0|TAMS 0x00000006cbd00000, 0x00000006cbd00000|
| 166|0x00000006cbe00000, 0x00000006cbe00000, 0x00000006cbf00000|  0%| F|  |TS  0|AC  0|TAMS 0x00000006cbe00000, 0x00000006cbe00000|
| 167|0x00000006cbf00000, 0x00000006cbf00000, 0x00000006cc000000|  0%| F|  |TS  0|AC  0|TAMS 0x00000006cbf00000, 0x00000006cbf00000|
| 168|0x00000006cc000000, 0x00000006cc000000, 0x00000006cc100000|  0%| F|  |TS  0|AC  0|TAMS 0x00000006cc000000, 0x00000006cc000000|
| 169|0x00000006cc100000, 0x00000006cc100000, 0x00000006cc200000|  0%| F|  |TS  0|AC  0|TAMS 0x00000006cc100000, 0x00000006cc100000|
| 170|0x00000006cc200000, 0x00000006cc200000, 0x00000006cc300000|  0%| F|  |TS  0|AC  0|TAMS 0x00000006cc200000, 0x00000006cc200000|
| 171|0x00000006cc300000, 0x00000006cc300000, 0x00000006cc400000|  0%| F|  |TS  0|AC  0|TAMS 0x00000006cc300000, 0x00000006cc300000|
| 172|0x00000006cc400000, 0x00000006cc400000, 0x00000006cc500000|  0%| F|  |TS  0|AC  0|TAMS 0x00000006cc400000, 0x00000006cc400000|
| 173|0x00000006cc500000, 0x00000006cc500000, 0x00000006cc600000|  0%| F|  |TS  0|AC  0|TAMS 0x00000006cc500000, 0x00000006cc500000|
| 174|0x00000006cc600000, 0x00000006cc600000, 0x00000006cc700000|  0%| F|  |TS  0|AC  0|TAMS 0x00000006cc600000, 0x00000006cc600000|
| 175|0x00000006cc700000, 0x00000006cc700000, 0x00000006cc800000|  0%| F|  |TS  0|AC  0|TAMS 0x00000006cc700000, 0x00000006cc700000|
| 176|0x00000006cc800000, 0x00000006cc800000, 0x00000006cc900000|  0%| F|  |TS  0|AC  0|TAMS 0x00000006cc800000, 0x00000006cc800000|
| 177|0x00000006cc900000, 0x00000006cc900000, 0x00000006cca00000|  0%| F|  |TS  0|AC  0|TAMS 0x00000006cc900000, 0x00000006cc900000|
| 178|0x00000006cca00000, 0x00000006cca00000, 0x00000006ccb00000|  0%| F|  |TS  0|AC  0|TAMS 0x00000006cca00000, 0x00000006cca00000|
| 179|0x00000006ccb00000, 0x00000006ccb00000, 0x00000006ccc00000|  0%| F|  |TS  0|AC  0|TAMS 0x00000006ccb00000, 0x00000006ccb00000|
| 180|0x00000006ccc00000, 0x00000006ccc00000, 0x00000006ccd00000|  0%| F|  |TS  0|AC  0|TAMS 0x00000006ccc00000, 0x00000006ccc00000|
| 181|0x00000006ccd00000, 0x00000006ccd00000, 0x00000006cce00000|  0%| F|  |TS  0|AC  0|TAMS 0x00000006ccd00000, 0x00000006ccd00000|
| 182|0x00000006cce00000, 0x00000006cce00000, 0x00000006ccf00000|  0%| F|  |TS  0|AC  0|TAMS 0x00000006cce00000, 0x00000006cce00000|
| 183|0x00000006ccf00000, 0x00000006ccf00000, 0x00000006cd000000|  0%| F|  |TS  0|AC  0|TAMS 0x00000006ccf00000, 0x00000006ccf00000|
| 184|0x00000006cd000000, 0x00000006cd000000, 0x00000006cd100000|  0%| F|  |TS  0|AC  0|TAMS 0x00000006cd000000, 0x00000006cd000000|
| 185|0x00000006cd100000, 0x00000006cd100000, 0x00000006cd200000|  0%| F|  |TS  0|AC  0|TAMS 0x00000006cd100000, 0x00000006cd100000|
| 186|0x00000006cd200000, 0x00000006cd200000, 0x00000006cd300000|  0%| F|  |TS  0|AC  0|TAMS 0x00000006cd200000, 0x00000006cd200000|
| 187|0x00000006cd300000, 0x00000006cd300000, 0x00000006cd400000|  0%| F|  |TS  0|AC  0|TAMS 0x00000006cd300000, 0x00000006cd300000|
| 188|0x00000006cd400000, 0x00000006cd400000, 0x00000006cd500000|  0%| F|  |TS  0|AC  0|TAMS 0x00000006cd400000, 0x00000006cd400000|
| 189|0x00000006cd500000, 0x00000006cd500000, 0x00000006cd600000|  0%| F|  |TS  0|AC  0|TAMS 0x00000006cd500000, 0x00000006cd500000|
| 190|0x00000006cd600000, 0x00000006cd600000, 0x00000006cd700000|  0%| F|  |TS  0|AC  0|TAMS 0x00000006cd600000, 0x00000006cd600000|
| 191|0x00000006cd700000, 0x00000006cd700000, 0x00000006cd800000|  0%| F|  |TS  0|AC  0|TAMS 0x00000006cd700000, 0x00000006cd700000|
| 192|0x00000006cd800000, 0x00000006cd800000, 0x00000006cd900000|  0%| F|  |TS  0|AC  0|TAMS 0x00000006cd800000, 0x00000006cd800000|
| 193|0x00000006cd900000, 0x00000006cd900000, 0x00000006cda00000|  0%| F|  |TS  0|AC  0|TAMS 0x00000006cd900000, 0x00000006cd900000|
| 194|0x00000006cda00000, 0x00000006cda00000, 0x00000006cdb00000|  0%| F|  |TS  0|AC  0|TAMS 0x00000006cda00000, 0x00000006cda00000|
| 195|0x00000006cdb00000, 0x00000006cdb00000, 0x00000006cdc00000|  0%| F|  |TS  0|AC  0|TAMS 0x00000006cdb00000, 0x00000006cdb00000|
| 196|0x00000006cdc00000, 0x00000006cdc00000, 0x00000006cdd00000|  0%| F|  |TS  0|AC  0|TAMS 0x00000006cdc00000, 0x00000006cdc00000|
| 197|0x00000006cdd00000, 0x00000006cdd00000, 0x00000006cde00000|  0%| F|  |TS  0|AC  0|TAMS 0x00000006cdd00000, 0x00000006cdd00000|
| 198|0x00000006cde00000, 0x00000006cde00000, 0x00000006cdf00000|  0%| F|  |TS  0|AC  0|TAMS 0x00000006cde00000, 0x00000006cde00000|
| 199|0x00000006cdf00000, 0x00000006cdf00000, 0x00000006ce000000|  0%| F|  |TS  0|AC  0|TAMS 0x00000006cdf00000, 0x00000006cdf00000|
| 200|0x00000006ce000000, 0x00000006ce000000, 0x00000006ce100000|  0%| F|  |TS  0|AC  0|TAMS 0x00000006ce000000, 0x00000006ce000000|
| 201|0x00000006ce100000, 0x00000006ce100000, 0x00000006ce200000|  0%| F|  |TS  0|AC  0|TAMS 0x00000006ce100000, 0x00000006ce100000|
| 202|0x00000006ce200000, 0x00000006ce200000, 0x00000006ce300000|  0%| F|  |TS  0|AC  0|TAMS 0x00000006ce200000, 0x00000006ce200000|
| 203|0x00000006ce300000, 0x00000006ce300000, 0x00000006ce400000|  0%| F|  |TS  0|AC  0|TAMS 0x00000006ce300000, 0x00000006ce300000|
| 204|0x00000006ce400000, 0x00000006ce400000, 0x00000006ce500000|  0%| F|  |TS  0|AC  0|TAMS 0x00000006ce400000, 0x00000006ce400000|
| 205|0x00000006ce500000, 0x00000006ce500000, 0x00000006ce600000|  0%| F|  |TS  0|AC  0|TAMS 0x00000006ce500000, 0x00000006ce500000|
| 206|0x00000006ce600000, 0x00000006ce600000, 0x00000006ce700000|  0%| F|  |TS  0|AC  0|TAMS 0x00000006ce600000, 0x00000006ce600000|
| 207|0x00000006ce700000, 0x00000006ce700000, 0x00000006ce800000|  0%| F|  |TS  0|AC  0|TAMS 0x00000006ce700000, 0x00000006ce700000|
| 208|0x00000006ce800000, 0x00000006ce800000, 0x00000006ce900000|  0%| F|  |TS  0|AC  0|TAMS 0x00000006ce800000, 0x00000006ce800000|
| 209|0x00000006ce900000, 0x00000006ce900000, 0x00000006cea00000|  0%| F|  |TS  0|AC  0|TAMS 0x00000006ce900000, 0x00000006ce900000|
| 210|0x00000006cea00000, 0x00000006cea00000, 0x00000006ceb00000|  0%| F|  |TS  0|AC  0|TAMS 0x00000006cea00000, 0x00000006cea00000|
| 211|0x00000006ceb00000, 0x00000006ceb00000, 0x00000006cec00000|  0%| F|  |TS  0|AC  0|TAMS 0x00000006ceb00000, 0x00000006ceb00000|
| 212|0x00000006cec00000, 0x00000006cec00000, 0x00000006ced00000|  0%| F|  |TS  0|AC  0|TAMS 0x00000006cec00000, 0x00000006cec00000|
| 213|0x00000006ced00000, 0x00000006ced00000, 0x00000006cee00000|  0%| F|  |TS  0|AC  0|TAMS 0x00000006ced00000, 0x00000006ced00000|
| 214|0x00000006cee00000, 0x00000006cee00000, 0x00000006cef00000|  0%| F|  |TS  0|AC  0|TAMS 0x00000006cee00000, 0x00000006cee00000|
| 215|0x00000006cef00000, 0x00000006cef00000, 0x00000006cf000000|  0%| F|  |TS  0|AC  0|TAMS 0x00000006cef00000, 0x00000006cef00000|
| 216|0x00000006cf000000, 0x00000006cf000000, 0x00000006cf100000|  0%| F|  |TS  0|AC  0|TAMS 0x00000006cf000000, 0x00000006cf000000|
| 217|0x00000006cf100000, 0x00000006cf100000, 0x00000006cf200000|  0%| F|  |TS  0|AC  0|TAMS 0x00000006cf100000, 0x00000006cf100000|
| 218|0x00000006cf200000, 0x00000006cf200000, 0x00000006cf300000|  0%| F|  |TS  0|AC  0|TAMS 0x00000006cf200000, 0x00000006cf200000|
| 219|0x00000006cf300000, 0x00000006cf300000, 0x00000006cf400000|  0%| F|  |TS  0|AC  0|TAMS 0x00000006cf300000, 0x00000006cf300000|
| 220|0x00000006cf400000, 0x00000006cf400000, 0x00000006cf500000|  0%| F|  |TS  0|AC  0|TAMS 0x00000006cf400000, 0x00000006cf400000|
| 221|0x00000006cf500000, 0x00000006cf500000, 0x00000006cf600000|  0%| F|  |TS  0|AC  0|TAMS 0x00000006cf500000, 0x00000006cf500000|
| 222|0x00000006cf600000, 0x00000006cf600000, 0x00000006cf700000|  0%| F|  |TS  0|AC  0|TAMS 0x00000006cf600000, 0x00000006cf600000|
| 223|0x00000006cf700000, 0x00000006cf700000, 0x00000006cf800000|  0%| F|  |TS  0|AC  0|TAMS 0x00000006cf700000, 0x00000006cf700000|
| 224|0x00000006cf800000, 0x00000006cf800000, 0x00000006cf900000|  0%| F|  |TS  0|AC  0|TAMS 0x00000006cf800000, 0x00000006cf800000|
| 225|0x00000006cf900000, 0x00000006cf900000, 0x00000006cfa00000|  0%| F|  |TS  0|AC  0|TAMS 0x00000006cf900000, 0x00000006cf900000|
| 226|0x00000006cfa00000, 0x00000006cfa00000, 0x00000006cfb00000|  0%| F|  |TS  0|AC  0|TAMS 0x00000006cfa00000, 0x00000006cfa00000|
| 227|0x00000006cfb00000, 0x00000006cfb00000, 0x00000006cfc00000|  0%| F|  |TS  0|AC  0|TAMS 0x00000006cfb00000, 0x00000006cfb00000|
| 228|0x00000006cfc00000, 0x00000006cfc00000, 0x00000006cfd00000|  0%| F|  |TS  0|AC  0|TAMS 0x00000006cfc00000, 0x00000006cfc00000|
| 229|0x00000006cfd00000, 0x00000006cfd00000, 0x00000006cfe00000|  0%| F|  |TS  0|AC  0|TAMS 0x00000006cfd00000, 0x00000006cfd00000|
| 230|0x00000006cfe00000, 0x00000006cfe00000, 0x00000006cff00000|  0%| F|  |TS  0|AC  0|TAMS 0x00000006cfe00000, 0x00000006cfe00000|
| 231|0x00000006cff00000, 0x00000006cff00000, 0x00000006d0000000|  0%| F|  |TS  0|AC  0|TAMS 0x00000006cff00000, 0x00000006cff00000|
| 232|0x00000006d0000000, 0x00000006d0000000, 0x00000006d0100000|  0%| F|  |TS  0|AC  0|TAMS 0x00000006d0000000, 0x00000006d0000000|
| 233|0x00000006d0100000, 0x00000006d0100000, 0x00000006d0200000|  0%| F|  |TS  0|AC  0|TAMS 0x00000006d0100000, 0x00000006d0100000|
| 234|0x00000006d0200000, 0x00000006d0200000, 0x00000006d0300000|  0%| F|  |TS  0|AC  0|TAMS 0x00000006d0200000, 0x00000006d0200000|
| 235|0x00000006d0300000, 0x00000006d0300000, 0x00000006d0400000|  0%| F|  |TS  0|AC  0|TAMS 0x00000006d0300000, 0x00000006d0300000|
| 236|0x00000006d0400000, 0x00000006d0400000, 0x00000006d0500000|  0%| F|  |TS  0|AC  0|TAMS 0x00000006d0400000, 0x00000006d0400000|
| 237|0x00000006d0500000, 0x00000006d0500000, 0x00000006d0600000|  0%| F|  |TS  0|AC  0|TAMS 0x00000006d0500000, 0x00000006d0500000|
| 238|0x00000006d0600000, 0x00000006d0600000, 0x00000006d0700000|  0%| F|  |TS  0|AC  0|TAMS 0x00000006d0600000, 0x00000006d0600000|
| 239|0x00000006d0700000, 0x00000006d0700000, 0x00000006d0800000|  0%| F|  |TS  0|AC  0|TAMS 0x00000006d0700000, 0x00000006d0700000|
| 240|0x00000006d0800000, 0x00000006d0800000, 0x00000006d0900000|  0%| F|  |TS  0|AC  0|TAMS 0x00000006d0800000, 0x00000006d0800000|
| 241|0x00000006d0900000, 0x00000006d0900000, 0x00000006d0a00000|  0%| F|  |TS  0|AC  0|TAMS 0x00000006d0900000, 0x00000006d0900000|
| 242|0x00000006d0a00000, 0x00000006d0a00000, 0x00000006d0b00000|  0%| F|  |TS  0|AC  0|TAMS 0x00000006d0a00000, 0x00000006d0a00000|
| 243|0x00000006d0b00000, 0x00000006d0b00000, 0x00000006d0c00000|  0%| F|  |TS  0|AC  0|TAMS 0x00000006d0b00000, 0x00000006d0b00000|
| 244|0x00000006d0c00000, 0x00000006d0d00000, 0x00000006d0d00000|100%| E|  |TS  0|AC  0|TAMS 0x00000006d0c00000, 0x00000006d0c00000|
| 245|0x00000006d0d00000, 0x00000006d0e00000, 0x00000006d0e00000|100%| E|CS|TS  0|AC  0|TAMS 0x00000006d0d00000, 0x00000006d0d00000|
| 246|0x00000006d0e00000, 0x00000006d0f00000, 0x00000006d0f00000|100%| E|CS|TS  0|AC  0|TAMS 0x00000006d0e00000, 0x00000006d0e00000|
| 247|0x00000006d0f00000, 0x00000006d1000000, 0x00000006d1000000|100%| E|CS|TS  0|AC  0|TAMS 0x00000006d0f00000, 0x00000006d0f00000|
| 248|0x00000006d1000000, 0x00000006d1100000, 0x00000006d1100000|100%| E|CS|TS  0|AC  0|TAMS 0x00000006d1000000, 0x00000006d1000000|
| 249|0x00000006d1100000, 0x00000006d1200000, 0x00000006d1200000|100%| E|CS|TS  0|AC  0|TAMS 0x00000006d1100000, 0x00000006d1100000|
| 250|0x00000006d1200000, 0x00000006d1300000, 0x00000006d1300000|100%| E|CS|TS  0|AC  0|TAMS 0x00000006d1200000, 0x00000006d1200000|
| 251|0x00000006d1300000, 0x00000006d1400000, 0x00000006d1400000|100%| E|CS|TS  0|AC  0|TAMS 0x00000006d1300000, 0x00000006d1300000|
| 252|0x00000006d1400000, 0x00000006d1500000, 0x00000006d1500000|100%| E|CS|TS  0|AC  0|TAMS 0x00000006d1400000, 0x00000006d1400000|
| 253|0x00000006d1500000, 0x00000006d1600000, 0x00000006d1600000|100%| E|CS|TS  0|AC  0|TAMS 0x00000006d1500000, 0x00000006d1500000|
| 254|0x00000006d1600000, 0x00000006d1700000, 0x00000006d1700000|100%| E|CS|TS  0|AC  0|TAMS 0x00000006d1600000, 0x00000006d1600000|
| 255|0x00000006d1700000, 0x00000006d1800000, 0x00000006d1800000|100%| E|CS|TS  0|AC  0|TAMS 0x00000006d1700000, 0x00000006d1700000|

Card table byte_map: [0x0000018f7e680000,0x0000018f7ee80000] byte_map_base: 0x0000018f7b074000

Marking Bits (Prev, Next): (CMBitMap*) 0x0000018f7f708570, (CMBitMap*) 0x0000018f7f7085a8
 Prev Bits: [0x0000018f00000000, 0x0000018f03fa0000)
 Next Bits: [0x0000018f03fa0000, 0x0000018f07f40000)

Polling page: 0x0000018f5fa70000

CodeHeap 'non-profiled nmethods': size=120000Kb used=215Kb max_used=215Kb free=119784Kb
 bounds [0x0000018f756d0000, 0x0000018f75940000, 0x0000018f7cc00000]
CodeHeap 'profiled nmethods': size=120000Kb used=1174Kb max_used=1174Kb free=118825Kb
 bounds [0x0000018f6e1a0000, 0x0000018f6e410000, 0x0000018f756d0000]
CodeHeap 'non-nmethods': size=5760Kb used=1278Kb max_used=1293Kb free=4481Kb
 bounds [0x0000018f6dc00000, 0x0000018f6de70000, 0x0000018f6e1a0000]
 total_blobs=1295 nmethods=707 adapters=375
 compilation: enabled

Compilation events (10 events):
Event: 0.708 Thread 0x0000018f0aac6800  699 %     4       org.rosuda.JRI.Rengine::<init> @ 74 (95 bytes)
Event: 0.710 Thread 0x0000018f0aac6800 nmethod 699% 0x0000018f75705090 code [0x0000018f75705220, 0x0000018f75705308]
Event: 1.604 Thread 0x0000018f0aac6000  701       3       java.util.ImmutableCollections$Set1::contains (9 bytes)
Event: 1.605 Thread 0x0000018f0aac6000 nmethod 701 0x0000018f6e2c3010 code [0x0000018f6e2c31c0, 0x0000018f6e2c33f0]
Event: 1.606 Thread 0x0000018f0aac6000  702       1       java.lang.reflect.Field::getModifiers (5 bytes)
Event: 1.606 Thread 0x0000018f0aac6000 nmethod 702 0x0000018f75705610 code [0x0000018f757057c0, 0x0000018f757058d8]
Event: 1.612 Thread 0x0000018f0aac6000  703       3       java.util.Objects::requireNonNull (15 bytes)
Event: 1.613 Thread 0x0000018f0aac6000 nmethod 703 0x0000018f6e2c3490 code [0x0000018f6e2c3640, 0x0000018f6e2c3870]
Event: 1.613 Thread 0x0000018f0aac6000  704       3       sun.invoke.util.VerifyAccess::isClassAccessible (182 bytes)
Event: 1.614 Thread 0x0000018f0aac6000 nmethod 704 0x0000018f6e2c3990 code [0x0000018f6e2c3ca0, 0x0000018f6e2c5100]

GC Heap History (0 events):
No events

Deoptimization events (2 events):
Event: 0.229 Thread 0x0000018f61b92000 Uncommon trap: reason=unstable_if action=reinterpret pc=0x0000018f756dbd9c method=java.lang.String.charAt(I)C @ 4 c2
Event: 0.937 Thread 0x0000018f61b92000 Uncommon trap: reason=unstable_if action=reinterpret pc=0x0000018f757052a4 method=org.rosuda.JRI.Rengine.<init>([Ljava/lang/String;ZLorg/rosuda/JRI/RMainLoopCallbacks;)V @ 78 c2

Classes redefined (0 events):
No events

Internal exceptions (10 events):
Event: 0.549 Thread 0x0000018f61b92000 Exception <a 'java/lang/NoSuchMethodError'{0x00000006d10cca30}: java.lang.invoke.DirectMethodHandle$Holder.invokeSpecial(Ljava/lang/Object;Ljava/lang/Object;)V> (0x00000006d10cca30) thrown at [t:/workspace/hotspot/src/share/vm/interpreter/linkResolver.cpp
Event: 0.563 Thread 0x0000018f61b92000 Exception <a 'java/lang/NoSuchMethodError'{0x00000006d0e132e8}: method resolution failed> (0x00000006d0e132e8) thrown at [t:/workspace/hotspot/src/share/vm/prims/methodHandles.cpp, line 1256]
Event: 0.564 Thread 0x0000018f61b92000 Exception <a 'java/lang/NoSuchMethodError'{0x00000006d0e19da8}: java.lang.invoke.DirectMethodHandle$Holder.invokeStatic(Ljava/lang/Object;Ljava/lang/Object;ILjava/lang/Object;)Ljava/lang/Object;> (0x00000006d0e19da8) thrown at [t:/workspace/hotspot/src/sh
Event: 0.565 Thread 0x0000018f61b92000 Exception <a 'java/lang/NoSuchMethodError'{0x00000006d0e1d4c0}: method resolution failed> (0x00000006d0e1d4c0) thrown at [t:/workspace/hotspot/src/share/vm/prims/methodHandles.cpp, line 1256]
Event: 0.565 Thread 0x0000018f61b92000 Exception <a 'java/lang/NoSuchMethodError'{0x00000006d0e23788}: method resolution failed> (0x00000006d0e23788) thrown at [t:/workspace/hotspot/src/share/vm/prims/methodHandles.cpp, line 1256]
Event: 0.642 Thread 0x0000018f0b48d000 Exception <a 'java/lang/NoSuchMethodError'{0x00000006d0d34320}: java.lang.invoke.DirectMethodHandle$Holder.invokeStaticInit(Ljava/lang/Object;)V> (0x00000006d0d34320) thrown at [t:/workspace/hotspot/src/share/vm/interpreter/linkResolver.cpp, line 731]
Event: 0.644 Thread 0x0000018f61b92000 Exception <a 'java/lang/NoSuchMethodError'{0x00000006d0e2a060}: method resolution failed> (0x00000006d0e2a060) thrown at [t:/workspace/hotspot/src/share/vm/prims/methodHandles.cpp, line 1256]
Event: 1.608 Thread 0x0000018f61b92000 Exception <a 'java/lang/NoClassDefFoundError'{0x00000006d0e60c30}: RJavaClassLoader> (0x00000006d0e60c30) thrown at [t:/workspace/hotspot/src/share/vm/classfile/systemDictionary.cpp, line 207]
Event: 1.608 Thread 0x0000018f61b92000 Exception <a 'java/lang/NoClassDefFoundError'{0x00000006d0e617f8}: RJavaClassLoader> (0x00000006d0e617f8) thrown at [t:/workspace/hotspot/src/share/vm/classfile/systemDictionary.cpp, line 207]
Event: 1.615 Thread 0x0000018f61b92000 Exception <a 'java/lang/IllegalArgumentException'{0x00000006d0e71f20}: object is not an instance of declaring class> (0x00000006d0e71f20) thrown at [t:/workspace/hotspot/src/share/vm/runtime/reflection.cpp, line 1075]

Events (10 events):
Event: 1.607 loading class RJavaClassLoader
Event: 1.607 loading class RJavaClassLoader done
Event: 1.608 loading class RJavaClassLoader
Event: 1.608 loading class RJavaClassLoader done
Event: 1.610 loading class java/net/URLClassLoader$7
Event: 1.610 loading class jdk/internal/misc/JavaNetURLClassLoaderAccess
Event: 1.611 loading class jdk/internal/misc/JavaNetURLClassLoaderAccess done
Event: 1.611 loading class java/net/URLClassLoader$7 done
Event: 1.612 loading class java/util/StringJoiner
Event: 1.612 loading class java/util/StringJoiner done


Dynamic libraries:
0x00007ff69ff20000 - 0x00007ff69ff5e000 	C:\Program Files\Java\jdk-9.0.4\bin\java.exe
0x00007ffd4e520000 - 0x00007ffd4e700000 	C:\WINDOWS\SYSTEM32\ntdll.dll
0x00007ffd4e440000 - 0x00007ffd4e4ee000 	C:\WINDOWS\System32\KERNEL32.DLL
0x00007ffd4ad60000 - 0x00007ffd4afc6000 	C:\WINDOWS\System32\KERNELBASE.dll
0x00007ffd4ccf0000 - 0x00007ffd4cd91000 	C:\WINDOWS\System32\ADVAPI32.dll
0x00007ffd4bff0000 - 0x00007ffd4c08d000 	C:\WINDOWS\System32\msvcrt.dll
0x00007ffd4b9f0000 - 0x00007ffd4ba4b000 	C:\WINDOWS\System32\sechost.dll
0x00007ffd4c0f0000 - 0x00007ffd4c20f000 	C:\WINDOWS\System32\RPCRT4.dll
0x00007ffd4be50000 - 0x00007ffd4bfdf000 	C:\WINDOWS\System32\USER32.dll
0x00007ffd4afd0000 - 0x00007ffd4aff0000 	C:\WINDOWS\System32\win32u.dll
0x00007ffd4c730000 - 0x00007ffd4c758000 	C:\WINDOWS\System32\GDI32.dll
0x00007ffd4b7f0000 - 0x00007ffd4b983000 	C:\WINDOWS\System32\gdi32full.dll
0x00007ffd4ac70000 - 0x00007ffd4ad0b000 	C:\WINDOWS\System32\msvcp_win.dll
0x00007ffd4a9a0000 - 0x00007ffd4aa96000 	C:\WINDOWS\System32\ucrtbase.dll
0x00007ffd43560000 - 0x00007ffd4356a000 	C:\WINDOWS\SYSTEM32\VERSION.dll
0x00007ffd3af70000 - 0x00007ffd3b1d9000 	C:\WINDOWS\WinSxS\amd64_microsoft.windows.common-controls_6595b64144ccf1df_6.0.16299.192_none_15c8cdae9364c23b\COMCTL32.dll
0x00007ffd4c380000 - 0x00007ffd4c688000 	C:\WINDOWS\System32\combase.dll
0x00007ffd4a920000 - 0x00007ffd4a992000 	C:\WINDOWS\System32\bcryptPrimitives.dll
0x00007ffd4e3f0000 - 0x00007ffd4e41d000 	C:\WINDOWS\System32\IMM32.DLL
0x00007ffd45a10000 - 0x00007ffd45aff000 	C:\Program Files\Java\jdk-9.0.4\bin\msvcr120.dll
0x00007ffd45960000 - 0x00007ffd45a06000 	C:\Program Files\Java\jdk-9.0.4\bin\msvcp120.dll
0x0000000053f30000 - 0x0000000054955000 	C:\Program Files\Java\jdk-9.0.4\bin\server\jvm.dll
0x00007ffd4cda0000 - 0x00007ffd4cda8000 	C:\WINDOWS\System32\PSAPI.DLL
0x00007ffd3c510000 - 0x00007ffd3c519000 	C:\WINDOWS\SYSTEM32\WSOCK32.dll
0x00007ffd45be0000 - 0x00007ffd45c03000 	C:\WINDOWS\SYSTEM32\WINMM.dll
0x00007ffd4cc80000 - 0x00007ffd4ccec000 	C:\WINDOWS\System32\WS2_32.dll
0x00007ffd45b80000 - 0x00007ffd45baa000 	C:\WINDOWS\SYSTEM32\winmmbase.dll
0x00007ffd4ad10000 - 0x00007ffd4ad5a000 	C:\WINDOWS\System32\cfgmgr32.dll
0x00007ffd47860000 - 0x00007ffd4786f000 	C:\Program Files\Java\jdk-9.0.4\bin\verify.dll
0x00007ffd45930000 - 0x00007ffd45957000 	C:\Program Files\Java\jdk-9.0.4\bin\java.dll
0x00007ffd3a7b0000 - 0x00007ffd3a7da000 	C:\Program Files\Java\jdk-9.0.4\bin\instrument.dll
0x00007ffd45910000 - 0x00007ffd45926000 	C:\Program Files\Java\jdk-9.0.4\bin\zip.dll
0x00007ffd47850000 - 0x00007ffd4785a000 	C:\Program Files\Java\jdk-9.0.4\bin\jimage.dll
0x00007ffd4cdb0000 - 0x00007ffd4e1e6000 	C:\WINDOWS\System32\SHELL32.dll
0x00007ffd4bd40000 - 0x00007ffd4bde6000 	C:\WINDOWS\System32\shcore.dll
0x00007ffd4aff0000 - 0x00007ffd4b737000 	C:\WINDOWS\System32\windows.storage.dll
0x00007ffd4c090000 - 0x00007ffd4c0e1000 	C:\WINDOWS\System32\shlwapi.dll
0x00007ffd4a890000 - 0x00007ffd4a8a1000 	C:\WINDOWS\System32\kernel.appcore.dll
0x00007ffd4a8b0000 - 0x00007ffd4a8fc000 	C:\WINDOWS\System32\powrprof.dll
0x00007ffd4a900000 - 0x00007ffd4a91b000 	C:\WINDOWS\System32\profapi.dll
0x00007ffd41080000 - 0x00007ffd4109a000 	C:\Program Files\Java\jdk-9.0.4\bin\net.dll
0x00007ffd46e10000 - 0x00007ffd46eee000 	C:\WINDOWS\SYSTEM32\WINHTTP.dll
0x00007ffd4a100000 - 0x00007ffd4a166000 	C:\WINDOWS\system32\mswsock.dll
0x00007ffd38ff0000 - 0x00007ffd39001000 	C:\Program Files\Java\jdk-9.0.4\bin\nio.dll
0x00007ffd458b0000 - 0x00007ffd458ca000 	C:\Program Files\JetBrains\IntelliJ IDEA Community Edition 2017.3.3\bin\breakgen64.dll
0x0000018f0b850000 - 0x0000018f0b853000 	C:\Program Files\Java\jdk-9.0.4\bin\api-ms-win-core-console-l1-1-0.dll
0x0000018f0b860000 - 0x0000018f0b863000 	C:\Program Files\Java\jdk-9.0.4\bin\api-ms-win-core-datetime-l1-1-0.dll
0x0000018f0b870000 - 0x0000018f0b873000 	C:\Program Files\Java\jdk-9.0.4\bin\api-ms-win-core-debug-l1-1-0.dll
0x0000018f0b880000 - 0x0000018f0b883000 	C:\Program Files\Java\jdk-9.0.4\bin\api-ms-win-core-errorhandling-l1-1-0.dll
0x0000018f0b890000 - 0x0000018f0b894000 	C:\Program Files\Java\jdk-9.0.4\bin\api-ms-win-core-file-l1-1-0.dll
0x0000018f0b8a0000 - 0x0000018f0b8a3000 	C:\Program Files\Java\jdk-9.0.4\bin\api-ms-win-core-file-l1-2-0.dll
0x0000018f0b8b0000 - 0x0000018f0b8b3000 	C:\Program Files\Java\jdk-9.0.4\bin\api-ms-win-core-file-l2-1-0.dll
0x0000018f0b8c0000 - 0x0000018f0b8c3000 	C:\Program Files\Java\jdk-9.0.4\bin\api-ms-win-core-handle-l1-1-0.dll
0x0000018f0b8d0000 - 0x0000018f0b8d3000 	C:\Program Files\Java\jdk-9.0.4\bin\api-ms-win-core-heap-l1-1-0.dll
0x0000018f0b8e0000 - 0x0000018f0b8e3000 	C:\Program Files\Java\jdk-9.0.4\bin\api-ms-win-core-interlocked-l1-1-0.dll
0x0000018f0b8f0000 - 0x0000018f0b8f3000 	C:\Program Files\Java\jdk-9.0.4\bin\api-ms-win-core-libraryloader-l1-1-0.dll
0x0000018f0b900000 - 0x0000018f0b903000 	C:\Program Files\Java\jdk-9.0.4\bin\api-ms-win-core-localization-l1-2-0.dll
0x0000018f0b910000 - 0x0000018f0b913000 	C:\Program Files\Java\jdk-9.0.4\bin\api-ms-win-core-memory-l1-1-0.dll
0x0000018f0b920000 - 0x0000018f0b923000 	C:\Program Files\Java\jdk-9.0.4\bin\api-ms-win-core-namedpipe-l1-1-0.dll
0x0000018f0b930000 - 0x0000018f0b933000 	C:\Program Files\Java\jdk-9.0.4\bin\api-ms-win-core-processenvironment-l1-1-0.dll
0x0000018f0b940000 - 0x0000018f0b943000 	C:\Program Files\Java\jdk-9.0.4\bin\api-ms-win-core-processthreads-l1-1-0.dll
0x0000018f0b950000 - 0x0000018f0b953000 	C:\Program Files\Java\jdk-9.0.4\bin\api-ms-win-core-processthreads-l1-1-1.dll
0x0000018f0b960000 - 0x0000018f0b963000 	C:\Program Files\Java\jdk-9.0.4\bin\api-ms-win-core-profile-l1-1-0.dll
0x0000018f0b970000 - 0x0000018f0b973000 	C:\Program Files\Java\jdk-9.0.4\bin\api-ms-win-core-rtlsupport-l1-1-0.dll
0x0000018f0b980000 - 0x0000018f0b983000 	C:\Program Files\Java\jdk-9.0.4\bin\api-ms-win-core-string-l1-1-0.dll
0x0000018f0b990000 - 0x0000018f0b993000 	C:\Program Files\Java\jdk-9.0.4\bin\api-ms-win-core-synch-l1-1-0.dll
0x0000018f0b9a0000 - 0x0000018f0b9a3000 	C:\Program Files\Java\jdk-9.0.4\bin\api-ms-win-core-synch-l1-2-0.dll
0x0000018f0b9b0000 - 0x0000018f0b9b3000 	C:\Program Files\Java\jdk-9.0.4\bin\api-ms-win-core-sysinfo-l1-1-0.dll
0x0000018f0b9c0000 - 0x0000018f0b9c3000 	C:\Program Files\Java\jdk-9.0.4\bin\api-ms-win-core-timezone-l1-1-0.dll
0x0000018f0b9d0000 - 0x0000018f0b9d3000 	C:\Program Files\Java\jdk-9.0.4\bin\api-ms-win-core-util-l1-1-0.dll
0x0000018f0b9e0000 - 0x0000018f0b9e3000 	C:\Program Files\Java\jdk-9.0.4\bin\api-ms-win-crt-conio-l1-1-0.dll
0x0000018f0b9f0000 - 0x0000018f0b9f4000 	C:\Program Files\Java\jdk-9.0.4\bin\api-ms-win-crt-convert-l1-1-0.dll
0x0000018f0ba00000 - 0x0000018f0ba03000 	C:\Program Files\Java\jdk-9.0.4\bin\api-ms-win-crt-environment-l1-1-0.dll
0x0000018f0ba10000 - 0x0000018f0ba13000 	C:\Program Files\Java\jdk-9.0.4\bin\api-ms-win-crt-filesystem-l1-1-0.dll
0x0000018f0ba20000 - 0x0000018f0ba23000 	C:\Program Files\Java\jdk-9.0.4\bin\api-ms-win-crt-heap-l1-1-0.dll
0x0000018f0ba30000 - 0x0000018f0ba33000 	C:\Program Files\Java\jdk-9.0.4\bin\api-ms-win-crt-locale-l1-1-0.dll
0x0000018f0ba40000 - 0x0000018f0ba45000 	C:\Program Files\Java\jdk-9.0.4\bin\api-ms-win-crt-math-l1-1-0.dll
0x0000018f0ba50000 - 0x0000018f0ba55000 	C:\Program Files\Java\jdk-9.0.4\bin\api-ms-win-crt-multibyte-l1-1-0.dll
0x0000018f0ba60000 - 0x0000018f0ba70000 	C:\Program Files\Java\jdk-9.0.4\bin\api-ms-win-crt-private-l1-1-0.dll
0x0000018f0ba70000 - 0x0000018f0ba73000 	C:\Program Files\Java\jdk-9.0.4\bin\api-ms-win-crt-process-l1-1-0.dll
0x0000018f0ba80000 - 0x0000018f0ba84000 	C:\Program Files\Java\jdk-9.0.4\bin\api-ms-win-crt-runtime-l1-1-0.dll
0x0000018f0ba90000 - 0x0000018f0ba94000 	C:\Program Files\Java\jdk-9.0.4\bin\api-ms-win-crt-stdio-l1-1-0.dll
0x0000018f0baa0000 - 0x0000018f0baa4000 	C:\Program Files\Java\jdk-9.0.4\bin\api-ms-win-crt-string-l1-1-0.dll
0x0000018f0bab0000 - 0x0000018f0bab3000 	C:\Program Files\Java\jdk-9.0.4\bin\api-ms-win-crt-time-l1-1-0.dll
0x0000018f0bac0000 - 0x0000018f0bac3000 	C:\Program Files\Java\jdk-9.0.4\bin\api-ms-win-crt-utility-l1-1-0.dll
0x00007ffd1cc60000 - 0x00007ffd1cd56000 	C:\Program Files\Java\jdk-9.0.4\bin\ucrtbase.dll
0x00007ffd37640000 - 0x00007ffd37656000 	C:\Program Files\Java\jdk-9.0.4\bin\vcruntime140.dll
0x00007ffd1e510000 - 0x00007ffd1e5ac000 	C:\Program Files\Java\jdk-9.0.4\bin\msvcp140.dll
0x00007ffd27bd0000 - 0x00007ffd27c21000 	C:\Program Files\Java\jdk-9.0.4\bin\concrt140.dll
0x00007ffd2f880000 - 0x00007ffd2f8a3000 	C:\Program Files\Java\jdk-9.0.4\bin\prism_d3d.dll
0x00007ffd1b310000 - 0x00007ffd1b4a5000 	C:\WINDOWS\system32\d3d9.dll
0x00007ffd48d10000 - 0x00007ffd48d3a000 	C:\WINDOWS\SYSTEM32\dwmapi.dll
0x00007ffd48a50000 - 0x00007ffd48ae5000 	C:\WINDOWS\system32\uxtheme.dll
0x00007ffd43570000 - 0x00007ffd4374a000 	C:\WINDOWS\System32\DriverStore\FileRepository\c0318486.inf_amd64_11ba0b4b7cc81d52\aticfx64.dll
0x00007ffd1fb90000 - 0x00007ffd1fbc2000 	C:\WINDOWS\System32\DriverStore\FileRepository\c0318486.inf_amd64_11ba0b4b7cc81d52\atiu9p64.dll
0x00007ffcfb640000 - 0x00007ffcfc17c000 	C:\WINDOWS\System32\DriverStore\FileRepository\c0318486.inf_amd64_11ba0b4b7cc81d52\atiumd64.dll
0x00007ffd4bbe0000 - 0x00007ffd4bd29000 	C:\WINDOWS\System32\ole32.dll
0x00000000765b0000 - 0x0000000077243000 	C:\WINDOWS\System32\DriverStore\FileRepository\c0318486.inf_amd64_11ba0b4b7cc81d52\atiumd6a.dll
0x00007ffd42660000 - 0x00007ffd42680000 	C:\WINDOWS\SYSTEM32\amdihk64.dll
0x000000000f000000 - 0x000000000f006000 	C:\WINDOWS\SYSTEM32\detoured.dll
0x00007ffd1cc10000 - 0x00007ffd1cc5a000 	C:\Program Files\Java\jdk-9.0.4\bin\glass.dll
0x00007ffd4ba50000 - 0x00007ffd4bb5a000 	C:\WINDOWS\System32\COMDLG32.dll
0x00007ffd4cbb0000 - 0x00007ffd4cc75000 	C:\WINDOWS\System32\OLEAUT32.dll
0x00007ffd4c210000 - 0x00007ffd4c377000 	C:\WINDOWS\System32\MSCTF.dll
0x0000000062d80000 - 0x0000000062d97000 	C:\Users\John Doe\Documents\R\win-library\3.4\rJava\jri\x64\jri.dll
0x000000006c700000 - 0x000000006e597000 	C:\Program Files\R\R-3.4.3\bin\x64\R.dll
0x0000000064e80000 - 0x0000000064ed2000 	C:\Program Files\R\R-3.4.3\bin\x64\Rblas.dll
0x00000000641c0000 - 0x00000000641d6000 	C:\Program Files\R\R-3.4.3\bin\x64\Riconv.dll
0x0000000063540000 - 0x00000000635a1000 	C:\Program Files\R\R-3.4.3\bin\x64\Rgraphapp.dll
0x00007ffd41b90000 - 0x00007ffd41b97000 	C:\WINDOWS\SYSTEM32\MSIMG32.dll
0x0000000064a40000 - 0x0000000064a53000 	C:\Program Files\R\R-3.4.3\library\methods\libs\x64\methods.dll
0x000000006e5c0000 - 0x000000006e5ea000 	C:\Program Files\R\R-3.4.3\library\utils\libs\x64\utils.dll
0x000000006fc80000 - 0x000000006fd8b000 	C:\Program Files\R\R-3.4.3\library\grDevices\libs\x64\grDevices.dll
0x0000000063740000 - 0x0000000063788000 	C:\Program Files\R\R-3.4.3\library\graphics\libs\x64\graphics.dll
0x0000000071100000 - 0x00000000711aa000 	C:\Program Files\R\R-3.4.3\library\stats\libs\x64\stats.dll
0x0000000000a60000 - 0x0000000000d20000 	C:\Program Files\R\R-3.4.3\bin\x64\Rlapack.dll
0x0000000066900000 - 0x0000000066917000 	C:\Program Files\R\R-3.4.3\library\randomForest\libs\x64\randomForest.dll
0x0000000064080000 - 0x0000000064096000 	C:\Program Files\R\R-3.4.3\library\rJava\libs\x64\rJava.dll
0x00007ffd3c6a0000 - 0x00007ffd3c868000 	C:\WINDOWS\SYSTEM32\dbghelp.dll

VM Arguments:
jvm_args: -Djava.library.path=C:\Users\John Doe\Documents\R\win-library\3.4\rJava\jri\x64 -javaagent:C:\Program Files\JetBrains\IntelliJ IDEA Community Edition 2017.3.3\lib\idea_rt.jar=57707:C:\Program Files\JetBrains\IntelliJ IDEA Community Edition 2017.3.3\bin -Dfile.encoding=UTF-8 
java_command: sample.Main
java_class_path (initial): D:\Coding\Mockup\out\production\Mockup;D:\Coding\Mockup\lib\JRI.jar
Launcher Type: SUN_STANDARD

Logging:
Log output configuration:
#0: stdout all=warning uptime,level,tags
#1: stderr all=off uptime,level,tags

Environment Variables:
JAVA_HOME=C:\\Program Files\\Java\\jre1.8.0_161\\
CLASSPATH=C:/Users/John Doe/Documents/R/win-library/3.4/rJava/java
PATH=C:/Program Files/R/R-3.4.3/bin/x64
USERNAME=John Doe
OS=Windows_NT
PROCESSOR_IDENTIFIER=AMD64 Family 21 Model 2 Stepping 0, AuthenticAMD



---------------  S Y S T E M  ---------------

OS: Windows 10 , 64 bit Build 16299 (10.0.16299.15)

CPU:total 8 (initial active 8) (8 cores per cpu, 1 threads per core) family 21 model 2 stepping 0, cmov, cx8, fxsr, mmx, sse, sse2, sse3, ssse3, sse4.1, sse4.2, popcnt, avx, aes, clmul, mmxext, 3dnowpref, lzcnt, sse4a, tsc, tscinvbit, tscinv, bmi1

Memory: 4k page, physical 16671472k(7009164k free), swap 19161840k(2494108k free)

vm_info: Java HotSpot(TM) 64-Bit Server VM (9.0.4+11) for windows-amd64 JRE (9.0.4+11), built on Dec 20 2017 02:18:54 by "mach5one" with MS VC++ 12.0 (VS2013)

END.
