#
# A fatal error has been detected by the Java Runtime Environment:
#
#  EXCEPTION_ACCESS_VIOLATION (0xc0000005) at pc=0x00000000542ad411, pid=2208, tid=20436
#
# JRE version: Java(TM) SE Runtime Environment (9.0+11) (build 9.0.4+11)
# Java VM: Java HotSpot(TM) 64-Bit Server VM (9.0.4+11, mixed mode, tiered, compressed oops, g1 gc, windows-amd64)
# Problematic frame:
# V  [jvm.dll+0x37d411]
#
# No core dump will be written. Minidumps are not enabled by default on client versions of Windows
#
# If you would like to submit a bug report, please visit:
#   http://bugreport.java.com/bugreport/crash.jsp
#

---------------  S U M M A R Y ------------

Command Line: -Djava.library.path=C:\Users\John Doe\Documents\R\win-library\3.4\rJava\jri\x64 -javaagent:C:\Program Files\JetBrains\IntelliJ IDEA Community Edition 2017.3.3\lib\idea_rt.jar=57713:C:\Program Files\JetBrains\IntelliJ IDEA Community Edition 2017.3.3\bin -Dfile.encoding=UTF-8 sample.Main

Host: AMD FX-8320E Eight-Core Processor              , 8 cores, 15G,  Windows 10 , 64 bit Build 16299 (10.0.16299.15)
Time: Thu Jan 25 17:55:19 2018 W. Europe Standard Time elapsed time: 1 seconds (0d 0h 0m 1s)

---------------  T H R E A D  ---------------

Current thread (0x0000025308a71000):  JavaThread "main" [_thread_in_vm, id=20436, stack(0x000000a664800000,0x000000a664900000)]

Stack: [0x000000a664800000,0x000000a664900000],  sp=0x000000a6648d9480,  free space=869k
Native frames: (J=compiled Java code, j=interpreted, Vv=VM code, C=native code)
V  [jvm.dll+0x37d411]
C  [rJava.dll+0x4beb]
C  [rJava.dll+0x4c12]
C  [rJava.dll+0x7f8f]
C  [rJava.dll+0x57f8]
C  [rJava.dll+0x582a]
C  [R.dll+0x98774]
C  [R.dll+0xf0053]
C  [R.dll+0xf3af2]
C  [R.dll+0xefee5]
C  [R.dll+0xf1ce0]
C  [R.dll+0xf2002]
C  [R.dll+0xe4599]
C  [R.dll+0xefac1]
C  [R.dll+0xf1ce0]
C  [R.dll+0xf2002]
C  [R.dll+0xefc57]
C  [R.dll+0xf290d]
C  [R.dll+0xefe2e]
C  [R.dll+0xf5f48]
C  [R.dll+0xefe2e]
C  [R.dll+0xf290d]
C  [R.dll+0xefe2e]
C  [R.dll+0xefe2e]
C  [R.dll+0xf290d]
C  [R.dll+0xefe2e]
C  [R.dll+0xf1ce0]
C  [R.dll+0xf2002]
C  [R.dll+0xefc57]
C  [R.dll+0xf033c]
C  [R.dll+0xea864]
C  [R.dll+0xefac1]
C  [R.dll+0xf033c]
C  [R.dll+0xea864]
C  [R.dll+0xefac1]
C  [R.dll+0xf033c]
C  [R.dll+0xea864]
C  [R.dll+0xefac1]
C  [R.dll+0xf033c]
C  [R.dll+0xea864]
C  [R.dll+0xefac1]
C  [R.dll+0xf033c]
C  [R.dll+0xea864]
C  [R.dll+0xefac1]
C  [R.dll+0xf1ce0]
C  [R.dll+0xf2002]
C  [R.dll+0xe4599]
C  [R.dll+0xefac1]
C  [R.dll+0xf1ce0]
C  [R.dll+0xf2002]
C  [R.dll+0xe4599]
C  [R.dll+0xefac1]
C  [R.dll+0xf1ce0]
C  [R.dll+0xf2002]
C  [R.dll+0xe4599]
C  [R.dll+0xefac1]
C  [R.dll+0xf1ce0]
C  [R.dll+0xf2002]
C  [R.dll+0xe4599]
C  [R.dll+0xefac1]
C  [R.dll+0xf1ce0]
C  [R.dll+0xf2002]
C  [R.dll+0xefc57]
C  [R.dll+0xf3966]
C  [R.dll+0xefe2e]
C  [R.dll+0xf290d]
C  [R.dll+0xefe2e]
C  [R.dll+0xefe2e]
C  [R.dll+0xf290d]
C  [R.dll+0xefe2e]
C  [R.dll+0xefe2e]
C  [R.dll+0xf290d]
C  [R.dll+0xefe2e]
C  [R.dll+0xf1ce0]
C  [R.dll+0xf2002]
C  [R.dll+0xefc57]
C  [R.dll+0xefe2e]
C  [R.dll+0xf290d]
C  [R.dll+0xefe2e]
C  [R.dll+0xf1ce0]
C  [R.dll+0xf2002]
C  [R.dll+0xefc57]
C  [R.dll+0xf290d]
C  [R.dll+0xefe2e]
C  [R.dll+0xf1ce0]
C  [R.dll+0xf2002]
C  [R.dll+0xe4599]
C  [R.dll+0xefac1]
C  [R.dll+0xf033c]
C  [R.dll+0xea864]
C  [R.dll+0xefac1]
C  [R.dll+0xf033c]
C  [R.dll+0xea864]
C  [R.dll+0xefac1]
C  [R.dll+0xf033c]
C  [R.dll+0xea864]
C  [R.dll+0xefac1]
C  [R.dll+0xf033c]
C  [R.dll+0xea864]
...<more frames>...

Java frames: (J=compiled Java code, j=interpreted, Vv=VM code)
j  org.rosuda.JRI.Rengine.rniEval(JJ)J+0
j  org.rosuda.JRI.Rengine.eval(Ljava/lang/String;Z)Lorg/rosuda/JRI/REXP;+69
j  org.rosuda.JRI.Rengine.eval(Ljava/lang/String;)Lorg/rosuda/JRI/REXP;+3
j  sample.Main.main([Ljava/lang/String;)V+20
v  ~StubRoutines::call_stub
j  jdk.internal.reflect.NativeMethodAccessorImpl.invoke0(Ljava/lang/reflect/Method;Ljava/lang/Object;[Ljava/lang/Object;)Ljava/lang/Object;+0 java.base@9.0.4
j  jdk.internal.reflect.NativeMethodAccessorImpl.invoke(Ljava/lang/Object;[Ljava/lang/Object;)Ljava/lang/Object;+100 java.base@9.0.4
j  jdk.internal.reflect.DelegatingMethodAccessorImpl.invoke(Ljava/lang/Object;[Ljava/lang/Object;)Ljava/lang/Object;+6 java.base@9.0.4
j  java.lang.reflect.Method.invoke(Ljava/lang/Object;[Ljava/lang/Object;)Ljava/lang/Object;+59 java.base@9.0.4
j  com.sun.javafx.application.LauncherImpl.launchApplicationWithArgs(Lcom/sun/javafx/application/ModuleAccess;Ljava/lang/String;Ljava/lang/String;[Ljava/lang/String;)V+147 javafx.graphics@9.0.4
j  com.sun.javafx.application.LauncherImpl.launchApplication(Ljava/lang/String;Ljava/lang/String;[Ljava/lang/String;)V+512 javafx.graphics@9.0.4
v  ~StubRoutines::call_stub
j  jdk.internal.reflect.NativeMethodAccessorImpl.invoke0(Ljava/lang/reflect/Method;Ljava/lang/Object;[Ljava/lang/Object;)Ljava/lang/Object;+0 java.base@9.0.4
j  jdk.internal.reflect.NativeMethodAccessorImpl.invoke(Ljava/lang/Object;[Ljava/lang/Object;)Ljava/lang/Object;+100 java.base@9.0.4
j  jdk.internal.reflect.DelegatingMethodAccessorImpl.invoke(Ljava/lang/Object;[Ljava/lang/Object;)Ljava/lang/Object;+6 java.base@9.0.4
j  java.lang.reflect.Method.invoke(Ljava/lang/Object;[Ljava/lang/Object;)Ljava/lang/Object;+59 java.base@9.0.4
j  sun.launcher.LauncherHelper$FXHelper.main([Ljava/lang/String;)V+52 java.base@9.0.4
v  ~StubRoutines::call_stub

siginfo: EXCEPTION_ACCESS_VIOLATION (0xc0000005), reading address 0x0000000000000000


Register to memory mapping:

RIP=0x00000000542ad411 jvm.dll
RAX=0x0000000000000000 is an unknown value
RBX=0x0000025308a71000 is a thread
RCX=0x0000000000000100 is an unknown value
RDX=0x0000000000000000 is an unknown value
RSP=0x000000a6648d9480 is pointing into the stack for thread: 0x0000025308a71000
RBP=0x000000a6648d9578 is pointing into the stack for thread: 0x0000025308a71000
RSI=0x0000000000000000 is an unknown value
RDI=0x0000025308a71218 is an unknown value
R8 =0x0000000000000000 is an unknown value
R9 =0x000002533106adc0 is an unknown value
R10=0x000000005482f220 jvm.dll
R11=0x000000000000005c is an unknown value
R12=0x000002533972ef40 is an unknown value
R13=0x0000000000000000 is an unknown value
R14=0x0000025337220788 is an unknown value
R15=0x000000006e57d4b0 R.dll


Registers:
RAX=0x0000000000000000, RBX=0x0000025308a71000, RCX=0x0000000000000100, RDX=0x0000000000000000
RSP=0x000000a6648d9480, RBP=0x000000a6648d9578, RSI=0x0000000000000000, RDI=0x0000025308a71218
R8 =0x0000000000000000, R9 =0x000002533106adc0, R10=0x000000005482f220, R11=0x000000000000005c
R12=0x000002533972ef40, R13=0x0000000000000000, R14=0x0000025337220788, R15=0x000000006e57d4b0
RIP=0x00000000542ad411, EFLAGS=0x0000000000010246

Top of Stack: (sp=0x000000a6648d9480)
0x000000a6648d9480:   0000025339726868 0000025337220788
0x000000a6648d9490:   000000006e57d4b0 0000025337220788
0x000000a6648d94a0:   000000006ca59d90 000000006e57d2b0
0x000000a6648d94b0:   000002533972ef40 000000006ca59d7c
0x000000a6648d94c0:   00000253398fb158 000000000000000c
0x000000a6648d94d0:   000002533106adc0 0000025308a71000
0x000000a6648d94e0:   0000000000000000 0000025308a6ee90
0x000000a6648d94f0:   000000006e45d57c 000002533972efb0
0x000000a6648d9500:   0000025337220788 0000000000000000
0x000000a6648d9510:   000002533972ef40 0000000064087e92
0x000000a6648d9520:   0000025308a71000 00000000541d004a
0x000000a6648d9530:   0000025308a71000 0000000000000000
0x000000a6648d9540:   000002533106adc0 000000006e45d57c
0x000000a6648d9550:   0000000000000001 0000000064084beb
0x000000a6648d9560:   000000006e45d57c 0000000000000039
0x000000a6648d9570:   0000000000000000 000002533106adc0 

Instructions: (pc=0x00000000542ad411)
0x00000000542ad3f1:   4c 24 58 e8 07 b9 23 00 48 8b 84 24 f0 00 00 00
0x00000000542ad401:   c7 44 24 48 0c 00 00 00 48 8d ac 24 f8 00 00 00
0x00000000542ad411:   48 8b 08 48 89 6c 24 40 48 8b 51 08 48 8d 4c 24
0x00000000542ad421:   78 0f b7 42 2c 48 8b 52 08 48 8b 54 c2 48 e8 3c 



---------------  P R O C E S S  ---------------

Java Threads: ( => current thread )
  0x000002533253d800 JavaThread "Thread-2" daemon [_thread_in_native, id=9476, stack(0x000000a667600000,0x000000a667700000)]
  0x000002533253b000 JavaThread "Thread-1" [_thread_blocked, id=15720, stack(0x000000a667700000,0x000000a667800000)]
  0x000002533228d800 JavaThread "JavaFX Application Thread" [_thread_in_native, id=19576, stack(0x000000a666f00000,0x000000a667000000)]
  0x0000025332282000 JavaThread "InvokeLaterDispatcher" daemon [_thread_blocked, id=15568, stack(0x000000a666e00000,0x000000a666f00000)]
  0x0000025332025800 JavaThread "QuantumRenderer-0" daemon [_thread_blocked, id=5936, stack(0x000000a666b00000,0x000000a666c00000)]
  0x0000025331acf800 JavaThread "Service Thread" daemon [_thread_blocked, id=6828, stack(0x000000a666900000,0x000000a666a00000)]
  0x0000025331ace800 JavaThread "Monitor Ctrl-Break" daemon [_thread_in_native, id=10108, stack(0x000000a666800000,0x000000a666900000)]
  0x000002533199b800 JavaThread "Common-Cleaner" daemon [_thread_blocked, id=16796, stack(0x000000a666700000,0x000000a666800000)]
  0x0000025331921000 JavaThread "Sweeper thread" daemon [_thread_blocked, id=13648, stack(0x000000a666600000,0x000000a666700000)]
  0x00000253318ee800 JavaThread "C1 CompilerThread3" daemon [_thread_blocked, id=512, stack(0x000000a666500000,0x000000a666600000)]
  0x00000253318e4800 JavaThread "C2 CompilerThread2" daemon [_thread_blocked, id=19192, stack(0x000000a666400000,0x000000a666500000)]
  0x00000253318db000 JavaThread "C2 CompilerThread1" daemon [_thread_blocked, id=21044, stack(0x000000a666300000,0x000000a666400000)]
  0x00000253318da800 JavaThread "C2 CompilerThread0" daemon [_thread_blocked, id=19668, stack(0x000000a666200000,0x000000a666300000)]
  0x000002533188f000 JavaThread "Attach Listener" daemon [_thread_blocked, id=17532, stack(0x000000a666100000,0x000000a666200000)]
  0x000002533188e800 JavaThread "Signal Dispatcher" daemon [_thread_blocked, id=5632, stack(0x000000a666000000,0x000000a666100000)]
  0x000002533106f000 JavaThread "Finalizer" daemon [_thread_blocked, id=10972, stack(0x000000a665f00000,0x000000a666000000)]
  0x000002533106e000 JavaThread "Reference Handler" daemon [_thread_blocked, id=14912, stack(0x000000a665e00000,0x000000a665f00000)]
=>0x0000025308a71000 JavaThread "main" [_thread_in_vm, id=20436, stack(0x000000a664800000,0x000000a664900000)]

Other Threads:
  0x0000025331068000 VMThread "VM Thread" [stack: 0x000000a665d00000,0x000000a665e00000] [id=15036]
  0x0000025331ad3800 WatcherThread [stack: 0x000000a666a00000,0x000000a666b00000] [id=8768]
  0x0000025308a87000 GCTaskThread "GC Thread#0" [stack: 0x000000a664900000,0x000000a664a00000] [id=7208]
  0x0000025308a88800 GCTaskThread "GC Thread#1" [stack: 0x000000a664a00000,0x000000a664b00000] [id=14308]
  0x0000025308a8b000 GCTaskThread "GC Thread#2" [stack: 0x000000a664b00000,0x000000a664c00000] [id=21488]
  0x0000025308a93000 GCTaskThread "GC Thread#3" [stack: 0x000000a664c00000,0x000000a664d00000] [id=18836]
  0x0000025308a9e800 GCTaskThread "GC Thread#4" [stack: 0x000000a664d00000,0x000000a664e00000] [id=4340]
  0x0000025308aa1800 GCTaskThread "GC Thread#5" [stack: 0x000000a664e00000,0x000000a664f00000] [id=9724]
  0x0000025308aa2800 GCTaskThread "GC Thread#6" [stack: 0x000000a664f00000,0x000000a665000000] [id=12004]
  0x0000025308aa3800 GCTaskThread "GC Thread#7" [stack: 0x000000a665000000,0x000000a665100000] [id=17884]
  0x0000025308b14800 ConcurrentGCThread "G1 Main Marker" [stack: 0x000000a665a00000,0x000000a665b00000] [id=18032]
  0x0000025308b15000 ConcurrentGCThread "G1 Marker#0" [stack: 0x000000a665b00000,0x000000a665c00000] [id=20548]
  0x0000025308b16000 ConcurrentGCThread "G1 Marker#1" [stack: 0x000000a665c00000,0x000000a665d00000] [id=5340]
  0x0000025308ac0800 ConcurrentGCThread "G1 Refine#0" [stack: 0x000000a665800000,0x000000a665900000] [id=16452]
  0x0000025308abf800 ConcurrentGCThread "G1 Refine#1" [stack: 0x000000a665700000,0x000000a665800000] [id=4052]
  0x0000025308abf000 ConcurrentGCThread "G1 Refine#2" [stack: 0x000000a665600000,0x000000a665700000] [id=21288]
  0x0000025308abb800 ConcurrentGCThread "G1 Refine#3" [stack: 0x000000a665500000,0x000000a665600000] [id=17104]
  0x0000025308ab6800 ConcurrentGCThread "G1 Refine#4" [stack: 0x000000a665400000,0x000000a665500000] [id=1788]
  0x0000025308aab800 ConcurrentGCThread "G1 Refine#5" [stack: 0x000000a665300000,0x000000a665400000] [id=13792]
  0x0000025308aa7000 ConcurrentGCThread "G1 Refine#6" [stack: 0x000000a665200000,0x000000a665300000] [id=3292]
  0x0000025308aa6000 ConcurrentGCThread "G1 Refine#7" [stack: 0x000000a665100000,0x000000a665200000] [id=8588]
  0x0000025308ad2800 ConcurrentGCThread "G1 Young RemSet Sampling" [stack: 0x000000a665900000,0x000000a665a00000] [id=5916]

Threads with active compile tasks:

VM state:not at safepoint (normal execution)

VM Mutex/Monitor currently owned by a thread: None

Heap address: 0x00000006c1800000, size: 4072 MB, Compressed Oops mode: Zero based, Oop shift amount: 3
Narrow klass base: 0x0000000000000000, Narrow klass shift: 3
Compressed class space size: 1073741824 Address: 0x00000007c0000000

Heap:
 garbage-first heap   total 262144K, used 11264K [0x00000006c1800000, 0x00000006c1900800, 0x00000007c0000000)
  region size 1024K, 12 young (12288K), 0 survivors (0K)
 Metaspace       used 9280K, capacity 9770K, committed 9984K, reserved 1058816K
  class space    used 908K, capacity 1017K, committed 1024K, reserved 1048576K
Heap Regions: E=young(eden), S=young(survivor), O=old, HS=humongous(starts), HC=humongous(continues), CS=collection set, F=free, A=archive, TS=gc time stamp, AC=allocation context, TAMS=top-at-mark-start (previous, next)
|   0|0x00000006c1800000, 0x00000006c1800000, 0x00000006c1900000|  0%| F|  |TS  0|AC  0|TAMS 0x00000006c1800000, 0x00000006c1800000|
|   1|0x00000006c1900000, 0x00000006c1900000, 0x00000006c1a00000|  0%| F|  |TS  0|AC  0|TAMS 0x00000006c1900000, 0x00000006c1900000|
|   2|0x00000006c1a00000, 0x00000006c1a00000, 0x00000006c1b00000|  0%| F|  |TS  0|AC  0|TAMS 0x00000006c1a00000, 0x00000006c1a00000|
|   3|0x00000006c1b00000, 0x00000006c1b00000, 0x00000006c1c00000|  0%| F|  |TS  0|AC  0|TAMS 0x00000006c1b00000, 0x00000006c1b00000|
|   4|0x00000006c1c00000, 0x00000006c1c00000, 0x00000006c1d00000|  0%| F|  |TS  0|AC  0|TAMS 0x00000006c1c00000, 0x00000006c1c00000|
|   5|0x00000006c1d00000, 0x00000006c1d00000, 0x00000006c1e00000|  0%| F|  |TS  0|AC  0|TAMS 0x00000006c1d00000, 0x00000006c1d00000|
|   6|0x00000006c1e00000, 0x00000006c1e00000, 0x00000006c1f00000|  0%| F|  |TS  0|AC  0|TAMS 0x00000006c1e00000, 0x00000006c1e00000|
|   7|0x00000006c1f00000, 0x00000006c1f00000, 0x00000006c2000000|  0%| F|  |TS  0|AC  0|TAMS 0x00000006c1f00000, 0x00000006c1f00000|
|   8|0x00000006c2000000, 0x00000006c2000000, 0x00000006c2100000|  0%| F|  |TS  0|AC  0|TAMS 0x00000006c2000000, 0x00000006c2000000|
|   9|0x00000006c2100000, 0x00000006c2100000, 0x00000006c2200000|  0%| F|  |TS  0|AC  0|TAMS 0x00000006c2100000, 0x00000006c2100000|
|  10|0x00000006c2200000, 0x00000006c2200000, 0x00000006c2300000|  0%| F|  |TS  0|AC  0|TAMS 0x00000006c2200000, 0x00000006c2200000|
|  11|0x00000006c2300000, 0x00000006c2300000, 0x00000006c2400000|  0%| F|  |TS  0|AC  0|TAMS 0x00000006c2300000, 0x00000006c2300000|
|  12|0x00000006c2400000, 0x00000006c2400000, 0x00000006c2500000|  0%| F|  |TS  0|AC  0|TAMS 0x00000006c2400000, 0x00000006c2400000|
|  13|0x00000006c2500000, 0x00000006c2500000, 0x00000006c2600000|  0%| F|  |TS  0|AC  0|TAMS 0x00000006c2500000, 0x00000006c2500000|
|  14|0x00000006c2600000, 0x00000006c2600000, 0x00000006c2700000|  0%| F|  |TS  0|AC  0|TAMS 0x00000006c2600000, 0x00000006c2600000|
|  15|0x00000006c2700000, 0x00000006c2700000, 0x00000006c2800000|  0%| F|  |TS  0|AC  0|TAMS 0x00000006c2700000, 0x00000006c2700000|
|  16|0x00000006c2800000, 0x00000006c2800000, 0x00000006c2900000|  0%| F|  |TS  0|AC  0|TAMS 0x00000006c2800000, 0x00000006c2800000|
|  17|0x00000006c2900000, 0x00000006c2900000, 0x00000006c2a00000|  0%| F|  |TS  0|AC  0|TAMS 0x00000006c2900000, 0x00000006c2900000|
|  18|0x00000006c2a00000, 0x00000006c2a00000, 0x00000006c2b00000|  0%| F|  |TS  0|AC  0|TAMS 0x00000006c2a00000, 0x00000006c2a00000|
|  19|0x00000006c2b00000, 0x00000006c2b00000, 0x00000006c2c00000|  0%| F|  |TS  0|AC  0|TAMS 0x00000006c2b00000, 0x00000006c2b00000|
|  20|0x00000006c2c00000, 0x00000006c2c00000, 0x00000006c2d00000|  0%| F|  |TS  0|AC  0|TAMS 0x00000006c2c00000, 0x00000006c2c00000|
|  21|0x00000006c2d00000, 0x00000006c2d00000, 0x00000006c2e00000|  0%| F|  |TS  0|AC  0|TAMS 0x00000006c2d00000, 0x00000006c2d00000|
|  22|0x00000006c2e00000, 0x00000006c2e00000, 0x00000006c2f00000|  0%| F|  |TS  0|AC  0|TAMS 0x00000006c2e00000, 0x00000006c2e00000|
|  23|0x00000006c2f00000, 0x00000006c2f00000, 0x00000006c3000000|  0%| F|  |TS  0|AC  0|TAMS 0x00000006c2f00000, 0x00000006c2f00000|
|  24|0x00000006c3000000, 0x00000006c3000000, 0x00000006c3100000|  0%| F|  |TS  0|AC  0|TAMS 0x00000006c3000000, 0x00000006c3000000|
|  25|0x00000006c3100000, 0x00000006c3100000, 0x00000006c3200000|  0%| F|  |TS  0|AC  0|TAMS 0x00000006c3100000, 0x00000006c3100000|
|  26|0x00000006c3200000, 0x00000006c3200000, 0x00000006c3300000|  0%| F|  |TS  0|AC  0|TAMS 0x00000006c3200000, 0x00000006c3200000|
|  27|0x00000006c3300000, 0x00000006c3300000, 0x00000006c3400000|  0%| F|  |TS  0|AC  0|TAMS 0x00000006c3300000, 0x00000006c3300000|
|  28|0x00000006c3400000, 0x00000006c3400000, 0x00000006c3500000|  0%| F|  |TS  0|AC  0|TAMS 0x00000006c3400000, 0x00000006c3400000|
|  29|0x00000006c3500000, 0x00000006c3500000, 0x00000006c3600000|  0%| F|  |TS  0|AC  0|TAMS 0x00000006c3500000, 0x00000006c3500000|
|  30|0x00000006c3600000, 0x00000006c3600000, 0x00000006c3700000|  0%| F|  |TS  0|AC  0|TAMS 0x00000006c3600000, 0x00000006c3600000|
|  31|0x00000006c3700000, 0x00000006c3700000, 0x00000006c3800000|  0%| F|  |TS  0|AC  0|TAMS 0x00000006c3700000, 0x00000006c3700000|
|  32|0x00000006c3800000, 0x00000006c3800000, 0x00000006c3900000|  0%| F|  |TS  0|AC  0|TAMS 0x00000006c3800000, 0x00000006c3800000|
|  33|0x00000006c3900000, 0x00000006c3900000, 0x00000006c3a00000|  0%| F|  |TS  0|AC  0|TAMS 0x00000006c3900000, 0x00000006c3900000|
|  34|0x00000006c3a00000, 0x00000006c3a00000, 0x00000006c3b00000|  0%| F|  |TS  0|AC  0|TAMS 0x00000006c3a00000, 0x00000006c3a00000|
|  35|0x00000006c3b00000, 0x00000006c3b00000, 0x00000006c3c00000|  0%| F|  |TS  0|AC  0|TAMS 0x00000006c3b00000, 0x00000006c3b00000|
|  36|0x00000006c3c00000, 0x00000006c3c00000, 0x00000006c3d00000|  0%| F|  |TS  0|AC  0|TAMS 0x00000006c3c00000, 0x00000006c3c00000|
|  37|0x00000006c3d00000, 0x00000006c3d00000, 0x00000006c3e00000|  0%| F|  |TS  0|AC  0|TAMS 0x00000006c3d00000, 0x00000006c3d00000|
|  38|0x00000006c3e00000, 0x00000006c3e00000, 0x00000006c3f00000|  0%| F|  |TS  0|AC  0|TAMS 0x00000006c3e00000, 0x00000006c3e00000|
|  39|0x00000006c3f00000, 0x00000006c3f00000, 0x00000006c4000000|  0%| F|  |TS  0|AC  0|TAMS 0x00000006c3f00000, 0x00000006c3f00000|
|  40|0x00000006c4000000, 0x00000006c4000000, 0x00000006c4100000|  0%| F|  |TS  0|AC  0|TAMS 0x00000006c4000000, 0x00000006c4000000|
|  41|0x00000006c4100000, 0x00000006c4100000, 0x00000006c4200000|  0%| F|  |TS  0|AC  0|TAMS 0x00000006c4100000, 0x00000006c4100000|
|  42|0x00000006c4200000, 0x00000006c4200000, 0x00000006c4300000|  0%| F|  |TS  0|AC  0|TAMS 0x00000006c4200000, 0x00000006c4200000|
|  43|0x00000006c4300000, 0x00000006c4300000, 0x00000006c4400000|  0%| F|  |TS  0|AC  0|TAMS 0x00000006c4300000, 0x00000006c4300000|
|  44|0x00000006c4400000, 0x00000006c4400000, 0x00000006c4500000|  0%| F|  |TS  0|AC  0|TAMS 0x00000006c4400000, 0x00000006c4400000|
|  45|0x00000006c4500000, 0x00000006c4500000, 0x00000006c4600000|  0%| F|  |TS  0|AC  0|TAMS 0x00000006c4500000, 0x00000006c4500000|
|  46|0x00000006c4600000, 0x00000006c4600000, 0x00000006c4700000|  0%| F|  |TS  0|AC  0|TAMS 0x00000006c4600000, 0x00000006c4600000|
|  47|0x00000006c4700000, 0x00000006c4700000, 0x00000006c4800000|  0%| F|  |TS  0|AC  0|TAMS 0x00000006c4700000, 0x00000006c4700000|
|  48|0x00000006c4800000, 0x00000006c4800000, 0x00000006c4900000|  0%| F|  |TS  0|AC  0|TAMS 0x00000006c4800000, 0x00000006c4800000|
|  49|0x00000006c4900000, 0x00000006c4900000, 0x00000006c4a00000|  0%| F|  |TS  0|AC  0|TAMS 0x00000006c4900000, 0x00000006c4900000|
|  50|0x00000006c4a00000, 0x00000006c4a00000, 0x00000006c4b00000|  0%| F|  |TS  0|AC  0|TAMS 0x00000006c4a00000, 0x00000006c4a00000|
|  51|0x00000006c4b00000, 0x00000006c4b00000, 0x00000006c4c00000|  0%| F|  |TS  0|AC  0|TAMS 0x00000006c4b00000, 0x00000006c4b00000|
|  52|0x00000006c4c00000, 0x00000006c4c00000, 0x00000006c4d00000|  0%| F|  |TS  0|AC  0|TAMS 0x00000006c4c00000, 0x00000006c4c00000|
|  53|0x00000006c4d00000, 0x00000006c4d00000, 0x00000006c4e00000|  0%| F|  |TS  0|AC  0|TAMS 0x00000006c4d00000, 0x00000006c4d00000|
|  54|0x00000006c4e00000, 0x00000006c4e00000, 0x00000006c4f00000|  0%| F|  |TS  0|AC  0|TAMS 0x00000006c4e00000, 0x00000006c4e00000|
|  55|0x00000006c4f00000, 0x00000006c4f00000, 0x00000006c5000000|  0%| F|  |TS  0|AC  0|TAMS 0x00000006c4f00000, 0x00000006c4f00000|
|  56|0x00000006c5000000, 0x00000006c5000000, 0x00000006c5100000|  0%| F|  |TS  0|AC  0|TAMS 0x00000006c5000000, 0x00000006c5000000|
|  57|0x00000006c5100000, 0x00000006c5100000, 0x00000006c5200000|  0%| F|  |TS  0|AC  0|TAMS 0x00000006c5100000, 0x00000006c5100000|
|  58|0x00000006c5200000, 0x00000006c5200000, 0x00000006c5300000|  0%| F|  |TS  0|AC  0|TAMS 0x00000006c5200000, 0x00000006c5200000|
|  59|0x00000006c5300000, 0x00000006c5300000, 0x00000006c5400000|  0%| F|  |TS  0|AC  0|TAMS 0x00000006c5300000, 0x00000006c5300000|
|  60|0x00000006c5400000, 0x00000006c5400000, 0x00000006c5500000|  0%| F|  |TS  0|AC  0|TAMS 0x00000006c5400000, 0x00000006c5400000|
|  61|0x00000006c5500000, 0x00000006c5500000, 0x00000006c5600000|  0%| F|  |TS  0|AC  0|TAMS 0x00000006c5500000, 0x00000006c5500000|
|  62|0x00000006c5600000, 0x00000006c5600000, 0x00000006c5700000|  0%| F|  |TS  0|AC  0|TAMS 0x00000006c5600000, 0x00000006c5600000|
|  63|0x00000006c5700000, 0x00000006c5700000, 0x00000006c5800000|  0%| F|  |TS  0|AC  0|TAMS 0x00000006c5700000, 0x00000006c5700000|
|  64|0x00000006c5800000, 0x00000006c5800000, 0x00000006c5900000|  0%| F|  |TS  0|AC  0|TAMS 0x00000006c5800000, 0x00000006c5800000|
|  65|0x00000006c5900000, 0x00000006c5900000, 0x00000006c5a00000|  0%| F|  |TS  0|AC  0|TAMS 0x00000006c5900000, 0x00000006c5900000|
|  66|0x00000006c5a00000, 0x00000006c5a00000, 0x00000006c5b00000|  0%| F|  |TS  0|AC  0|TAMS 0x00000006c5a00000, 0x00000006c5a00000|
|  67|0x00000006c5b00000, 0x00000006c5b00000, 0x00000006c5c00000|  0%| F|  |TS  0|AC  0|TAMS 0x00000006c5b00000, 0x00000006c5b00000|
|  68|0x00000006c5c00000, 0x00000006c5c00000, 0x00000006c5d00000|  0%| F|  |TS  0|AC  0|TAMS 0x00000006c5c00000, 0x00000006c5c00000|
|  69|0x00000006c5d00000, 0x00000006c5d00000, 0x00000006c5e00000|  0%| F|  |TS  0|AC  0|TAMS 0x00000006c5d00000, 0x00000006c5d00000|
|  70|0x00000006c5e00000, 0x00000006c5e00000, 0x00000006c5f00000|  0%| F|  |TS  0|AC  0|TAMS 0x00000006c5e00000, 0x00000006c5e00000|
|  71|0x00000006c5f00000, 0x00000006c5f00000, 0x00000006c6000000|  0%| F|  |TS  0|AC  0|TAMS 0x00000006c5f00000, 0x00000006c5f00000|
|  72|0x00000006c6000000, 0x00000006c6000000, 0x00000006c6100000|  0%| F|  |TS  0|AC  0|TAMS 0x00000006c6000000, 0x00000006c6000000|
|  73|0x00000006c6100000, 0x00000006c6100000, 0x00000006c6200000|  0%| F|  |TS  0|AC  0|TAMS 0x00000006c6100000, 0x00000006c6100000|
|  74|0x00000006c6200000, 0x00000006c6200000, 0x00000006c6300000|  0%| F|  |TS  0|AC  0|TAMS 0x00000006c6200000, 0x00000006c6200000|
|  75|0x00000006c6300000, 0x00000006c6300000, 0x00000006c6400000|  0%| F|  |TS  0|AC  0|TAMS 0x00000006c6300000, 0x00000006c6300000|
|  76|0x00000006c6400000, 0x00000006c6400000, 0x00000006c6500000|  0%| F|  |TS  0|AC  0|TAMS 0x00000006c6400000, 0x00000006c6400000|
|  77|0x00000006c6500000, 0x00000006c6500000, 0x00000006c6600000|  0%| F|  |TS  0|AC  0|TAMS 0x00000006c6500000, 0x00000006c6500000|
|  78|0x00000006c6600000, 0x00000006c6600000, 0x00000006c6700000|  0%| F|  |TS  0|AC  0|TAMS 0x00000006c6600000, 0x00000006c6600000|
|  79|0x00000006c6700000, 0x00000006c6700000, 0x00000006c6800000|  0%| F|  |TS  0|AC  0|TAMS 0x00000006c6700000, 0x00000006c6700000|
|  80|0x00000006c6800000, 0x00000006c6800000, 0x00000006c6900000|  0%| F|  |TS  0|AC  0|TAMS 0x00000006c6800000, 0x00000006c6800000|
|  81|0x00000006c6900000, 0x00000006c6900000, 0x00000006c6a00000|  0%| F|  |TS  0|AC  0|TAMS 0x00000006c6900000, 0x00000006c6900000|
|  82|0x00000006c6a00000, 0x00000006c6a00000, 0x00000006c6b00000|  0%| F|  |TS  0|AC  0|TAMS 0x00000006c6a00000, 0x00000006c6a00000|
|  83|0x00000006c6b00000, 0x00000006c6b00000, 0x00000006c6c00000|  0%| F|  |TS  0|AC  0|TAMS 0x00000006c6b00000, 0x00000006c6b00000|
|  84|0x00000006c6c00000, 0x00000006c6c00000, 0x00000006c6d00000|  0%| F|  |TS  0|AC  0|TAMS 0x00000006c6c00000, 0x00000006c6c00000|
|  85|0x00000006c6d00000, 0x00000006c6d00000, 0x00000006c6e00000|  0%| F|  |TS  0|AC  0|TAMS 0x00000006c6d00000, 0x00000006c6d00000|
|  86|0x00000006c6e00000, 0x00000006c6e00000, 0x00000006c6f00000|  0%| F|  |TS  0|AC  0|TAMS 0x00000006c6e00000, 0x00000006c6e00000|
|  87|0x00000006c6f00000, 0x00000006c6f00000, 0x00000006c7000000|  0%| F|  |TS  0|AC  0|TAMS 0x00000006c6f00000, 0x00000006c6f00000|
|  88|0x00000006c7000000, 0x00000006c7000000, 0x00000006c7100000|  0%| F|  |TS  0|AC  0|TAMS 0x00000006c7000000, 0x00000006c7000000|
|  89|0x00000006c7100000, 0x00000006c7100000, 0x00000006c7200000|  0%| F|  |TS  0|AC  0|TAMS 0x00000006c7100000, 0x00000006c7100000|
|  90|0x00000006c7200000, 0x00000006c7200000, 0x00000006c7300000|  0%| F|  |TS  0|AC  0|TAMS 0x00000006c7200000, 0x00000006c7200000|
|  91|0x00000006c7300000, 0x00000006c7300000, 0x00000006c7400000|  0%| F|  |TS  0|AC  0|TAMS 0x00000006c7300000, 0x00000006c7300000|
|  92|0x00000006c7400000, 0x00000006c7400000, 0x00000006c7500000|  0%| F|  |TS  0|AC  0|TAMS 0x00000006c7400000, 0x00000006c7400000|
|  93|0x00000006c7500000, 0x00000006c7500000, 0x00000006c7600000|  0%| F|  |TS  0|AC  0|TAMS 0x00000006c7500000, 0x00000006c7500000|
|  94|0x00000006c7600000, 0x00000006c7600000, 0x00000006c7700000|  0%| F|  |TS  0|AC  0|TAMS 0x00000006c7600000, 0x00000006c7600000|
|  95|0x00000006c7700000, 0x00000006c7700000, 0x00000006c7800000|  0%| F|  |TS  0|AC  0|TAMS 0x00000006c7700000, 0x00000006c7700000|
|  96|0x00000006c7800000, 0x00000006c7800000, 0x00000006c7900000|  0%| F|  |TS  0|AC  0|TAMS 0x00000006c7800000, 0x00000006c7800000|
|  97|0x00000006c7900000, 0x00000006c7900000, 0x00000006c7a00000|  0%| F|  |TS  0|AC  0|TAMS 0x00000006c7900000, 0x00000006c7900000|
|  98|0x00000006c7a00000, 0x00000006c7a00000, 0x00000006c7b00000|  0%| F|  |TS  0|AC  0|TAMS 0x00000006c7a00000, 0x00000006c7a00000|
|  99|0x00000006c7b00000, 0x00000006c7b00000, 0x00000006c7c00000|  0%| F|  |TS  0|AC  0|TAMS 0x00000006c7b00000, 0x00000006c7b00000|
| 100|0x00000006c7c00000, 0x00000006c7c00000, 0x00000006c7d00000|  0%| F|  |TS  0|AC  0|TAMS 0x00000006c7c00000, 0x00000006c7c00000|
| 101|0x00000006c7d00000, 0x00000006c7d00000, 0x00000006c7e00000|  0%| F|  |TS  0|AC  0|TAMS 0x00000006c7d00000, 0x00000006c7d00000|
| 102|0x00000006c7e00000, 0x00000006c7e00000, 0x00000006c7f00000|  0%| F|  |TS  0|AC  0|TAMS 0x00000006c7e00000, 0x00000006c7e00000|
| 103|0x00000006c7f00000, 0x00000006c7f00000, 0x00000006c8000000|  0%| F|  |TS  0|AC  0|TAMS 0x00000006c7f00000, 0x00000006c7f00000|
| 104|0x00000006c8000000, 0x00000006c8000000, 0x00000006c8100000|  0%| F|  |TS  0|AC  0|TAMS 0x00000006c8000000, 0x00000006c8000000|
| 105|0x00000006c8100000, 0x00000006c8100000, 0x00000006c8200000|  0%| F|  |TS  0|AC  0|TAMS 0x00000006c8100000, 0x00000006c8100000|
| 106|0x00000006c8200000, 0x00000006c8200000, 0x00000006c8300000|  0%| F|  |TS  0|AC  0|TAMS 0x00000006c8200000, 0x00000006c8200000|
| 107|0x00000006c8300000, 0x00000006c8300000, 0x00000006c8400000|  0%| F|  |TS  0|AC  0|TAMS 0x00000006c8300000, 0x00000006c8300000|
| 108|0x00000006c8400000, 0x00000006c8400000, 0x00000006c8500000|  0%| F|  |TS  0|AC  0|TAMS 0x00000006c8400000, 0x00000006c8400000|
| 109|0x00000006c8500000, 0x00000006c8500000, 0x00000006c8600000|  0%| F|  |TS  0|AC  0|TAMS 0x00000006c8500000, 0x00000006c8500000|
| 110|0x00000006c8600000, 0x00000006c8600000, 0x00000006c8700000|  0%| F|  |TS  0|AC  0|TAMS 0x00000006c8600000, 0x00000006c8600000|
| 111|0x00000006c8700000, 0x00000006c8700000, 0x00000006c8800000|  0%| F|  |TS  0|AC  0|TAMS 0x00000006c8700000, 0x00000006c8700000|
| 112|0x00000006c8800000, 0x00000006c8800000, 0x00000006c8900000|  0%| F|  |TS  0|AC  0|TAMS 0x00000006c8800000, 0x00000006c8800000|
| 113|0x00000006c8900000, 0x00000006c8900000, 0x00000006c8a00000|  0%| F|  |TS  0|AC  0|TAMS 0x00000006c8900000, 0x00000006c8900000|
| 114|0x00000006c8a00000, 0x00000006c8a00000, 0x00000006c8b00000|  0%| F|  |TS  0|AC  0|TAMS 0x00000006c8a00000, 0x00000006c8a00000|
| 115|0x00000006c8b00000, 0x00000006c8b00000, 0x00000006c8c00000|  0%| F|  |TS  0|AC  0|TAMS 0x00000006c8b00000, 0x00000006c8b00000|
| 116|0x00000006c8c00000, 0x00000006c8c00000, 0x00000006c8d00000|  0%| F|  |TS  0|AC  0|TAMS 0x00000006c8c00000, 0x00000006c8c00000|
| 117|0x00000006c8d00000, 0x00000006c8d00000, 0x00000006c8e00000|  0%| F|  |TS  0|AC  0|TAMS 0x00000006c8d00000, 0x00000006c8d00000|
| 118|0x00000006c8e00000, 0x00000006c8e00000, 0x00000006c8f00000|  0%| F|  |TS  0|AC  0|TAMS 0x00000006c8e00000, 0x00000006c8e00000|
| 119|0x00000006c8f00000, 0x00000006c8f00000, 0x00000006c9000000|  0%| F|  |TS  0|AC  0|TAMS 0x00000006c8f00000, 0x00000006c8f00000|
| 120|0x00000006c9000000, 0x00000006c9000000, 0x00000006c9100000|  0%| F|  |TS  0|AC  0|TAMS 0x00000006c9000000, 0x00000006c9000000|
| 121|0x00000006c9100000, 0x00000006c9100000, 0x00000006c9200000|  0%| F|  |TS  0|AC  0|TAMS 0x00000006c9100000, 0x00000006c9100000|
| 122|0x00000006c9200000, 0x00000006c9200000, 0x00000006c9300000|  0%| F|  |TS  0|AC  0|TAMS 0x00000006c9200000, 0x00000006c9200000|
| 123|0x00000006c9300000, 0x00000006c9300000, 0x00000006c9400000|  0%| F|  |TS  0|AC  0|TAMS 0x00000006c9300000, 0x00000006c9300000|
| 124|0x00000006c9400000, 0x00000006c9400000, 0x00000006c9500000|  0%| F|  |TS  0|AC  0|TAMS 0x00000006c9400000, 0x00000006c9400000|
| 125|0x00000006c9500000, 0x00000006c9500000, 0x00000006c9600000|  0%| F|  |TS  0|AC  0|TAMS 0x00000006c9500000, 0x00000006c9500000|
| 126|0x00000006c9600000, 0x00000006c9600000, 0x00000006c9700000|  0%| F|  |TS  0|AC  0|TAMS 0x00000006c9600000, 0x00000006c9600000|
| 127|0x00000006c9700000, 0x00000006c9700000, 0x00000006c9800000|  0%| F|  |TS  0|AC  0|TAMS 0x00000006c9700000, 0x00000006c9700000|
| 128|0x00000006c9800000, 0x00000006c9800000, 0x00000006c9900000|  0%| F|  |TS  0|AC  0|TAMS 0x00000006c9800000, 0x00000006c9800000|
| 129|0x00000006c9900000, 0x00000006c9900000, 0x00000006c9a00000|  0%| F|  |TS  0|AC  0|TAMS 0x00000006c9900000, 0x00000006c9900000|
| 130|0x00000006c9a00000, 0x00000006c9a00000, 0x00000006c9b00000|  0%| F|  |TS  0|AC  0|TAMS 0x00000006c9a00000, 0x00000006c9a00000|
| 131|0x00000006c9b00000, 0x00000006c9b00000, 0x00000006c9c00000|  0%| F|  |TS  0|AC  0|TAMS 0x00000006c9b00000, 0x00000006c9b00000|
| 132|0x00000006c9c00000, 0x00000006c9c00000, 0x00000006c9d00000|  0%| F|  |TS  0|AC  0|TAMS 0x00000006c9c00000, 0x00000006c9c00000|
| 133|0x00000006c9d00000, 0x00000006c9d00000, 0x00000006c9e00000|  0%| F|  |TS  0|AC  0|TAMS 0x00000006c9d00000, 0x00000006c9d00000|
| 134|0x00000006c9e00000, 0x00000006c9e00000, 0x00000006c9f00000|  0%| F|  |TS  0|AC  0|TAMS 0x00000006c9e00000, 0x00000006c9e00000|
| 135|0x00000006c9f00000, 0x00000006c9f00000, 0x00000006ca000000|  0%| F|  |TS  0|AC  0|TAMS 0x00000006c9f00000, 0x00000006c9f00000|
| 136|0x00000006ca000000, 0x00000006ca000000, 0x00000006ca100000|  0%| F|  |TS  0|AC  0|TAMS 0x00000006ca000000, 0x00000006ca000000|
| 137|0x00000006ca100000, 0x00000006ca100000, 0x00000006ca200000|  0%| F|  |TS  0|AC  0|TAMS 0x00000006ca100000, 0x00000006ca100000|
| 138|0x00000006ca200000, 0x00000006ca200000, 0x00000006ca300000|  0%| F|  |TS  0|AC  0|TAMS 0x00000006ca200000, 0x00000006ca200000|
| 139|0x00000006ca300000, 0x00000006ca300000, 0x00000006ca400000|  0%| F|  |TS  0|AC  0|TAMS 0x00000006ca300000, 0x00000006ca300000|
| 140|0x00000006ca400000, 0x00000006ca400000, 0x00000006ca500000|  0%| F|  |TS  0|AC  0|TAMS 0x00000006ca400000, 0x00000006ca400000|
| 141|0x00000006ca500000, 0x00000006ca500000, 0x00000006ca600000|  0%| F|  |TS  0|AC  0|TAMS 0x00000006ca500000, 0x00000006ca500000|
| 142|0x00000006ca600000, 0x00000006ca600000, 0x00000006ca700000|  0%| F|  |TS  0|AC  0|TAMS 0x00000006ca600000, 0x00000006ca600000|
| 143|0x00000006ca700000, 0x00000006ca700000, 0x00000006ca800000|  0%| F|  |TS  0|AC  0|TAMS 0x00000006ca700000, 0x00000006ca700000|
| 144|0x00000006ca800000, 0x00000006ca800000, 0x00000006ca900000|  0%| F|  |TS  0|AC  0|TAMS 0x00000006ca800000, 0x00000006ca800000|
| 145|0x00000006ca900000, 0x00000006ca900000, 0x00000006caa00000|  0%| F|  |TS  0|AC  0|TAMS 0x00000006ca900000, 0x00000006ca900000|
| 146|0x00000006caa00000, 0x00000006caa00000, 0x00000006cab00000|  0%| F|  |TS  0|AC  0|TAMS 0x00000006caa00000, 0x00000006caa00000|
| 147|0x00000006cab00000, 0x00000006cab00000, 0x00000006cac00000|  0%| F|  |TS  0|AC  0|TAMS 0x00000006cab00000, 0x00000006cab00000|
| 148|0x00000006cac00000, 0x00000006cac00000, 0x00000006cad00000|  0%| F|  |TS  0|AC  0|TAMS 0x00000006cac00000, 0x00000006cac00000|
| 149|0x00000006cad00000, 0x00000006cad00000, 0x00000006cae00000|  0%| F|  |TS  0|AC  0|TAMS 0x00000006cad00000, 0x00000006cad00000|
| 150|0x00000006cae00000, 0x00000006cae00000, 0x00000006caf00000|  0%| F|  |TS  0|AC  0|TAMS 0x00000006cae00000, 0x00000006cae00000|
| 151|0x00000006caf00000, 0x00000006caf00000, 0x00000006cb000000|  0%| F|  |TS  0|AC  0|TAMS 0x00000006caf00000, 0x00000006caf00000|
| 152|0x00000006cb000000, 0x00000006cb000000, 0x00000006cb100000|  0%| F|  |TS  0|AC  0|TAMS 0x00000006cb000000, 0x00000006cb000000|
| 153|0x00000006cb100000, 0x00000006cb100000, 0x00000006cb200000|  0%| F|  |TS  0|AC  0|TAMS 0x00000006cb100000, 0x00000006cb100000|
| 154|0x00000006cb200000, 0x00000006cb200000, 0x00000006cb300000|  0%| F|  |TS  0|AC  0|TAMS 0x00000006cb200000, 0x00000006cb200000|
| 155|0x00000006cb300000, 0x00000006cb300000, 0x00000006cb400000|  0%| F|  |TS  0|AC  0|TAMS 0x00000006cb300000, 0x00000006cb300000|
| 156|0x00000006cb400000, 0x00000006cb400000, 0x00000006cb500000|  0%| F|  |TS  0|AC  0|TAMS 0x00000006cb400000, 0x00000006cb400000|
| 157|0x00000006cb500000, 0x00000006cb500000, 0x00000006cb600000|  0%| F|  |TS  0|AC  0|TAMS 0x00000006cb500000, 0x00000006cb500000|
| 158|0x00000006cb600000, 0x00000006cb600000, 0x00000006cb700000|  0%| F|  |TS  0|AC  0|TAMS 0x00000006cb600000, 0x00000006cb600000|
| 159|0x00000006cb700000, 0x00000006cb700000, 0x00000006cb800000|  0%| F|  |TS  0|AC  0|TAMS 0x00000006cb700000, 0x00000006cb700000|
| 160|0x00000006cb800000, 0x00000006cb800000, 0x00000006cb900000|  0%| F|  |TS  0|AC  0|TAMS 0x00000006cb800000, 0x00000006cb800000|
| 161|0x00000006cb900000, 0x00000006cb900000, 0x00000006cba00000|  0%| F|  |TS  0|AC  0|TAMS 0x00000006cb900000, 0x00000006cb900000|
| 162|0x00000006cba00000, 0x00000006cba00000, 0x00000006cbb00000|  0%| F|  |TS  0|AC  0|TAMS 0x00000006cba00000, 0x00000006cba00000|
| 163|0x00000006cbb00000, 0x00000006cbb00000, 0x00000006cbc00000|  0%| F|  |TS  0|AC  0|TAMS 0x00000006cbb00000, 0x00000006cbb00000|
| 164|0x00000006cbc00000, 0x00000006cbc00000, 0x00000006cbd00000|  0%| F|  |TS  0|AC  0|TAMS 0x00000006cbc00000, 0x00000006cbc00000|
| 165|0x00000006cbd00000, 0x00000006cbd00000, 0x00000006cbe00000|  0%| F|  |TS  0|AC  0|TAMS 0x00000006cbd00000, 0x00000006cbd00000|
| 166|0x00000006cbe00000, 0x00000006cbe00000, 0x00000006cbf00000|  0%| F|  |TS  0|AC  0|TAMS 0x00000006cbe00000, 0x00000006cbe00000|
| 167|0x00000006cbf00000, 0x00000006cbf00000, 0x00000006cc000000|  0%| F|  |TS  0|AC  0|TAMS 0x00000006cbf00000, 0x00000006cbf00000|
| 168|0x00000006cc000000, 0x00000006cc000000, 0x00000006cc100000|  0%| F|  |TS  0|AC  0|TAMS 0x00000006cc000000, 0x00000006cc000000|
| 169|0x00000006cc100000, 0x00000006cc100000, 0x00000006cc200000|  0%| F|  |TS  0|AC  0|TAMS 0x00000006cc100000, 0x00000006cc100000|
| 170|0x00000006cc200000, 0x00000006cc200000, 0x00000006cc300000|  0%| F|  |TS  0|AC  0|TAMS 0x00000006cc200000, 0x00000006cc200000|
| 171|0x00000006cc300000, 0x00000006cc300000, 0x00000006cc400000|  0%| F|  |TS  0|AC  0|TAMS 0x00000006cc300000, 0x00000006cc300000|
| 172|0x00000006cc400000, 0x00000006cc400000, 0x00000006cc500000|  0%| F|  |TS  0|AC  0|TAMS 0x00000006cc400000, 0x00000006cc400000|
| 173|0x00000006cc500000, 0x00000006cc500000, 0x00000006cc600000|  0%| F|  |TS  0|AC  0|TAMS 0x00000006cc500000, 0x00000006cc500000|
| 174|0x00000006cc600000, 0x00000006cc600000, 0x00000006cc700000|  0%| F|  |TS  0|AC  0|TAMS 0x00000006cc600000, 0x00000006cc600000|
| 175|0x00000006cc700000, 0x00000006cc700000, 0x00000006cc800000|  0%| F|  |TS  0|AC  0|TAMS 0x00000006cc700000, 0x00000006cc700000|
| 176|0x00000006cc800000, 0x00000006cc800000, 0x00000006cc900000|  0%| F|  |TS  0|AC  0|TAMS 0x00000006cc800000, 0x00000006cc800000|
| 177|0x00000006cc900000, 0x00000006cc900000, 0x00000006cca00000|  0%| F|  |TS  0|AC  0|TAMS 0x00000006cc900000, 0x00000006cc900000|
| 178|0x00000006cca00000, 0x00000006cca00000, 0x00000006ccb00000|  0%| F|  |TS  0|AC  0|TAMS 0x00000006cca00000, 0x00000006cca00000|
| 179|0x00000006ccb00000, 0x00000006ccb00000, 0x00000006ccc00000|  0%| F|  |TS  0|AC  0|TAMS 0x00000006ccb00000, 0x00000006ccb00000|
| 180|0x00000006ccc00000, 0x00000006ccc00000, 0x00000006ccd00000|  0%| F|  |TS  0|AC  0|TAMS 0x00000006ccc00000, 0x00000006ccc00000|
| 181|0x00000006ccd00000, 0x00000006ccd00000, 0x00000006cce00000|  0%| F|  |TS  0|AC  0|TAMS 0x00000006ccd00000, 0x00000006ccd00000|
| 182|0x00000006cce00000, 0x00000006cce00000, 0x00000006ccf00000|  0%| F|  |TS  0|AC  0|TAMS 0x00000006cce00000, 0x00000006cce00000|
| 183|0x00000006ccf00000, 0x00000006ccf00000, 0x00000006cd000000|  0%| F|  |TS  0|AC  0|TAMS 0x00000006ccf00000, 0x00000006ccf00000|
| 184|0x00000006cd000000, 0x00000006cd000000, 0x00000006cd100000|  0%| F|  |TS  0|AC  0|TAMS 0x00000006cd000000, 0x00000006cd000000|
| 185|0x00000006cd100000, 0x00000006cd100000, 0x00000006cd200000|  0%| F|  |TS  0|AC  0|TAMS 0x00000006cd100000, 0x00000006cd100000|
| 186|0x00000006cd200000, 0x00000006cd200000, 0x00000006cd300000|  0%| F|  |TS  0|AC  0|TAMS 0x00000006cd200000, 0x00000006cd200000|
| 187|0x00000006cd300000, 0x00000006cd300000, 0x00000006cd400000|  0%| F|  |TS  0|AC  0|TAMS 0x00000006cd300000, 0x00000006cd300000|
| 188|0x00000006cd400000, 0x00000006cd400000, 0x00000006cd500000|  0%| F|  |TS  0|AC  0|TAMS 0x00000006cd400000, 0x00000006cd400000|
| 189|0x00000006cd500000, 0x00000006cd500000, 0x00000006cd600000|  0%| F|  |TS  0|AC  0|TAMS 0x00000006cd500000, 0x00000006cd500000|
| 190|0x00000006cd600000, 0x00000006cd600000, 0x00000006cd700000|  0%| F|  |TS  0|AC  0|TAMS 0x00000006cd600000, 0x00000006cd600000|
| 191|0x00000006cd700000, 0x00000006cd700000, 0x00000006cd800000|  0%| F|  |TS  0|AC  0|TAMS 0x00000006cd700000, 0x00000006cd700000|
| 192|0x00000006cd800000, 0x00000006cd800000, 0x00000006cd900000|  0%| F|  |TS  0|AC  0|TAMS 0x00000006cd800000, 0x00000006cd800000|
| 193|0x00000006cd900000, 0x00000006cd900000, 0x00000006cda00000|  0%| F|  |TS  0|AC  0|TAMS 0x00000006cd900000, 0x00000006cd900000|
| 194|0x00000006cda00000, 0x00000006cda00000, 0x00000006cdb00000|  0%| F|  |TS  0|AC  0|TAMS 0x00000006cda00000, 0x00000006cda00000|
| 195|0x00000006cdb00000, 0x00000006cdb00000, 0x00000006cdc00000|  0%| F|  |TS  0|AC  0|TAMS 0x00000006cdb00000, 0x00000006cdb00000|
| 196|0x00000006cdc00000, 0x00000006cdc00000, 0x00000006cdd00000|  0%| F|  |TS  0|AC  0|TAMS 0x00000006cdc00000, 0x00000006cdc00000|
| 197|0x00000006cdd00000, 0x00000006cdd00000, 0x00000006cde00000|  0%| F|  |TS  0|AC  0|TAMS 0x00000006cdd00000, 0x00000006cdd00000|
| 198|0x00000006cde00000, 0x00000006cde00000, 0x00000006cdf00000|  0%| F|  |TS  0|AC  0|TAMS 0x00000006cde00000, 0x00000006cde00000|
| 199|0x00000006cdf00000, 0x00000006cdf00000, 0x00000006ce000000|  0%| F|  |TS  0|AC  0|TAMS 0x00000006cdf00000, 0x00000006cdf00000|
| 200|0x00000006ce000000, 0x00000006ce000000, 0x00000006ce100000|  0%| F|  |TS  0|AC  0|TAMS 0x00000006ce000000, 0x00000006ce000000|
| 201|0x00000006ce100000, 0x00000006ce100000, 0x00000006ce200000|  0%| F|  |TS  0|AC  0|TAMS 0x00000006ce100000, 0x00000006ce100000|
| 202|0x00000006ce200000, 0x00000006ce200000, 0x00000006ce300000|  0%| F|  |TS  0|AC  0|TAMS 0x00000006ce200000, 0x00000006ce200000|
| 203|0x00000006ce300000, 0x00000006ce300000, 0x00000006ce400000|  0%| F|  |TS  0|AC  0|TAMS 0x00000006ce300000, 0x00000006ce300000|
| 204|0x00000006ce400000, 0x00000006ce400000, 0x00000006ce500000|  0%| F|  |TS  0|AC  0|TAMS 0x00000006ce400000, 0x00000006ce400000|
| 205|0x00000006ce500000, 0x00000006ce500000, 0x00000006ce600000|  0%| F|  |TS  0|AC  0|TAMS 0x00000006ce500000, 0x00000006ce500000|
| 206|0x00000006ce600000, 0x00000006ce600000, 0x00000006ce700000|  0%| F|  |TS  0|AC  0|TAMS 0x00000006ce600000, 0x00000006ce600000|
| 207|0x00000006ce700000, 0x00000006ce700000, 0x00000006ce800000|  0%| F|  |TS  0|AC  0|TAMS 0x00000006ce700000, 0x00000006ce700000|
| 208|0x00000006ce800000, 0x00000006ce800000, 0x00000006ce900000|  0%| F|  |TS  0|AC  0|TAMS 0x00000006ce800000, 0x00000006ce800000|
| 209|0x00000006ce900000, 0x00000006ce900000, 0x00000006cea00000|  0%| F|  |TS  0|AC  0|TAMS 0x00000006ce900000, 0x00000006ce900000|
| 210|0x00000006cea00000, 0x00000006cea00000, 0x00000006ceb00000|  0%| F|  |TS  0|AC  0|TAMS 0x00000006cea00000, 0x00000006cea00000|
| 211|0x00000006ceb00000, 0x00000006ceb00000, 0x00000006cec00000|  0%| F|  |TS  0|AC  0|TAMS 0x00000006ceb00000, 0x00000006ceb00000|
| 212|0x00000006cec00000, 0x00000006cec00000, 0x00000006ced00000|  0%| F|  |TS  0|AC  0|TAMS 0x00000006cec00000, 0x00000006cec00000|
| 213|0x00000006ced00000, 0x00000006ced00000, 0x00000006cee00000|  0%| F|  |TS  0|AC  0|TAMS 0x00000006ced00000, 0x00000006ced00000|
| 214|0x00000006cee00000, 0x00000006cee00000, 0x00000006cef00000|  0%| F|  |TS  0|AC  0|TAMS 0x00000006cee00000, 0x00000006cee00000|
| 215|0x00000006cef00000, 0x00000006cef00000, 0x00000006cf000000|  0%| F|  |TS  0|AC  0|TAMS 0x00000006cef00000, 0x00000006cef00000|
| 216|0x00000006cf000000, 0x00000006cf000000, 0x00000006cf100000|  0%| F|  |TS  0|AC  0|TAMS 0x00000006cf000000, 0x00000006cf000000|
| 217|0x00000006cf100000, 0x00000006cf100000, 0x00000006cf200000|  0%| F|  |TS  0|AC  0|TAMS 0x00000006cf100000, 0x00000006cf100000|
| 218|0x00000006cf200000, 0x00000006cf200000, 0x00000006cf300000|  0%| F|  |TS  0|AC  0|TAMS 0x00000006cf200000, 0x00000006cf200000|
| 219|0x00000006cf300000, 0x00000006cf300000, 0x00000006cf400000|  0%| F|  |TS  0|AC  0|TAMS 0x00000006cf300000, 0x00000006cf300000|
| 220|0x00000006cf400000, 0x00000006cf400000, 0x00000006cf500000|  0%| F|  |TS  0|AC  0|TAMS 0x00000006cf400000, 0x00000006cf400000|
| 221|0x00000006cf500000, 0x00000006cf500000, 0x00000006cf600000|  0%| F|  |TS  0|AC  0|TAMS 0x00000006cf500000, 0x00000006cf500000|
| 222|0x00000006cf600000, 0x00000006cf600000, 0x00000006cf700000|  0%| F|  |TS  0|AC  0|TAMS 0x00000006cf600000, 0x00000006cf600000|
| 223|0x00000006cf700000, 0x00000006cf700000, 0x00000006cf800000|  0%| F|  |TS  0|AC  0|TAMS 0x00000006cf700000, 0x00000006cf700000|
| 224|0x00000006cf800000, 0x00000006cf800000, 0x00000006cf900000|  0%| F|  |TS  0|AC  0|TAMS 0x00000006cf800000, 0x00000006cf800000|
| 225|0x00000006cf900000, 0x00000006cf900000, 0x00000006cfa00000|  0%| F|  |TS  0|AC  0|TAMS 0x00000006cf900000, 0x00000006cf900000|
| 226|0x00000006cfa00000, 0x00000006cfa00000, 0x00000006cfb00000|  0%| F|  |TS  0|AC  0|TAMS 0x00000006cfa00000, 0x00000006cfa00000|
| 227|0x00000006cfb00000, 0x00000006cfb00000, 0x00000006cfc00000|  0%| F|  |TS  0|AC  0|TAMS 0x00000006cfb00000, 0x00000006cfb00000|
| 228|0x00000006cfc00000, 0x00000006cfc00000, 0x00000006cfd00000|  0%| F|  |TS  0|AC  0|TAMS 0x00000006cfc00000, 0x00000006cfc00000|
| 229|0x00000006cfd00000, 0x00000006cfd00000, 0x00000006cfe00000|  0%| F|  |TS  0|AC  0|TAMS 0x00000006cfd00000, 0x00000006cfd00000|
| 230|0x00000006cfe00000, 0x00000006cfe00000, 0x00000006cff00000|  0%| F|  |TS  0|AC  0|TAMS 0x00000006cfe00000, 0x00000006cfe00000|
| 231|0x00000006cff00000, 0x00000006cff00000, 0x00000006d0000000|  0%| F|  |TS  0|AC  0|TAMS 0x00000006cff00000, 0x00000006cff00000|
| 232|0x00000006d0000000, 0x00000006d0000000, 0x00000006d0100000|  0%| F|  |TS  0|AC  0|TAMS 0x00000006d0000000, 0x00000006d0000000|
| 233|0x00000006d0100000, 0x00000006d0100000, 0x00000006d0200000|  0%| F|  |TS  0|AC  0|TAMS 0x00000006d0100000, 0x00000006d0100000|
| 234|0x00000006d0200000, 0x00000006d0200000, 0x00000006d0300000|  0%| F|  |TS  0|AC  0|TAMS 0x00000006d0200000, 0x00000006d0200000|
| 235|0x00000006d0300000, 0x00000006d0300000, 0x00000006d0400000|  0%| F|  |TS  0|AC  0|TAMS 0x00000006d0300000, 0x00000006d0300000|
| 236|0x00000006d0400000, 0x00000006d0400000, 0x00000006d0500000|  0%| F|  |TS  0|AC  0|TAMS 0x00000006d0400000, 0x00000006d0400000|
| 237|0x00000006d0500000, 0x00000006d0500000, 0x00000006d0600000|  0%| F|  |TS  0|AC  0|TAMS 0x00000006d0500000, 0x00000006d0500000|
| 238|0x00000006d0600000, 0x00000006d0600000, 0x00000006d0700000|  0%| F|  |TS  0|AC  0|TAMS 0x00000006d0600000, 0x00000006d0600000|
| 239|0x00000006d0700000, 0x00000006d0700000, 0x00000006d0800000|  0%| F|  |TS  0|AC  0|TAMS 0x00000006d0700000, 0x00000006d0700000|
| 240|0x00000006d0800000, 0x00000006d0800000, 0x00000006d0900000|  0%| F|  |TS  0|AC  0|TAMS 0x00000006d0800000, 0x00000006d0800000|
| 241|0x00000006d0900000, 0x00000006d0900000, 0x00000006d0a00000|  0%| F|  |TS  0|AC  0|TAMS 0x00000006d0900000, 0x00000006d0900000|
| 242|0x00000006d0a00000, 0x00000006d0a00000, 0x00000006d0b00000|  0%| F|  |TS  0|AC  0|TAMS 0x00000006d0a00000, 0x00000006d0a00000|
| 243|0x00000006d0b00000, 0x00000006d0b00000, 0x00000006d0c00000|  0%| F|  |TS  0|AC  0|TAMS 0x00000006d0b00000, 0x00000006d0b00000|
| 244|0x00000006d0c00000, 0x00000006d0d00000, 0x00000006d0d00000|100%| E|  |TS  0|AC  0|TAMS 0x00000006d0c00000, 0x00000006d0c00000|
| 245|0x00000006d0d00000, 0x00000006d0e00000, 0x00000006d0e00000|100%| E|CS|TS  0|AC  0|TAMS 0x00000006d0d00000, 0x00000006d0d00000|
| 246|0x00000006d0e00000, 0x00000006d0f00000, 0x00000006d0f00000|100%| E|CS|TS  0|AC  0|TAMS 0x00000006d0e00000, 0x00000006d0e00000|
| 247|0x00000006d0f00000, 0x00000006d1000000, 0x00000006d1000000|100%| E|CS|TS  0|AC  0|TAMS 0x00000006d0f00000, 0x00000006d0f00000|
| 248|0x00000006d1000000, 0x00000006d1100000, 0x00000006d1100000|100%| E|CS|TS  0|AC  0|TAMS 0x00000006d1000000, 0x00000006d1000000|
| 249|0x00000006d1100000, 0x00000006d1200000, 0x00000006d1200000|100%| E|CS|TS  0|AC  0|TAMS 0x00000006d1100000, 0x00000006d1100000|
| 250|0x00000006d1200000, 0x00000006d1300000, 0x00000006d1300000|100%| E|CS|TS  0|AC  0|TAMS 0x00000006d1200000, 0x00000006d1200000|
| 251|0x00000006d1300000, 0x00000006d1400000, 0x00000006d1400000|100%| E|CS|TS  0|AC  0|TAMS 0x00000006d1300000, 0x00000006d1300000|
| 252|0x00000006d1400000, 0x00000006d1500000, 0x00000006d1500000|100%| E|CS|TS  0|AC  0|TAMS 0x00000006d1400000, 0x00000006d1400000|
| 253|0x00000006d1500000, 0x00000006d1600000, 0x00000006d1600000|100%| E|CS|TS  0|AC  0|TAMS 0x00000006d1500000, 0x00000006d1500000|
| 254|0x00000006d1600000, 0x00000006d1700000, 0x00000006d1700000|100%| E|CS|TS  0|AC  0|TAMS 0x00000006d1600000, 0x00000006d1600000|
| 255|0x00000006d1700000, 0x00000006d1800000, 0x00000006d1800000|100%| E|CS|TS  0|AC  0|TAMS 0x00000006d1700000, 0x00000006d1700000|

Card table byte_map: [0x00000253254a0000,0x0000025325ca0000] byte_map_base: 0x0000025321e94000

Marking Bits (Prev, Next): (CMBitMap*) 0x000002532e4684f0, (CMBitMap*) 0x000002532e468528
 Prev Bits: [0x00000253264a0000, 0x000002532a440000)
 Next Bits: [0x000002532a440000, 0x000002532e3e0000)

Polling page: 0x00000253068d0000

CodeHeap 'non-profiled nmethods': size=120000Kb used=216Kb max_used=216Kb free=119783Kb
 bounds [0x000002531c4f0000, 0x000002531c760000, 0x0000025323a20000]
CodeHeap 'profiled nmethods': size=120000Kb used=1120Kb max_used=1120Kb free=118879Kb
 bounds [0x0000025314fc0000, 0x0000025315230000, 0x000002531c4f0000]
CodeHeap 'non-nmethods': size=5760Kb used=1278Kb max_used=1293Kb free=4481Kb
 bounds [0x0000025314a20000, 0x0000025314c90000, 0x0000025314fc0000]
 total_blobs=1289 nmethods=701 adapters=375
 compilation: enabled

Compilation events (10 events):
Event: 1.547 Thread 0x00000253318ee800  694       1       java.lang.reflect.Field::getModifiers (5 bytes)
Event: 1.547 Thread 0x00000253318ee800 nmethod 694 0x000002531c525a90 code [0x000002531c525c40, 0x000002531c525d58]
Event: 1.553 Thread 0x00000253318ee800  695       3       java.util.Objects::requireNonNull (15 bytes)
Event: 1.553 Thread 0x00000253318ee800 nmethod 695 0x00000253150d4390 code [0x00000253150d4540, 0x00000253150d4770]
Event: 1.553 Thread 0x00000253318ee800  697       3       jdk.internal.org.objectweb.asm.MethodWriter::noSuccessor (87 bytes)
Event: 1.554 Thread 0x00000253318ee800 nmethod 697 0x00000253150d4890 code [0x00000253150d4a80, 0x00000253150d50f0]
Event: 1.554 Thread 0x00000253318ee800  698       3       jdk.internal.org.objectweb.asm.MethodWriter::visitLabel (281 bytes)
Event: 1.554 Thread 0x00000253318ee800 nmethod 698 0x00000253150d5310 code [0x00000253150d5540, 0x00000253150d60b0]
Event: 1.554 Thread 0x00000253318ee800  696       3       sun.invoke.util.VerifyAccess::isClassAccessible (182 bytes)
Event: 1.556 Thread 0x00000253318ee800 nmethod 696 0x00000253150d6310 code [0x00000253150d6620, 0x00000253150d7a80]

GC Heap History (0 events):
No events

Deoptimization events (2 events):
Event: 0.215 Thread 0x0000025308a71000 Uncommon trap: reason=unstable_if action=reinterpret pc=0x000002531c4fba9c method=java.lang.String.charAt(I)C @ 4 c2
Event: 0.877 Thread 0x0000025308a71000 Uncommon trap: reason=unstable_if action=reinterpret pc=0x000002531c525724 method=org.rosuda.JRI.Rengine.<init>([Ljava/lang/String;ZLorg/rosuda/JRI/RMainLoopCallbacks;)V @ 78 c2

Classes redefined (0 events):
No events

Internal exceptions (10 events):
Event: 0.501 Thread 0x0000025308a71000 Exception <a 'java/lang/NoSuchMethodError'{0x00000006d10cc570}: java.lang.invoke.DirectMethodHandle$Holder.invokeSpecial(Ljava/lang/Object;Ljava/lang/Object;)V> (0x00000006d10cc570) thrown at [t:/workspace/hotspot/src/share/vm/interpreter/linkResolver.cpp
Event: 0.514 Thread 0x0000025308a71000 Exception <a 'java/lang/NoSuchMethodError'{0x00000006d0e113f8}: method resolution failed> (0x00000006d0e113f8) thrown at [t:/workspace/hotspot/src/share/vm/prims/methodHandles.cpp, line 1256]
Event: 0.515 Thread 0x0000025308a71000 Exception <a 'java/lang/NoSuchMethodError'{0x00000006d0e17eb8}: java.lang.invoke.DirectMethodHandle$Holder.invokeStatic(Ljava/lang/Object;Ljava/lang/Object;ILjava/lang/Object;)Ljava/lang/Object;> (0x00000006d0e17eb8) thrown at [t:/workspace/hotspot/src/sh
Event: 0.516 Thread 0x0000025308a71000 Exception <a 'java/lang/NoSuchMethodError'{0x00000006d0e1b5d0}: method resolution failed> (0x00000006d0e1b5d0) thrown at [t:/workspace/hotspot/src/share/vm/prims/methodHandles.cpp, line 1256]
Event: 0.516 Thread 0x0000025308a71000 Exception <a 'java/lang/NoSuchMethodError'{0x00000006d0e21898}: method resolution failed> (0x00000006d0e21898) thrown at [t:/workspace/hotspot/src/share/vm/prims/methodHandles.cpp, line 1256]
Event: 0.590 Thread 0x000002533228d800 Exception <a 'java/lang/NoSuchMethodError'{0x00000006d0d34320}: java.lang.invoke.DirectMethodHandle$Holder.invokeStaticInit(Ljava/lang/Object;)V> (0x00000006d0d34320) thrown at [t:/workspace/hotspot/src/share/vm/interpreter/linkResolver.cpp, line 731]
Event: 0.592 Thread 0x0000025308a71000 Exception <a 'java/lang/NoSuchMethodError'{0x00000006d0e281b0}: method resolution failed> (0x00000006d0e281b0) thrown at [t:/workspace/hotspot/src/share/vm/prims/methodHandles.cpp, line 1256]
Event: 1.548 Thread 0x0000025308a71000 Exception <a 'java/lang/NoClassDefFoundError'{0x00000006d0e5ed80}: RJavaClassLoader> (0x00000006d0e5ed80) thrown at [t:/workspace/hotspot/src/share/vm/classfile/systemDictionary.cpp, line 207]
Event: 1.548 Thread 0x0000025308a71000 Exception <a 'java/lang/NoClassDefFoundError'{0x00000006d0e5f948}: RJavaClassLoader> (0x00000006d0e5f948) thrown at [t:/workspace/hotspot/src/share/vm/classfile/systemDictionary.cpp, line 207]
Event: 1.556 Thread 0x0000025308a71000 Exception <a 'java/lang/IllegalArgumentException'{0x00000006d0e70070}: object is not an instance of declaring class> (0x00000006d0e70070) thrown at [t:/workspace/hotspot/src/share/vm/runtime/reflection.cpp, line 1075]

Events (10 events):
Event: 1.548 loading class RJavaClassLoader
Event: 1.548 loading class RJavaClassLoader done
Event: 1.548 loading class RJavaClassLoader
Event: 1.548 loading class RJavaClassLoader done
Event: 1.551 loading class java/net/URLClassLoader$7
Event: 1.551 loading class jdk/internal/misc/JavaNetURLClassLoaderAccess
Event: 1.551 loading class jdk/internal/misc/JavaNetURLClassLoaderAccess done
Event: 1.551 loading class java/net/URLClassLoader$7 done
Event: 1.553 loading class java/util/StringJoiner
Event: 1.553 loading class java/util/StringJoiner done


Dynamic libraries:
0x00007ff69ff20000 - 0x00007ff69ff5e000 	C:\Program Files\Java\jdk-9.0.4\bin\java.exe
0x00007ffd4e520000 - 0x00007ffd4e700000 	C:\WINDOWS\SYSTEM32\ntdll.dll
0x00007ffd4e440000 - 0x00007ffd4e4ee000 	C:\WINDOWS\System32\KERNEL32.DLL
0x00007ffd4ad60000 - 0x00007ffd4afc6000 	C:\WINDOWS\System32\KERNELBASE.dll
0x00007ffd4ccf0000 - 0x00007ffd4cd91000 	C:\WINDOWS\System32\ADVAPI32.dll
0x00007ffd4bff0000 - 0x00007ffd4c08d000 	C:\WINDOWS\System32\msvcrt.dll
0x00007ffd4b9f0000 - 0x00007ffd4ba4b000 	C:\WINDOWS\System32\sechost.dll
0x00007ffd4c0f0000 - 0x00007ffd4c20f000 	C:\WINDOWS\System32\RPCRT4.dll
0x00007ffd4be50000 - 0x00007ffd4bfdf000 	C:\WINDOWS\System32\USER32.dll
0x00007ffd4afd0000 - 0x00007ffd4aff0000 	C:\WINDOWS\System32\win32u.dll
0x00007ffd4c730000 - 0x00007ffd4c758000 	C:\WINDOWS\System32\GDI32.dll
0x00007ffd4b7f0000 - 0x00007ffd4b983000 	C:\WINDOWS\System32\gdi32full.dll
0x00007ffd4ac70000 - 0x00007ffd4ad0b000 	C:\WINDOWS\System32\msvcp_win.dll
0x00007ffd4a9a0000 - 0x00007ffd4aa96000 	C:\WINDOWS\System32\ucrtbase.dll
0x00007ffd3af70000 - 0x00007ffd3b1d9000 	C:\WINDOWS\WinSxS\amd64_microsoft.windows.common-controls_6595b64144ccf1df_6.0.16299.192_none_15c8cdae9364c23b\COMCTL32.dll
0x00007ffd43560000 - 0x00007ffd4356a000 	C:\WINDOWS\SYSTEM32\VERSION.dll
0x00007ffd4c380000 - 0x00007ffd4c688000 	C:\WINDOWS\System32\combase.dll
0x00007ffd4a920000 - 0x00007ffd4a992000 	C:\WINDOWS\System32\bcryptPrimitives.dll
0x00007ffd4e3f0000 - 0x00007ffd4e41d000 	C:\WINDOWS\System32\IMM32.DLL
0x00007ffd45a10000 - 0x00007ffd45aff000 	C:\Program Files\Java\jdk-9.0.4\bin\msvcr120.dll
0x00007ffd45960000 - 0x00007ffd45a06000 	C:\Program Files\Java\jdk-9.0.4\bin\msvcp120.dll
0x0000000053f30000 - 0x0000000054955000 	C:\Program Files\Java\jdk-9.0.4\bin\server\jvm.dll
0x00007ffd4cda0000 - 0x00007ffd4cda8000 	C:\WINDOWS\System32\PSAPI.DLL
0x00007ffd45be0000 - 0x00007ffd45c03000 	C:\WINDOWS\SYSTEM32\WINMM.dll
0x00007ffd3c510000 - 0x00007ffd3c519000 	C:\WINDOWS\SYSTEM32\WSOCK32.dll
0x00007ffd4cc80000 - 0x00007ffd4ccec000 	C:\WINDOWS\System32\WS2_32.dll
0x00007ffd45b80000 - 0x00007ffd45baa000 	C:\WINDOWS\SYSTEM32\WINMMBASE.dll
0x00007ffd4ad10000 - 0x00007ffd4ad5a000 	C:\WINDOWS\System32\cfgmgr32.dll
0x00007ffd47860000 - 0x00007ffd4786f000 	C:\Program Files\Java\jdk-9.0.4\bin\verify.dll
0x00007ffd45930000 - 0x00007ffd45957000 	C:\Program Files\Java\jdk-9.0.4\bin\java.dll
0x00007ffd3a7b0000 - 0x00007ffd3a7da000 	C:\Program Files\Java\jdk-9.0.4\bin\instrument.dll
0x00007ffd45910000 - 0x00007ffd45926000 	C:\Program Files\Java\jdk-9.0.4\bin\zip.dll
0x00007ffd47850000 - 0x00007ffd4785a000 	C:\Program Files\Java\jdk-9.0.4\bin\jimage.dll
0x00007ffd4cdb0000 - 0x00007ffd4e1e6000 	C:\WINDOWS\System32\SHELL32.dll
0x00007ffd4bd40000 - 0x00007ffd4bde6000 	C:\WINDOWS\System32\shcore.dll
0x00007ffd4aff0000 - 0x00007ffd4b737000 	C:\WINDOWS\System32\windows.storage.dll
0x00007ffd4c090000 - 0x00007ffd4c0e1000 	C:\WINDOWS\System32\shlwapi.dll
0x00007ffd4a890000 - 0x00007ffd4a8a1000 	C:\WINDOWS\System32\kernel.appcore.dll
0x00007ffd4a8b0000 - 0x00007ffd4a8fc000 	C:\WINDOWS\System32\powrprof.dll
0x00007ffd4a900000 - 0x00007ffd4a91b000 	C:\WINDOWS\System32\profapi.dll
0x00007ffd41080000 - 0x00007ffd4109a000 	C:\Program Files\Java\jdk-9.0.4\bin\net.dll
0x00007ffd46e10000 - 0x00007ffd46eee000 	C:\WINDOWS\SYSTEM32\WINHTTP.dll
0x00007ffd4a100000 - 0x00007ffd4a166000 	C:\WINDOWS\system32\mswsock.dll
0x00007ffd38ff0000 - 0x00007ffd39001000 	C:\Program Files\Java\jdk-9.0.4\bin\nio.dll
0x00007ffd458b0000 - 0x00007ffd458ca000 	C:\Program Files\JetBrains\IntelliJ IDEA Community Edition 2017.3.3\bin\breakgen64.dll
0x0000025332690000 - 0x0000025332693000 	C:\Program Files\Java\jdk-9.0.4\bin\api-ms-win-core-console-l1-1-0.dll
0x00000253326a0000 - 0x00000253326a3000 	C:\Program Files\Java\jdk-9.0.4\bin\api-ms-win-core-datetime-l1-1-0.dll
0x00000253326b0000 - 0x00000253326b3000 	C:\Program Files\Java\jdk-9.0.4\bin\api-ms-win-core-debug-l1-1-0.dll
0x00000253326c0000 - 0x00000253326c3000 	C:\Program Files\Java\jdk-9.0.4\bin\api-ms-win-core-errorhandling-l1-1-0.dll
0x00000253326d0000 - 0x00000253326d4000 	C:\Program Files\Java\jdk-9.0.4\bin\api-ms-win-core-file-l1-1-0.dll
0x00000253326e0000 - 0x00000253326e3000 	C:\Program Files\Java\jdk-9.0.4\bin\api-ms-win-core-file-l1-2-0.dll
0x00000253326f0000 - 0x00000253326f3000 	C:\Program Files\Java\jdk-9.0.4\bin\api-ms-win-core-file-l2-1-0.dll
0x0000025332700000 - 0x0000025332703000 	C:\Program Files\Java\jdk-9.0.4\bin\api-ms-win-core-handle-l1-1-0.dll
0x0000025332710000 - 0x0000025332713000 	C:\Program Files\Java\jdk-9.0.4\bin\api-ms-win-core-heap-l1-1-0.dll
0x0000025332720000 - 0x0000025332723000 	C:\Program Files\Java\jdk-9.0.4\bin\api-ms-win-core-interlocked-l1-1-0.dll
0x0000025332730000 - 0x0000025332733000 	C:\Program Files\Java\jdk-9.0.4\bin\api-ms-win-core-libraryloader-l1-1-0.dll
0x0000025332740000 - 0x0000025332743000 	C:\Program Files\Java\jdk-9.0.4\bin\api-ms-win-core-localization-l1-2-0.dll
0x0000025332750000 - 0x0000025332753000 	C:\Program Files\Java\jdk-9.0.4\bin\api-ms-win-core-memory-l1-1-0.dll
0x0000025332760000 - 0x0000025332763000 	C:\Program Files\Java\jdk-9.0.4\bin\api-ms-win-core-namedpipe-l1-1-0.dll
0x0000025332770000 - 0x0000025332773000 	C:\Program Files\Java\jdk-9.0.4\bin\api-ms-win-core-processenvironment-l1-1-0.dll
0x0000025332780000 - 0x0000025332783000 	C:\Program Files\Java\jdk-9.0.4\bin\api-ms-win-core-processthreads-l1-1-0.dll
0x0000025332790000 - 0x0000025332793000 	C:\Program Files\Java\jdk-9.0.4\bin\api-ms-win-core-processthreads-l1-1-1.dll
0x00000253327a0000 - 0x00000253327a3000 	C:\Program Files\Java\jdk-9.0.4\bin\api-ms-win-core-profile-l1-1-0.dll
0x00000253327b0000 - 0x00000253327b3000 	C:\Program Files\Java\jdk-9.0.4\bin\api-ms-win-core-rtlsupport-l1-1-0.dll
0x00000253327c0000 - 0x00000253327c3000 	C:\Program Files\Java\jdk-9.0.4\bin\api-ms-win-core-string-l1-1-0.dll
0x00000253327d0000 - 0x00000253327d3000 	C:\Program Files\Java\jdk-9.0.4\bin\api-ms-win-core-synch-l1-1-0.dll
0x00000253327e0000 - 0x00000253327e3000 	C:\Program Files\Java\jdk-9.0.4\bin\api-ms-win-core-synch-l1-2-0.dll
0x00000253327f0000 - 0x00000253327f3000 	C:\Program Files\Java\jdk-9.0.4\bin\api-ms-win-core-sysinfo-l1-1-0.dll
0x0000025332800000 - 0x0000025332803000 	C:\Program Files\Java\jdk-9.0.4\bin\api-ms-win-core-timezone-l1-1-0.dll
0x0000025332810000 - 0x0000025332813000 	C:\Program Files\Java\jdk-9.0.4\bin\api-ms-win-core-util-l1-1-0.dll
0x0000025332820000 - 0x0000025332823000 	C:\Program Files\Java\jdk-9.0.4\bin\api-ms-win-crt-conio-l1-1-0.dll
0x0000025332830000 - 0x0000025332834000 	C:\Program Files\Java\jdk-9.0.4\bin\api-ms-win-crt-convert-l1-1-0.dll
0x0000025332840000 - 0x0000025332843000 	C:\Program Files\Java\jdk-9.0.4\bin\api-ms-win-crt-environment-l1-1-0.dll
0x0000025332850000 - 0x0000025332853000 	C:\Program Files\Java\jdk-9.0.4\bin\api-ms-win-crt-filesystem-l1-1-0.dll
0x0000025332860000 - 0x0000025332863000 	C:\Program Files\Java\jdk-9.0.4\bin\api-ms-win-crt-heap-l1-1-0.dll
0x0000025332870000 - 0x0000025332873000 	C:\Program Files\Java\jdk-9.0.4\bin\api-ms-win-crt-locale-l1-1-0.dll
0x0000025332880000 - 0x0000025332885000 	C:\Program Files\Java\jdk-9.0.4\bin\api-ms-win-crt-math-l1-1-0.dll
0x0000025332890000 - 0x0000025332895000 	C:\Program Files\Java\jdk-9.0.4\bin\api-ms-win-crt-multibyte-l1-1-0.dll
0x00000253328a0000 - 0x00000253328b0000 	C:\Program Files\Java\jdk-9.0.4\bin\api-ms-win-crt-private-l1-1-0.dll
0x00000253328b0000 - 0x00000253328b3000 	C:\Program Files\Java\jdk-9.0.4\bin\api-ms-win-crt-process-l1-1-0.dll
0x00000253328c0000 - 0x00000253328c4000 	C:\Program Files\Java\jdk-9.0.4\bin\api-ms-win-crt-runtime-l1-1-0.dll
0x00000253328d0000 - 0x00000253328d4000 	C:\Program Files\Java\jdk-9.0.4\bin\api-ms-win-crt-stdio-l1-1-0.dll
0x00000253328e0000 - 0x00000253328e4000 	C:\Program Files\Java\jdk-9.0.4\bin\api-ms-win-crt-string-l1-1-0.dll
0x00000253328f0000 - 0x00000253328f3000 	C:\Program Files\Java\jdk-9.0.4\bin\api-ms-win-crt-time-l1-1-0.dll
0x0000025332900000 - 0x0000025332903000 	C:\Program Files\Java\jdk-9.0.4\bin\api-ms-win-crt-utility-l1-1-0.dll
0x00007ffd1cc60000 - 0x00007ffd1cd56000 	C:\Program Files\Java\jdk-9.0.4\bin\ucrtbase.dll
0x00007ffd37640000 - 0x00007ffd37656000 	C:\Program Files\Java\jdk-9.0.4\bin\vcruntime140.dll
0x00007ffd1e510000 - 0x00007ffd1e5ac000 	C:\Program Files\Java\jdk-9.0.4\bin\msvcp140.dll
0x00007ffd27bd0000 - 0x00007ffd27c21000 	C:\Program Files\Java\jdk-9.0.4\bin\concrt140.dll
0x00007ffd2f880000 - 0x00007ffd2f8a3000 	C:\Program Files\Java\jdk-9.0.4\bin\prism_d3d.dll
0x00007ffd1b310000 - 0x00007ffd1b4a5000 	C:\WINDOWS\system32\d3d9.dll
0x00007ffd48d10000 - 0x00007ffd48d3a000 	C:\WINDOWS\SYSTEM32\dwmapi.dll
0x00007ffd48a50000 - 0x00007ffd48ae5000 	C:\WINDOWS\system32\uxtheme.dll
0x00007ffd43570000 - 0x00007ffd4374a000 	C:\WINDOWS\System32\DriverStore\FileRepository\c0318486.inf_amd64_11ba0b4b7cc81d52\aticfx64.dll
0x00007ffd1fb90000 - 0x00007ffd1fbc2000 	C:\WINDOWS\System32\DriverStore\FileRepository\c0318486.inf_amd64_11ba0b4b7cc81d52\atiu9p64.dll
0x00007ffcfb640000 - 0x00007ffcfc17c000 	C:\WINDOWS\System32\DriverStore\FileRepository\c0318486.inf_amd64_11ba0b4b7cc81d52\atiumd64.dll
0x00007ffd4bbe0000 - 0x00007ffd4bd29000 	C:\WINDOWS\System32\ole32.dll
0x00000000765b0000 - 0x0000000077243000 	C:\WINDOWS\System32\DriverStore\FileRepository\c0318486.inf_amd64_11ba0b4b7cc81d52\atiumd6a.dll
0x00007ffd42660000 - 0x00007ffd42680000 	C:\WINDOWS\SYSTEM32\amdihk64.dll
0x000000000f000000 - 0x000000000f006000 	C:\WINDOWS\SYSTEM32\detoured.dll
0x00007ffd1cc10000 - 0x00007ffd1cc5a000 	C:\Program Files\Java\jdk-9.0.4\bin\glass.dll
0x00007ffd4ba50000 - 0x00007ffd4bb5a000 	C:\WINDOWS\System32\COMDLG32.dll
0x00007ffd4cbb0000 - 0x00007ffd4cc75000 	C:\WINDOWS\System32\OLEAUT32.dll
0x00007ffd4c210000 - 0x00007ffd4c377000 	C:\WINDOWS\System32\MSCTF.dll
0x0000000062d80000 - 0x0000000062d97000 	C:\Users\John Doe\Documents\R\win-library\3.4\rJava\jri\x64\jri.dll
0x000000006c700000 - 0x000000006e597000 	C:\Program Files\R\R-3.4.3\bin\x64\R.dll
0x0000000064e80000 - 0x0000000064ed2000 	C:\Program Files\R\R-3.4.3\bin\x64\Rblas.dll
0x0000000063540000 - 0x00000000635a1000 	C:\Program Files\R\R-3.4.3\bin\x64\Rgraphapp.dll
0x00000000641c0000 - 0x00000000641d6000 	C:\Program Files\R\R-3.4.3\bin\x64\Riconv.dll
0x00007ffd41b90000 - 0x00007ffd41b97000 	C:\WINDOWS\SYSTEM32\MSIMG32.dll
0x0000000064a40000 - 0x0000000064a53000 	C:\Program Files\R\R-3.4.3\library\methods\libs\x64\methods.dll
0x000000006e5c0000 - 0x000000006e5ea000 	C:\Program Files\R\R-3.4.3\library\utils\libs\x64\utils.dll
0x000000006fc80000 - 0x000000006fd8b000 	C:\Program Files\R\R-3.4.3\library\grDevices\libs\x64\grDevices.dll
0x0000000063740000 - 0x0000000063788000 	C:\Program Files\R\R-3.4.3\library\graphics\libs\x64\graphics.dll
0x0000000071100000 - 0x00000000711aa000 	C:\Program Files\R\R-3.4.3\library\stats\libs\x64\stats.dll
0x00000000008c0000 - 0x0000000000b80000 	C:\Program Files\R\R-3.4.3\bin\x64\Rlapack.dll
0x0000000066900000 - 0x0000000066917000 	C:\Program Files\R\R-3.4.3\library\randomForest\libs\x64\randomForest.dll
0x0000000064080000 - 0x0000000064096000 	C:\Program Files\R\R-3.4.3\library\rJava\libs\x64\rJava.dll
0x00007ffd3c6a0000 - 0x00007ffd3c868000 	C:\WINDOWS\SYSTEM32\dbghelp.dll

VM Arguments:
jvm_args: -Djava.library.path=C:\Users\John Doe\Documents\R\win-library\3.4\rJava\jri\x64 -javaagent:C:\Program Files\JetBrains\IntelliJ IDEA Community Edition 2017.3.3\lib\idea_rt.jar=57713:C:\Program Files\JetBrains\IntelliJ IDEA Community Edition 2017.3.3\bin -Dfile.encoding=UTF-8 
java_command: sample.Main
java_class_path (initial): D:\Coding\Mockup\out\production\Mockup;D:\Coding\Mockup\lib\JRI.jar
Launcher Type: SUN_STANDARD

Logging:
Log output configuration:
#0: stdout all=warning uptime,level,tags
#1: stderr all=off uptime,level,tags

Environment Variables:
JAVA_HOME=C:\\Program Files\\Java\\jre1.8.0_161\\
PATH=C:/Program Files/R/R-3.4.3/bin/x64
USERNAME=John Doe
OS=Windows_NT
PROCESSOR_IDENTIFIER=AMD64 Family 21 Model 2 Stepping 0, AuthenticAMD



---------------  S Y S T E M  ---------------

OS: Windows 10 , 64 bit Build 16299 (10.0.16299.15)

CPU:total 8 (initial active 8) (8 cores per cpu, 1 threads per core) family 21 model 2 stepping 0, cmov, cx8, fxsr, mmx, sse, sse2, sse3, ssse3, sse4.1, sse4.2, popcnt, avx, aes, clmul, mmxext, 3dnowpref, lzcnt, sse4a, tsc, tscinvbit, tscinv, bmi1

Memory: 4k page, physical 16671472k(6993016k free), swap 19161840k(2501540k free)

vm_info: Java HotSpot(TM) 64-Bit Server VM (9.0.4+11) for windows-amd64 JRE (9.0.4+11), built on Dec 20 2017 02:18:54 by "mach5one" with MS VC++ 12.0 (VS2013)

END.
